Removed Pin From Net: NetName=NetJ1_3 Pin=R2_C1-1
Removed Pin From Net: NetName=NetJ1_2 Pin=R2_C2-1
Removed Pin From Net: NetName=NetJ1_3 Pin=T1_C1-3
Removed Pin From Net: NetName=NetJ1_2 Pin=T1_C2-3
Added Pin To Net: NetName=NetJ1_2 Pin=U1-26
Added Pin To Net: NetName=NetJ1_3 Pin=U1-27
Change Net Name : Old Net Name=GND New Net Name=MOD_S1
Change Net Name : Old Net Name=NetC9_S1_1 New Net Name=C_OUT_S1
Change Net Name : Old Net Name=NetC9_S1_2 New Net Name=C_IN_S1
Change Net Name : Old Net Name=NetC9_S2_1 New Net Name=C_OUT_S2
Change Net Name : Old Net Name=NetC9_S2_2 New Net Name=C_IN_S2
Change Net Name : Old Net Name=NetC9_S3_1 New Net Name=C_OUT_S3
Change Net Name : Old Net Name=NetC9_S3_2 New Net Name=C_IN_S3
Change Net Name : Old Net Name=NetC9_S4_1 New Net Name=C_OUT_S4
Change Net Name : Old Net Name=NetC9_S4_2 New Net Name=C_IN_S4
Change Net Name : Old Net Name=NetC9_S5_1 New Net Name=C_OUT_S5
Change Net Name : Old Net Name=NetC9_S5_2 New Net Name=C_IN_S5
Change Net Name : Old Net Name=NetC9_S6_1 New Net Name=C_OUT_S6
Change Net Name : Old Net Name=NetC9_S6_2 New Net Name=C_IN_S6
Change Net Name : Old Net Name=NetC9_S7_1 New Net Name=C_OUT_S7
Change Net Name : Old Net Name=NetC9_S7_2 New Net Name=C_IN_S7
Change Net Name : Old Net Name=NetC9_S8_1 New Net Name=C_OUT_S8
Change Net Name : Old Net Name=NetC9_S8_2 New Net Name=C_IN_S8
Change Net Name : Old Net Name=NetU1_S1_5 New Net Name=DMD_OUT_S1
Change Net Name : Old Net Name=NetU1_S2_5 New Net Name=DMD_OUT_S2
Change Net Name : Old Net Name=NetU1_S3_5 New Net Name=DMD_OUT_S3
Change Net Name : Old Net Name=NetU1_S4_5 New Net Name=DMD_OUT_S4
Change Net Name : Old Net Name=NetU1_S5_5 New Net Name=DMD_OUT_S5
Change Net Name : Old Net Name=NetU1_S6_5 New Net Name=DMD_OUT_S6
Change Net Name : Old Net Name=NetU1_S7_5 New Net Name=DMD_OUT_S7
Change Net Name : Old Net Name=NetU1_S8_5 New Net Name=DMD_OUT_S8
Change Class Name : Old Net Name=Sheet2 New Net Name=Master
Added Class: Name=Slave
