Change Component Designator: OldDesignator=C1_RFID1 NewDesignator=C1_R1
Change Component Designator: OldDesignator=C1_RFID2 NewDesignator=C1_R2
Change Component Designator: OldDesignator=C1_RFID3 NewDesignator=C1_R3
Change Component Designator: OldDesignator=C1_RFID4 NewDesignator=C1_R4
Change Component Designator: OldDesignator=C1_RFID5 NewDesignator=C1_R5
Change Component Designator: OldDesignator=C1_RFID6 NewDesignator=C1_R6
Change Component Designator: OldDesignator=C1_RFID7 NewDesignator=C1_R7
Change Component Designator: OldDesignator=C1_RFID8 NewDesignator=C1_R8
Change Component Designator: OldDesignator=C2_RFID1 NewDesignator=C2_R1
Change Component Designator: OldDesignator=C2_RFID2 NewDesignator=C2_R2
Change Component Designator: OldDesignator=C2_RFID3 NewDesignator=C2_R3
Change Component Designator: OldDesignator=C2_RFID4 NewDesignator=C2_R4
Change Component Designator: OldDesignator=C2_RFID5 NewDesignator=C2_R5
Change Component Designator: OldDesignator=C2_RFID6 NewDesignator=C2_R6
Change Component Designator: OldDesignator=C2_RFID7 NewDesignator=C2_R7
Change Component Designator: OldDesignator=C2_RFID8 NewDesignator=C2_R8
Change Component Designator: OldDesignator=C3_RFID1 NewDesignator=C3_R1
Change Component Designator: OldDesignator=C3_RFID2 NewDesignator=C3_R2
Change Component Designator: OldDesignator=C3_RFID3 NewDesignator=C3_R3
Change Component Designator: OldDesignator=C3_RFID4 NewDesignator=C3_R4
Change Component Designator: OldDesignator=C3_RFID5 NewDesignator=C3_R5
Change Component Designator: OldDesignator=C3_RFID6 NewDesignator=C3_R6
Change Component Designator: OldDesignator=C3_RFID7 NewDesignator=C3_R7
Change Component Designator: OldDesignator=C3_RFID8 NewDesignator=C3_R8
Change Component Designator: OldDesignator=C4_RFID1 NewDesignator=C4_R1
Change Component Designator: OldDesignator=C4_RFID2 NewDesignator=C4_R2
Change Component Designator: OldDesignator=C4_RFID3 NewDesignator=C4_R3
Change Component Designator: OldDesignator=C4_RFID4 NewDesignator=C4_R4
Change Component Designator: OldDesignator=C4_RFID5 NewDesignator=C4_R5
Change Component Designator: OldDesignator=C4_RFID6 NewDesignator=C4_R6
Change Component Designator: OldDesignator=C4_RFID7 NewDesignator=C4_R7
Change Component Designator: OldDesignator=C4_RFID8 NewDesignator=C4_R8
Change Component Designator: OldDesignator=C5_RFID1 NewDesignator=C5_R1
Change Component Designator: OldDesignator=C5_RFID2 NewDesignator=C5_R2
Change Component Designator: OldDesignator=C5_RFID3 NewDesignator=C5_R3
Change Component Designator: OldDesignator=C5_RFID4 NewDesignator=C5_R4
Change Component Designator: OldDesignator=C5_RFID5 NewDesignator=C5_R5
Change Component Designator: OldDesignator=C5_RFID6 NewDesignator=C5_R6
Change Component Designator: OldDesignator=C5_RFID7 NewDesignator=C5_R7
Change Component Designator: OldDesignator=C5_RFID8 NewDesignator=C5_R8
Change Component Designator: OldDesignator=C6_RFID1 NewDesignator=C6_R1
Change Component Designator: OldDesignator=C6_RFID2 NewDesignator=C6_R2
Change Component Designator: OldDesignator=C6_RFID3 NewDesignator=C6_R3
Change Component Designator: OldDesignator=C6_RFID4 NewDesignator=C6_R4
Change Component Designator: OldDesignator=C6_RFID5 NewDesignator=C6_R5
Change Component Designator: OldDesignator=C6_RFID6 NewDesignator=C6_R6
Change Component Designator: OldDesignator=C6_RFID7 NewDesignator=C6_R7
Change Component Designator: OldDesignator=C6_RFID8 NewDesignator=C6_R8
Change Component Designator: OldDesignator=C7_RFID1 NewDesignator=C7_R1
Change Component Designator: OldDesignator=C7_RFID2 NewDesignator=C7_R2
Change Component Designator: OldDesignator=C7_RFID3 NewDesignator=C7_R3
Change Component Designator: OldDesignator=C7_RFID4 NewDesignator=C7_R4
Change Component Designator: OldDesignator=C7_RFID5 NewDesignator=C7_R5
Change Component Designator: OldDesignator=C7_RFID6 NewDesignator=C7_R6
Change Component Designator: OldDesignator=C7_RFID7 NewDesignator=C7_R7
Change Component Designator: OldDesignator=C7_RFID8 NewDesignator=C7_R8
Change Component Designator: OldDesignator=C8_RFID1 NewDesignator=C8_R1
Change Component Designator: OldDesignator=C8_RFID2 NewDesignator=C8_R2
Change Component Designator: OldDesignator=C8_RFID3 NewDesignator=C8_R3
Change Component Designator: OldDesignator=C8_RFID4 NewDesignator=C8_R4
Change Component Designator: OldDesignator=C8_RFID5 NewDesignator=C8_R5
Change Component Designator: OldDesignator=C8_RFID6 NewDesignator=C8_R6
Change Component Designator: OldDesignator=C8_RFID7 NewDesignator=C8_R7
Change Component Designator: OldDesignator=C8_RFID8 NewDesignator=C8_R8
Change Component Designator: OldDesignator=C9_RFID1 NewDesignator=C9_R1
Change Component Designator: OldDesignator=C9_RFID2 NewDesignator=C9_R2
Change Component Designator: OldDesignator=C9_RFID3 NewDesignator=C9_R3
Change Component Designator: OldDesignator=C9_RFID4 NewDesignator=C9_R4
Change Component Designator: OldDesignator=C9_RFID5 NewDesignator=C9_R5
Change Component Designator: OldDesignator=C9_RFID6 NewDesignator=C9_R6
Change Component Designator: OldDesignator=C9_RFID7 NewDesignator=C9_R7
Change Component Designator: OldDesignator=C9_RFID8 NewDesignator=C9_R8
Change Component Designator: OldDesignator=C10_RFID1 NewDesignator=C10_R1
Change Component Designator: OldDesignator=C10_RFID2 NewDesignator=C10_R2
Change Component Designator: OldDesignator=C10_RFID3 NewDesignator=C10_R3
Change Component Designator: OldDesignator=C10_RFID4 NewDesignator=C10_R4
Change Component Designator: OldDesignator=C10_RFID5 NewDesignator=C10_R5
Change Component Designator: OldDesignator=C10_RFID6 NewDesignator=C10_R6
Change Component Designator: OldDesignator=C10_RFID7 NewDesignator=C10_R7
Change Component Designator: OldDesignator=C10_RFID8 NewDesignator=C10_R8
Change Component Designator: OldDesignator=C11_RFID1 NewDesignator=C11_R1
Change Component Designator: OldDesignator=C11_RFID2 NewDesignator=C11_R2
Change Component Designator: OldDesignator=C11_RFID3 NewDesignator=C11_R3
Change Component Designator: OldDesignator=C11_RFID4 NewDesignator=C11_R4
Change Component Designator: OldDesignator=C11_RFID5 NewDesignator=C11_R5
Change Component Designator: OldDesignator=C11_RFID6 NewDesignator=C11_R6
Change Component Designator: OldDesignator=C11_RFID7 NewDesignator=C11_R7
Change Component Designator: OldDesignator=C11_RFID8 NewDesignator=C11_R8
Change Component Designator: OldDesignator=DL1_RFID1 NewDesignator=DL1_R1
Change Component Designator: OldDesignator=DL1_RFID2 NewDesignator=DL1_R2
Change Component Designator: OldDesignator=DL1_RFID3 NewDesignator=DL1_R3
Change Component Designator: OldDesignator=DL1_RFID4 NewDesignator=DL1_R4
Change Component Designator: OldDesignator=DL1_RFID5 NewDesignator=DL1_R5
Change Component Designator: OldDesignator=DL1_RFID6 NewDesignator=DL1_R6
Change Component Designator: OldDesignator=DL1_RFID7 NewDesignator=DL1_R7
Change Component Designator: OldDesignator=DL1_RFID8 NewDesignator=DL1_R8
Change Component Designator: OldDesignator=DL2_RFID1 NewDesignator=DL2_R1
Change Component Designator: OldDesignator=DL2_RFID2 NewDesignator=DL2_R2
Change Component Designator: OldDesignator=DL2_RFID3 NewDesignator=DL2_R3
Change Component Designator: OldDesignator=DL2_RFID4 NewDesignator=DL2_R4
Change Component Designator: OldDesignator=DL2_RFID5 NewDesignator=DL2_R5
Change Component Designator: OldDesignator=DL2_RFID6 NewDesignator=DL2_R6
Change Component Designator: OldDesignator=DL2_RFID7 NewDesignator=DL2_R7
Change Component Designator: OldDesignator=DL2_RFID8 NewDesignator=DL2_R8
Change Component Designator: OldDesignator=DL3_RFID1 NewDesignator=DL3_R1
Change Component Designator: OldDesignator=DL3_RFID2 NewDesignator=DL3_R2
Change Component Designator: OldDesignator=DL3_RFID3 NewDesignator=DL3_R3
Change Component Designator: OldDesignator=DL3_RFID4 NewDesignator=DL3_R4
Change Component Designator: OldDesignator=DL3_RFID5 NewDesignator=DL3_R5
Change Component Designator: OldDesignator=DL3_RFID6 NewDesignator=DL3_R6
Change Component Designator: OldDesignator=DL3_RFID7 NewDesignator=DL3_R7
Change Component Designator: OldDesignator=DL3_RFID8 NewDesignator=DL3_R8
Change Component Designator: OldDesignator=IC1_RFID1 NewDesignator=IC1_R1
Change Component Designator: OldDesignator=IC1_RFID2 NewDesignator=IC1_R2
Change Component Designator: OldDesignator=IC1_RFID3 NewDesignator=IC1_R3
Change Component Designator: OldDesignator=IC1_RFID4 NewDesignator=IC1_R4
Change Component Designator: OldDesignator=IC1_RFID5 NewDesignator=IC1_R5
Change Component Designator: OldDesignator=IC1_RFID6 NewDesignator=IC1_R6
Change Component Designator: OldDesignator=IC1_RFID7 NewDesignator=IC1_R7
Change Component Designator: OldDesignator=IC1_RFID8 NewDesignator=IC1_R8
Change Component Designator: OldDesignator=J1_RFID1 NewDesignator=J1_R1
Change Component Designator: OldDesignator=J1_RFID2 NewDesignator=J1_R2
Change Component Designator: OldDesignator=J1_RFID3 NewDesignator=J1_R3
Change Component Designator: OldDesignator=J1_RFID4 NewDesignator=J1_R4
Change Component Designator: OldDesignator=J1_RFID5 NewDesignator=J1_R5
Change Component Designator: OldDesignator=J1_RFID6 NewDesignator=J1_R6
Change Component Designator: OldDesignator=J1_RFID7 NewDesignator=J1_R7
Change Component Designator: OldDesignator=J1_RFID8 NewDesignator=J1_R8
Change Component Designator: OldDesignator=J_Prog1_RFID1 NewDesignator=J_Prog1_R1
Change Component Designator: OldDesignator=J_Prog1_RFID2 NewDesignator=J_Prog1_R2
Change Component Designator: OldDesignator=J_Prog1_RFID3 NewDesignator=J_Prog1_R3
Change Component Designator: OldDesignator=J_Prog1_RFID4 NewDesignator=J_Prog1_R4
Change Component Designator: OldDesignator=J_Prog1_RFID5 NewDesignator=J_Prog1_R5
Change Component Designator: OldDesignator=J_Prog1_RFID6 NewDesignator=J_Prog1_R6
Change Component Designator: OldDesignator=J_Prog1_RFID7 NewDesignator=J_Prog1_R7
Change Component Designator: OldDesignator=J_Prog1_RFID8 NewDesignator=J_Prog1_R8
Change Component Designator: OldDesignator=P1_RFID1 NewDesignator=P1_R1
Change Component Designator: OldDesignator=P1_RFID2 NewDesignator=P1_R2
Change Component Designator: OldDesignator=P1_RFID3 NewDesignator=P1_R3
Change Component Designator: OldDesignator=P1_RFID4 NewDesignator=P1_R4
Change Component Designator: OldDesignator=P1_RFID5 NewDesignator=P1_R5
Change Component Designator: OldDesignator=P1_RFID6 NewDesignator=P1_R6
Change Component Designator: OldDesignator=P1_RFID7 NewDesignator=P1_R7
Change Component Designator: OldDesignator=P1_RFID8 NewDesignator=P1_R8
Change Component Designator: OldDesignator=Q1_RFID1 NewDesignator=Q1_R1
Change Component Designator: OldDesignator=Q1_RFID2 NewDesignator=Q1_R2
Change Component Designator: OldDesignator=Q1_RFID3 NewDesignator=Q1_R3
Change Component Designator: OldDesignator=Q1_RFID4 NewDesignator=Q1_R4
Change Component Designator: OldDesignator=Q1_RFID5 NewDesignator=Q1_R5
Change Component Designator: OldDesignator=Q1_RFID6 NewDesignator=Q1_R6
Change Component Designator: OldDesignator=Q1_RFID7 NewDesignator=Q1_R7
Change Component Designator: OldDesignator=Q1_RFID8 NewDesignator=Q1_R8
Change Component Designator: OldDesignator=R1_RFID1 NewDesignator=R1_R1
Change Component Designator: OldDesignator=R1_RFID2 NewDesignator=R1_R2
Change Component Designator: OldDesignator=R1_RFID3 NewDesignator=R1_R3
Change Component Designator: OldDesignator=R1_RFID4 NewDesignator=R1_R4
Change Component Designator: OldDesignator=R1_RFID5 NewDesignator=R1_R5
Change Component Designator: OldDesignator=R1_RFID6 NewDesignator=R1_R6
Change Component Designator: OldDesignator=R1_RFID7 NewDesignator=R1_R7
Change Component Designator: OldDesignator=R1_RFID8 NewDesignator=R1_R8
Change Component Designator: OldDesignator=R4_RFID1 NewDesignator=R4_R1
Change Component Designator: OldDesignator=R4_RFID2 NewDesignator=R4_R2
Change Component Designator: OldDesignator=R4_RFID3 NewDesignator=R4_R3
Change Component Designator: OldDesignator=R4_RFID4 NewDesignator=R4_R4
Change Component Designator: OldDesignator=R4_RFID5 NewDesignator=R4_R5
Change Component Designator: OldDesignator=R4_RFID6 NewDesignator=R4_R6
Change Component Designator: OldDesignator=R4_RFID7 NewDesignator=R4_R7
Change Component Designator: OldDesignator=R4_RFID8 NewDesignator=R4_R8
Change Component Designator: OldDesignator=R5_RFID1 NewDesignator=R5_R1
Change Component Designator: OldDesignator=R5_RFID2 NewDesignator=R5_R2
Change Component Designator: OldDesignator=R5_RFID3 NewDesignator=R5_R3
Change Component Designator: OldDesignator=R5_RFID4 NewDesignator=R5_R4
Change Component Designator: OldDesignator=R5_RFID5 NewDesignator=R5_R5
Change Component Designator: OldDesignator=R5_RFID6 NewDesignator=R5_R6
Change Component Designator: OldDesignator=R5_RFID7 NewDesignator=R5_R7
Change Component Designator: OldDesignator=R5_RFID8 NewDesignator=R5_R8
Change Component Designator: OldDesignator=R6_RFID1 NewDesignator=R6_R1
Change Component Designator: OldDesignator=R6_RFID2 NewDesignator=R6_R2
Change Component Designator: OldDesignator=R6_RFID3 NewDesignator=R6_R3
Change Component Designator: OldDesignator=R6_RFID4 NewDesignator=R6_R4
Change Component Designator: OldDesignator=R6_RFID5 NewDesignator=R6_R5
Change Component Designator: OldDesignator=R6_RFID6 NewDesignator=R6_R6
Change Component Designator: OldDesignator=R6_RFID7 NewDesignator=R6_R7
Change Component Designator: OldDesignator=R6_RFID8 NewDesignator=R6_R8
Change Component Designator: OldDesignator=R7_RFID1 NewDesignator=R7_R1
Change Component Designator: OldDesignator=R7_RFID2 NewDesignator=R7_R2
Change Component Designator: OldDesignator=R7_RFID3 NewDesignator=R7_R3
Change Component Designator: OldDesignator=R7_RFID4 NewDesignator=R7_R4
Change Component Designator: OldDesignator=R7_RFID5 NewDesignator=R7_R5
Change Component Designator: OldDesignator=R7_RFID6 NewDesignator=R7_R6
Change Component Designator: OldDesignator=R7_RFID7 NewDesignator=R7_R7
Change Component Designator: OldDesignator=R7_RFID8 NewDesignator=R7_R8
Change Component Designator: OldDesignator=R8_RFID1 NewDesignator=R8_R1
Change Component Designator: OldDesignator=R8_RFID2 NewDesignator=R8_R2
Change Component Designator: OldDesignator=R8_RFID3 NewDesignator=R8_R3
Change Component Designator: OldDesignator=R8_RFID4 NewDesignator=R8_R4
Change Component Designator: OldDesignator=R8_RFID5 NewDesignator=R8_R5
Change Component Designator: OldDesignator=R8_RFID6 NewDesignator=R8_R6
Change Component Designator: OldDesignator=R8_RFID7 NewDesignator=R8_R7
Change Component Designator: OldDesignator=R8_RFID8 NewDesignator=R8_R8
Change Component Designator: OldDesignator=U1_RFID1 NewDesignator=U1_R1
Change Component Designator: OldDesignator=U1_RFID2 NewDesignator=U1_R2
Change Component Designator: OldDesignator=U1_RFID3 NewDesignator=U1_R3
Change Component Designator: OldDesignator=U1_RFID4 NewDesignator=U1_R4
Change Component Designator: OldDesignator=U1_RFID5 NewDesignator=U1_R5
Change Component Designator: OldDesignator=U1_RFID6 NewDesignator=U1_R6
Change Component Designator: OldDesignator=U1_RFID7 NewDesignator=U1_R7
Change Component Designator: OldDesignator=U1_RFID8 NewDesignator=U1_R8
Change Component Designator: OldDesignator=U2_RFID1 NewDesignator=U2_R1
Change Component Designator: OldDesignator=U2_RFID2 NewDesignator=U2_R2
Change Component Designator: OldDesignator=U2_RFID3 NewDesignator=U2_R3
Change Component Designator: OldDesignator=U2_RFID4 NewDesignator=U2_R4
Change Component Designator: OldDesignator=U2_RFID5 NewDesignator=U2_R5
Change Component Designator: OldDesignator=U2_RFID6 NewDesignator=U2_R6
Change Component Designator: OldDesignator=U2_RFID7 NewDesignator=U2_R7
Change Component Designator: OldDesignator=U2_RFID8 NewDesignator=U2_R8
Change Net Name : Old Net Name=MISO_RFID1 New Net Name=MISO_R1
Change Net Name : Old Net Name=MISO_RFID2 New Net Name=MISO_R2
Change Net Name : Old Net Name=MISO_RFID3 New Net Name=MISO_R3
Change Net Name : Old Net Name=MISO_RFID4 New Net Name=MISO_R4
Change Net Name : Old Net Name=MISO_RFID5 New Net Name=MISO_R5
Change Net Name : Old Net Name=MISO_RFID6 New Net Name=MISO_R6
Change Net Name : Old Net Name=MISO_RFID7 New Net Name=MISO_R7
Change Net Name : Old Net Name=MISO_RFID8 New Net Name=MISO_R8
Change Net Name : Old Net Name=MOSI_RFID1 New Net Name=MOSI_R1
Change Net Name : Old Net Name=MOSI_RFID2 New Net Name=MOSI_R2
Change Net Name : Old Net Name=MOSI_RFID3 New Net Name=MOSI_R3
Change Net Name : Old Net Name=MOSI_RFID4 New Net Name=MOSI_R4
Change Net Name : Old Net Name=MOSI_RFID5 New Net Name=MOSI_R5
Change Net Name : Old Net Name=MOSI_RFID6 New Net Name=MOSI_R6
Change Net Name : Old Net Name=MOSI_RFID7 New Net Name=MOSI_R7
Change Net Name : Old Net Name=MOSI_RFID8 New Net Name=MOSI_R8
Change Net Name : Old Net Name=NetC3_RFID1_2 New Net Name=NetC3_R1_2
Change Net Name : Old Net Name=NetC3_RFID2_2 New Net Name=NetC3_R2_2
Change Net Name : Old Net Name=NetC3_RFID3_2 New Net Name=NetC3_R3_2
Change Net Name : Old Net Name=NetC3_RFID4_2 New Net Name=NetC3_R4_2
Change Net Name : Old Net Name=NetC3_RFID5_2 New Net Name=NetC3_R5_2
Change Net Name : Old Net Name=NetC3_RFID6_2 New Net Name=NetC3_R6_2
Change Net Name : Old Net Name=NetC3_RFID7_2 New Net Name=NetC3_R7_2
Change Net Name : Old Net Name=NetC3_RFID8_2 New Net Name=NetC3_R8_2
Change Net Name : Old Net Name=NetC4_RFID1_2 New Net Name=NetC4_R1_2
Change Net Name : Old Net Name=NetC4_RFID2_2 New Net Name=NetC4_R2_2
Change Net Name : Old Net Name=NetC4_RFID3_2 New Net Name=NetC4_R3_2
Change Net Name : Old Net Name=NetC4_RFID4_2 New Net Name=NetC4_R4_2
Change Net Name : Old Net Name=NetC4_RFID5_2 New Net Name=NetC4_R5_2
Change Net Name : Old Net Name=NetC4_RFID6_2 New Net Name=NetC4_R6_2
Change Net Name : Old Net Name=NetC4_RFID7_2 New Net Name=NetC4_R7_2
Change Net Name : Old Net Name=NetC4_RFID8_2 New Net Name=NetC4_R8_2
Change Net Name : Old Net Name=NetC5_RFID1_2 New Net Name=NetC5_R1_2
Change Net Name : Old Net Name=NetC5_RFID2_2 New Net Name=NetC5_R2_2
Change Net Name : Old Net Name=NetC5_RFID3_2 New Net Name=NetC5_R3_2
Change Net Name : Old Net Name=NetC5_RFID4_2 New Net Name=NetC5_R4_2
Change Net Name : Old Net Name=NetC5_RFID5_2 New Net Name=NetC5_R5_2
Change Net Name : Old Net Name=NetC5_RFID6_2 New Net Name=NetC5_R6_2
Change Net Name : Old Net Name=NetC5_RFID7_2 New Net Name=NetC5_R7_2
Change Net Name : Old Net Name=NetC5_RFID8_2 New Net Name=NetC5_R8_2
Change Net Name : Old Net Name=NetC6_RFID1_1 New Net Name=NetC6_R1_1
Change Net Name : Old Net Name=NetC6_RFID2_1 New Net Name=NetC6_R2_1
Change Net Name : Old Net Name=NetC6_RFID3_1 New Net Name=NetC6_R3_1
Change Net Name : Old Net Name=NetC6_RFID4_1 New Net Name=NetC6_R4_1
Change Net Name : Old Net Name=NetC6_RFID5_1 New Net Name=NetC6_R5_1
Change Net Name : Old Net Name=NetC6_RFID6_1 New Net Name=NetC6_R6_1
Change Net Name : Old Net Name=NetC6_RFID7_1 New Net Name=NetC6_R7_1
Change Net Name : Old Net Name=NetC6_RFID8_1 New Net Name=NetC6_R8_1
Change Net Name : Old Net Name=NetC7_RFID1_1 New Net Name=NetC7_R1_1
Change Net Name : Old Net Name=NetC7_RFID2_1 New Net Name=NetC7_R2_1
Change Net Name : Old Net Name=NetC7_RFID3_1 New Net Name=NetC7_R3_1
Change Net Name : Old Net Name=NetC7_RFID4_1 New Net Name=NetC7_R4_1
Change Net Name : Old Net Name=NetC7_RFID5_1 New Net Name=NetC7_R5_1
Change Net Name : Old Net Name=NetC7_RFID6_1 New Net Name=NetC7_R6_1
Change Net Name : Old Net Name=NetC7_RFID7_1 New Net Name=NetC7_R7_1
Change Net Name : Old Net Name=NetC7_RFID8_1 New Net Name=NetC7_R8_1
Change Net Name : Old Net Name=NetC8_RFID1_1 New Net Name=NetC8_R1_1
Change Net Name : Old Net Name=NetC8_RFID2_1 New Net Name=NetC8_R2_1
Change Net Name : Old Net Name=NetC8_RFID3_1 New Net Name=NetC8_R3_1
Change Net Name : Old Net Name=NetC8_RFID4_1 New Net Name=NetC8_R4_1
Change Net Name : Old Net Name=NetC8_RFID5_1 New Net Name=NetC8_R5_1
Change Net Name : Old Net Name=NetC8_RFID6_1 New Net Name=NetC8_R6_1
Change Net Name : Old Net Name=NetC8_RFID7_1 New Net Name=NetC8_R7_1
Change Net Name : Old Net Name=NetC8_RFID8_1 New Net Name=NetC8_R8_1
Change Net Name : Old Net Name=NetC9_RFID1_1 New Net Name=NetC9_R1_1
Change Net Name : Old Net Name=NetC9_RFID1_2 New Net Name=NetC9_R1_2
Change Net Name : Old Net Name=NetC9_RFID2_1 New Net Name=NetC9_R2_1
Change Net Name : Old Net Name=NetC9_RFID2_2 New Net Name=NetC9_R2_2
Change Net Name : Old Net Name=NetC9_RFID3_1 New Net Name=NetC9_R3_1
Change Net Name : Old Net Name=NetC9_RFID3_2 New Net Name=NetC9_R3_2
Change Net Name : Old Net Name=NetC9_RFID4_1 New Net Name=NetC9_R4_1
Change Net Name : Old Net Name=NetC9_RFID4_2 New Net Name=NetC9_R4_2
Change Net Name : Old Net Name=NetC9_RFID5_1 New Net Name=NetC9_R5_1
Change Net Name : Old Net Name=NetC9_RFID5_2 New Net Name=NetC9_R5_2
Change Net Name : Old Net Name=NetC9_RFID6_1 New Net Name=NetC9_R6_1
Change Net Name : Old Net Name=NetC9_RFID6_2 New Net Name=NetC9_R6_2
Change Net Name : Old Net Name=NetC9_RFID7_1 New Net Name=NetC9_R7_1
Change Net Name : Old Net Name=NetC9_RFID7_2 New Net Name=NetC9_R7_2
Change Net Name : Old Net Name=NetC9_RFID8_1 New Net Name=NetC9_R8_1
Change Net Name : Old Net Name=NetC9_RFID8_2 New Net Name=NetC9_R8_2
Change Net Name : Old Net Name=NetC10_RFID1_2 New Net Name=NetC10_R1_2
Change Net Name : Old Net Name=NetC10_RFID2_2 New Net Name=NetC10_R2_2
Change Net Name : Old Net Name=NetC10_RFID3_2 New Net Name=NetC10_R3_2
Change Net Name : Old Net Name=NetC10_RFID4_2 New Net Name=NetC10_R4_2
Change Net Name : Old Net Name=NetC10_RFID5_2 New Net Name=NetC10_R5_2
Change Net Name : Old Net Name=NetC10_RFID6_2 New Net Name=NetC10_R6_2
Change Net Name : Old Net Name=NetC10_RFID7_2 New Net Name=NetC10_R7_2
Change Net Name : Old Net Name=NetC10_RFID8_2 New Net Name=NetC10_R8_2
Change Net Name : Old Net Name=NetC11_RFID1_1 New Net Name=NetC11_R1_1
Change Net Name : Old Net Name=NetC11_RFID2_1 New Net Name=NetC11_R2_1
Change Net Name : Old Net Name=NetC11_RFID3_1 New Net Name=NetC11_R3_1
Change Net Name : Old Net Name=NetC11_RFID4_1 New Net Name=NetC11_R4_1
Change Net Name : Old Net Name=NetC11_RFID5_1 New Net Name=NetC11_R5_1
Change Net Name : Old Net Name=NetC11_RFID6_1 New Net Name=NetC11_R6_1
Change Net Name : Old Net Name=NetC11_RFID7_1 New Net Name=NetC11_R7_1
Change Net Name : Old Net Name=NetC11_RFID8_1 New Net Name=NetC11_R8_1
Change Net Name : Old Net Name=NetDL1_RFID1_K New Net Name=NetDL1_R1_K
Change Net Name : Old Net Name=NetDL1_RFID2_K New Net Name=NetDL1_R2_K
Change Net Name : Old Net Name=NetDL1_RFID3_K New Net Name=NetDL1_R3_K
Change Net Name : Old Net Name=NetDL1_RFID4_K New Net Name=NetDL1_R4_K
Change Net Name : Old Net Name=NetDL1_RFID5_K New Net Name=NetDL1_R5_K
Change Net Name : Old Net Name=NetDL1_RFID6_K New Net Name=NetDL1_R6_K
Change Net Name : Old Net Name=NetDL1_RFID7_K New Net Name=NetDL1_R7_K
Change Net Name : Old Net Name=NetDL1_RFID8_K New Net Name=NetDL1_R8_K
Change Net Name : Old Net Name=NetDL2_RFID1_A New Net Name=NetDL2_R1_A
Change Net Name : Old Net Name=NetDL2_RFID2_A New Net Name=NetDL2_R2_A
Change Net Name : Old Net Name=NetDL2_RFID3_A New Net Name=NetDL2_R3_A
Change Net Name : Old Net Name=NetDL2_RFID4_A New Net Name=NetDL2_R4_A
Change Net Name : Old Net Name=NetDL2_RFID5_A New Net Name=NetDL2_R5_A
Change Net Name : Old Net Name=NetDL2_RFID6_A New Net Name=NetDL2_R6_A
Change Net Name : Old Net Name=NetDL2_RFID7_A New Net Name=NetDL2_R7_A
Change Net Name : Old Net Name=NetDL2_RFID8_A New Net Name=NetDL2_R8_A
Change Net Name : Old Net Name=NetDL3_RFID1_A New Net Name=NetDL3_R1_A
Change Net Name : Old Net Name=NetDL3_RFID2_A New Net Name=NetDL3_R2_A
Change Net Name : Old Net Name=NetDL3_RFID3_A New Net Name=NetDL3_R3_A
Change Net Name : Old Net Name=NetDL3_RFID4_A New Net Name=NetDL3_R4_A
Change Net Name : Old Net Name=NetDL3_RFID5_A New Net Name=NetDL3_R5_A
Change Net Name : Old Net Name=NetDL3_RFID6_A New Net Name=NetDL3_R6_A
Change Net Name : Old Net Name=NetDL3_RFID7_A New Net Name=NetDL3_R7_A
Change Net Name : Old Net Name=NetDL3_RFID8_A New Net Name=NetDL3_R8_A
Change Net Name : Old Net Name=NetIC1_RFID1_2 New Net Name=NetIC1_R1_2
Change Net Name : Old Net Name=NetIC1_RFID1_6 New Net Name=NetIC1_R1_6
Change Net Name : Old Net Name=NetIC1_RFID1_9 New Net Name=NetIC1_R1_9
Change Net Name : Old Net Name=NetIC1_RFID2_6 New Net Name=NetIC1_R2_6
Change Net Name : Old Net Name=NetIC1_RFID3_6 New Net Name=NetIC1_R3_6
Change Net Name : Old Net Name=NetIC1_RFID4_6 New Net Name=NetIC1_R4_6
Change Net Name : Old Net Name=NetIC1_RFID5_6 New Net Name=NetIC1_R5_6
Change Net Name : Old Net Name=NetIC1_RFID6_6 New Net Name=NetIC1_R6_6
Change Net Name : Old Net Name=NetIC1_RFID7_6 New Net Name=NetIC1_R7_6
Change Net Name : Old Net Name=NetIC1_RFID8_6 New Net Name=NetIC1_R8_6
Change Net Name : Old Net Name=NetJ1_RFID1_1 New Net Name=NetJ1_R1_1
Change Net Name : Old Net Name=NetJ1_RFID2_1 New Net Name=NetJ1_R2_1
Change Net Name : Old Net Name=NetJ1_RFID3_1 New Net Name=NetJ1_R3_1
Change Net Name : Old Net Name=NetJ1_RFID4_1 New Net Name=NetJ1_R4_1
Change Net Name : Old Net Name=NetJ1_RFID5_1 New Net Name=NetJ1_R5_1
Change Net Name : Old Net Name=NetJ1_RFID6_1 New Net Name=NetJ1_R6_1
Change Net Name : Old Net Name=NetJ1_RFID7_1 New Net Name=NetJ1_R7_1
Change Net Name : Old Net Name=NetJ1_RFID8_1 New Net Name=NetJ1_R8_1
Change Net Name : Old Net Name=NetP1_RFID1_2 New Net Name=NetP1_R1_2
Change Net Name : Old Net Name=NetP1_RFID2_2 New Net Name=NetP1_R2_2
Change Net Name : Old Net Name=NetP1_RFID3_2 New Net Name=NetP1_R3_2
Change Net Name : Old Net Name=NetP1_RFID4_2 New Net Name=NetP1_R4_2
Change Net Name : Old Net Name=NetP1_RFID5_2 New Net Name=NetP1_R5_2
Change Net Name : Old Net Name=NetP1_RFID6_2 New Net Name=NetP1_R6_2
Change Net Name : Old Net Name=NetP1_RFID7_2 New Net Name=NetP1_R7_2
Change Net Name : Old Net Name=NetP1_RFID8_2 New Net Name=NetP1_R8_2
Change Net Name : Old Net Name=NetR1_RFID1_1 New Net Name=NetR1_R1_1
Change Net Name : Old Net Name=NetR6_RFID1_2 New Net Name=NetR6_R1_2
Change Net Name : Old Net Name=NetR6_RFID2_2 New Net Name=NetR6_R2_2
Change Net Name : Old Net Name=NetR6_RFID3_2 New Net Name=NetR6_R3_2
Change Net Name : Old Net Name=NetR6_RFID4_2 New Net Name=NetR6_R4_2
Change Net Name : Old Net Name=NetR6_RFID5_2 New Net Name=NetR6_R5_2
Change Net Name : Old Net Name=NetR6_RFID6_2 New Net Name=NetR6_R6_2
Change Net Name : Old Net Name=NetR6_RFID7_2 New Net Name=NetR6_R7_2
Change Net Name : Old Net Name=NetR6_RFID8_2 New Net Name=NetR6_R8_2
Change Net Name : Old Net Name=NetR7_RFID1_2 New Net Name=NetR7_R1_2
Change Net Name : Old Net Name=NetR7_RFID2_2 New Net Name=NetR7_R2_2
Change Net Name : Old Net Name=NetR7_RFID3_2 New Net Name=NetR7_R3_2
Change Net Name : Old Net Name=NetR7_RFID4_2 New Net Name=NetR7_R4_2
Change Net Name : Old Net Name=NetR7_RFID5_2 New Net Name=NetR7_R5_2
Change Net Name : Old Net Name=NetR7_RFID6_2 New Net Name=NetR7_R6_2
Change Net Name : Old Net Name=NetR7_RFID7_2 New Net Name=NetR7_R7_2
Change Net Name : Old Net Name=NetR7_RFID8_2 New Net Name=NetR7_R8_2
Change Net Name : Old Net Name=NetR8_RFID1_2 New Net Name=NetR8_R1_2
Change Net Name : Old Net Name=NetR8_RFID2_2 New Net Name=NetR8_R2_2
Change Net Name : Old Net Name=NetR8_RFID3_2 New Net Name=NetR8_R3_2
Change Net Name : Old Net Name=NetR8_RFID4_2 New Net Name=NetR8_R4_2
Change Net Name : Old Net Name=NetR8_RFID5_2 New Net Name=NetR8_R5_2
Change Net Name : Old Net Name=NetR8_RFID6_2 New Net Name=NetR8_R6_2
Change Net Name : Old Net Name=NetR8_RFID7_2 New Net Name=NetR8_R7_2
Change Net Name : Old Net Name=NetR8_RFID8_2 New Net Name=NetR8_R8_2
Change Net Name : Old Net Name=NetU1_RFID1_5 New Net Name=NetU1_R1_5
Change Net Name : Old Net Name=NetU1_RFID2_5 New Net Name=NetU1_R2_5
Change Net Name : Old Net Name=NetU1_RFID3_5 New Net Name=NetU1_R3_5
Change Net Name : Old Net Name=NetU1_RFID4_5 New Net Name=NetU1_R4_5
Change Net Name : Old Net Name=NetU1_RFID5_5 New Net Name=NetU1_R5_5
Change Net Name : Old Net Name=NetU1_RFID6_5 New Net Name=NetU1_R6_5
Change Net Name : Old Net Name=NetU1_RFID7_5 New Net Name=NetU1_R7_5
Change Net Name : Old Net Name=NetU1_RFID8_5 New Net Name=NetU1_R8_5
Change Net Name : Old Net Name=RESET_RFID1 New Net Name=RESET_R1
Change Net Name : Old Net Name=RESET_RFID2 New Net Name=RESET_R2
Change Net Name : Old Net Name=RESET_RFID3 New Net Name=RESET_R3
Change Net Name : Old Net Name=RESET_RFID4 New Net Name=RESET_R4
Change Net Name : Old Net Name=RESET_RFID5 New Net Name=RESET_R5
Change Net Name : Old Net Name=RESET_RFID6 New Net Name=RESET_R6
Change Net Name : Old Net Name=RESET_RFID7 New Net Name=RESET_R7
Change Net Name : Old Net Name=RESET_RFID8 New Net Name=RESET_R8
Change Net Name : Old Net Name=SCK_RFID1 New Net Name=SCK_R1
Change Net Name : Old Net Name=SCK_RFID2 New Net Name=SCK_R2
Change Net Name : Old Net Name=SCK_RFID3 New Net Name=SCK_R3
Change Net Name : Old Net Name=SCK_RFID4 New Net Name=SCK_R4
Change Net Name : Old Net Name=SCK_RFID5 New Net Name=SCK_R5
Change Net Name : Old Net Name=SCK_RFID6 New Net Name=SCK_R6
Change Net Name : Old Net Name=SCK_RFID7 New Net Name=SCK_R7
Change Net Name : Old Net Name=SCK_RFID8 New Net Name=SCK_R8
Change Net Name : Old Net Name=SHD_RFID1 New Net Name=SHD_R1
Change Net Name : Old Net Name=SHD_RFID2 New Net Name=SHD_R2
Change Net Name : Old Net Name=SHD_RFID3 New Net Name=SHD_R3
Change Net Name : Old Net Name=SHD_RFID4 New Net Name=SHD_R4
Change Net Name : Old Net Name=SHD_RFID5 New Net Name=SHD_R5
Change Net Name : Old Net Name=SHD_RFID6 New Net Name=SHD_R6
Change Net Name : Old Net Name=SHD_RFID7 New Net Name=SHD_R7
Change Net Name : Old Net Name=SHD_RFID8 New Net Name=SHD_R8
Change Class Name : Old Net Name=RFID1 New Net Name=R1
Change Class Name : Old Net Name=RFID2 New Net Name=R2
Change Class Name : Old Net Name=RFID3 New Net Name=R3
Change Class Name : Old Net Name=RFID4 New Net Name=R4
Change Class Name : Old Net Name=RFID5 New Net Name=R5
Change Class Name : Old Net Name=RFID6 New Net Name=R6
Change Class Name : Old Net Name=RFID7 New Net Name=R7
Change Class Name : Old Net Name=RFID8 New Net Name=R8
Change Room Name: Old Name=RFID6 New Name=R6
Change Room Scope: Old Scope=InComponentClass('RFID6') New Scope=InComponentClass('R6')
Added Room: Name=R1
Added Room: Name=R2
Added Room: Name=R3
Added Room: Name=R4
Added Room: Name=R5
Added Room: Name=R7
Added Room: Name=R8
