Added Pin To Net: NetName=P3V3 Pin=C1_S5-1
Added Pin To Net: NetName=GND Pin=C1_S5-2
Added Pin To Net: NetName=GND Pin=C2_S5-1
Added Pin To Net: NetName=P3V3 Pin=C2_S5-2
Added Pin To Net: NetName=GND Pin=C3_S5-1
Added Pin To Net: NetName=DEMOD_IN_S5 Pin=C3_S5-2
Added Pin To Net: NetName=DEMOD_IN_S5 Pin=C4_S5-1
Added Pin To Net: NetName=NetC4_S5_2 Pin=C4_S5-2
Added Pin To Net: NetName=NetC4_S5_2 Pin=C5_S5-1
Added Pin To Net: NetName=ANT2_S5 Pin=C5_S5-2
Added Pin To Net: NetName=DC2_S5 Pin=C6_S5-1
Added Pin To Net: NetName=GND Pin=C6_S5-2
Added Pin To Net: NetName=FCAP_S5 Pin=C7_S5-1
Added Pin To Net: NetName=GND Pin=C7_S5-2
Added Pin To Net: NetName=AGND_S5 Pin=C8_S5-1
Added Pin To Net: NetName=GND Pin=C8_S5-2
Added Pin To Net: NetName=NetC9_S5_1 Pin=C9_S5-1
Added Pin To Net: NetName=NetC9_S5_2 Pin=C9_S5-2
Added Pin To Net: NetName=GND Pin=C10_S5-1
Added Pin To Net: NetName=Q1_S5 Pin=C10_S5-2
Added Pin To Net: NetName=Q2_S5 Pin=C11_S5-1
Added Pin To Net: NetName=GND Pin=C11_S5-2
Added Pin To Net: NetName=P3V3 Pin=DL1_S5-A
Added Pin To Net: NetName=NetDL1_S5_K Pin=DL1_S5-K
Added Pin To Net: NetName=NetDL2_S5_A Pin=DL2_S5-A
Added Pin To Net: NetName=GND Pin=DL2_S5-K
Added Pin To Net: NetName=NetDL3_S5_A Pin=DL3_S5-A
Added Pin To Net: NetName=GND Pin=DL3_S5-K
Added Pin To Net: NetName=RESET_S5 Pin=IC1_S5-1
Added Pin To Net: NetName=NetIC1_S1_2 Pin=IC1_S5-2
Added Pin To Net: NetName=SCK_S5 Pin=IC1_S5-3
Added Pin To Net: NetName=RESET_S5 Pin=IC1_S5-4
Added Pin To Net: NetName=MISO_S5 Pin=IC1_S5-5
Added Pin To Net: NetName=NetIC1_S5_6 Pin=IC1_S5-6
Added Pin To Net: NetName=GND Pin=IC1_S5-7
Added Pin To Net: NetName=MOSI_S5 Pin=IC1_S5-8
Added Pin To Net: NetName=NetIC1_S1_9 Pin=IC1_S5-9
Added Pin To Net: NetName=RESET_S5 Pin=IC1_S5-10
Added Pin To Net: NetName=GND Pin=IC1_S5-12
Added Pin To Net: NetName=RESET_S5 Pin=IC1_S5-13
Added Pin To Net: NetName=P3V3 Pin=IC1_S5-14
Added Pin To Net: NetName=MOSI_S5 Pin=J_Prog1_S5-1
Added Pin To Net: NetName=P3V3 Pin=J_Prog1_S5-2
Added Pin To Net: NetName=SCK_S5 Pin=J_Prog1_S5-3
Added Pin To Net: NetName=MISO_S5 Pin=J_Prog1_S5-4
Added Pin To Net: NetName=RESET_S5 Pin=J_Prog1_S5-5
Added Pin To Net: NetName=GND Pin=J_Prog1_S5-6
Added Pin To Net: NetName=P3V3 Pin=P1_S5-1
Added Pin To Net: NetName=NetP1_S5_2 Pin=P1_S5-2
Added Pin To Net: NetName=Q1_S5 Pin=Q1_S5-1
Added Pin To Net: NetName=Q2_S5 Pin=Q1_S5-2
Added Pin To Net: NetName=NetR1_S1_1 Pin=R1_S5-1
Added Pin To Net: NetName=NetIC1_S5_6 Pin=R1_S5-2
Added Pin To Net: NetName=SS_BUS5 Pin=R4_S5-1
Added Pin To Net: NetName=NetDL1_S5_K Pin=R4_S5-2
Added Pin To Net: NetName=RESET_S5 Pin=R5_S5-1
Added Pin To Net: NetName=P3V3 Pin=R5_S5-2
Added Pin To Net: NetName=NetDL2_S5_A Pin=R6_S5-1
Added Pin To Net: NetName=DL2_S5 Pin=R6_S5-2
Added Pin To Net: NetName=NetDL3_S5_A Pin=R7_S5-1
Added Pin To Net: NetName=DL3_S5 Pin=R7_S5-2
Added Pin To Net: NetName=NetJ1_S5_1 Pin=R8_S5-1
Added Pin To Net: NetName=ANT1_S5 Pin=R8_S5-2
Added Pin To Net: NetName=NetP1_S5_2 Pin=U1_S5-1
Added Pin To Net: NetName=Q1_S5 Pin=U1_S5-2
Added Pin To Net: NetName=Q2_S5 Pin=U1_S5-3
Added Pin To Net: NetName=RESET_S5 Pin=U1_S5-4
Added Pin To Net: NetName=NetU1_S5_5 Pin=U1_S5-5
Added Pin To Net: NetName=SS_BUS5 Pin=U1_S5-6
Added Pin To Net: NetName=MOSI_S5 Pin=U1_S5-7
Added Pin To Net: NetName=MISO_S5 Pin=U1_S5-8
Added Pin To Net: NetName=SCK_S5 Pin=U1_S5-9
Added Pin To Net: NetName=SHD_S5 Pin=U1_S5-10
Added Pin To Net: NetName=DL3_S5 Pin=U1_S5-11
Added Pin To Net: NetName=DL2_S5 Pin=U1_S5-12
Added Pin To Net: NetName=GND Pin=U1_S5-14
Added Pin To Net: NetName=GND Pin=U2_S5-1
Added Pin To Net: NetName=ANT1_S5 Pin=U2_S5-3
Added Pin To Net: NetName=P5V0 Pin=U2_S5-4
Added Pin To Net: NetName=GND Pin=U2_S5-5
Added Pin To Net: NetName=ANT2_S5 Pin=U2_S5-6
Added Pin To Net: NetName=P5V0 Pin=U2_S5-7
Added Pin To Net: NetName=DEMOD_IN_S5 Pin=U2_S5-8
Added Pin To Net: NetName=NetC9_S5_1 Pin=U2_S5-9
Added Pin To Net: NetName=NetC9_S5_2 Pin=U2_S5-10
Added Pin To Net: NetName=AGND_S5 Pin=U2_S5-11
Added Pin To Net: NetName=GND Pin=U2_S5-12
Added Pin To Net: NetName=NetU1_S5_5 Pin=U2_S5-13
Added Pin To Net: NetName=SHD_S5 Pin=U2_S5-14
Added Pin To Net: NetName=FCAP_S5 Pin=U2_S5-15
Added Pin To Net: NetName=DC2_S5 Pin=U2_S5-16
Added Member To Class: ClassName=S5 Member=Component C1_S5 (C1) 22uF
Added Member To Class: ClassName=S5 Member=Component C2_S5 (C2) 100nF
Added Member To Class: ClassName=S5 Member=Component C3_S5 (C3) 1nF
Added Member To Class: ClassName=S5 Member=Component C4_S5 (C4) 100pF
Added Member To Class: ClassName=S5 Member=Component C5_S5 (C5) 10nF
Added Member To Class: ClassName=S5 Member=Component C6_S5 (C6) 10nF
Added Member To Class: ClassName=S5 Member=Component C7_S5 (C7) 10nF
Added Member To Class: ClassName=S5 Member=Component C8_S5 (C8) 100nF
Added Member To Class: ClassName=S5 Member=Component C9_S5 (C9) 100nF
Added Member To Class: ClassName=S5 Member=Component C10_S5 (C10) 22nF
Added Member To Class: ClassName=S5 Member=Component C11_S5 (C11) 22nF
Added Member To Class: ClassName=S5 Member=Component DL1_S5 (DL1) 
Added Member To Class: ClassName=S5 Member=Component DL2_S5 (DL2) 
Added Member To Class: ClassName=S5 Member=Component DL3_S5 (DL3) 
Added Member To Class: ClassName=S5 Member=Component IC1_S5 (IC1) 74LVC126A
Added Member To Class: ClassName=S5 Member=Component J_Prog1_S5 (J_Prog1) 
Added Member To Class: ClassName=S5 Member=Component P1_S5 (P1) 
Added Member To Class: ClassName=S5 Member=Component Q1_S5 (Q1) 8MHz
Added Member To Class: ClassName=S5 Member=Component R1_S5 (R1) 100
Added Member To Class: ClassName=S5 Member=Component R4_S5 (R4) 1k
Added Member To Class: ClassName=S5 Member=Component R5_S5 (R5) 10k
Added Member To Class: ClassName=S5 Member=Component R6_S5 (R6) 1k
Added Member To Class: ClassName=S5 Member=Component R7_S5 (R7) 1k
Added Member To Class: ClassName=S5 Member=Component R8_S5 (R8) 15
Added Member To Class: ClassName=S5 Member=Component U1_S5 (U1) 
Added Member To Class: ClassName=S5 Member=Component U2_S5 (U2) EM4095
Added Room: Name=C1
Added Room: Name=C2
Added Room: Name=S1
Added Room: Name=S2
Added Room: Name=S3
Added Room: Name=S4
Added Room: Name=S5
Added Room: Name=S6
Added Room: Name=S7
Added Room: Name=S8
Added Room: Name=Sheet2
