Added Pin To Net: NetName=GND Pin=C5_S1-2
Added Pin To Net: NetName=GND Pin=C5_S2-2
Added Pin To Net: NetName=GND Pin=C5_S3-2
Added Pin To Net: NetName=GND Pin=C5_S4-2
Added Pin To Net: NetName=GND Pin=C5_S5-2
Added Pin To Net: NetName=GND Pin=C5_S6-2
Added Pin To Net: NetName=GND Pin=C5_S7-2
Added Pin To Net: NetName=GND Pin=C5_S8-2
Added Pin To Net: NetName=GND Pin=U2_S1-6
Added Pin To Net: NetName=GND Pin=U2_S2-6
Added Pin To Net: NetName=GND Pin=U2_S3-6
Added Pin To Net: NetName=GND Pin=U2_S4-6
Added Pin To Net: NetName=GND Pin=U2_S5-6
Added Pin To Net: NetName=GND Pin=U2_S6-6
Added Pin To Net: NetName=GND Pin=U2_S7-6
Added Pin To Net: NetName=GND Pin=U2_S8-6
Change Net Name : Old Net Name=GND New Net Name=ANT2_S1
Change Net Name : Old Net Name=NetC3_S1_2 New Net Name=DEMOD_IN_S1
Change Net Name : Old Net Name=NetC3_S2_2 New Net Name=DEMOD_IN_S2
Change Net Name : Old Net Name=NetC3_S3_2 New Net Name=DEMOD_IN_S3
Change Net Name : Old Net Name=NetC3_S4_2 New Net Name=DEMOD_IN_S4
Change Net Name : Old Net Name=NetC3_S5_2 New Net Name=DEMOD_IN_S5
Change Net Name : Old Net Name=NetC3_S6_2 New Net Name=DEMOD_IN_S6
Change Net Name : Old Net Name=NetC3_S7_2 New Net Name=DEMOD_IN_S7
Change Net Name : Old Net Name=NetC3_S8_2 New Net Name=DEMOD_IN_S8
Change Net Name : Old Net Name=NetC6_S1_1 New Net Name=DC2_S1
Change Net Name : Old Net Name=NetC6_S2_1 New Net Name=DC2_S2
Change Net Name : Old Net Name=NetC6_S3_1 New Net Name=DC2_S3
Change Net Name : Old Net Name=NetC6_S4_1 New Net Name=DC2_S4
Change Net Name : Old Net Name=NetC6_S5_1 New Net Name=DC2_S5
Change Net Name : Old Net Name=NetC6_S6_1 New Net Name=DC2_S6
Change Net Name : Old Net Name=NetC6_S7_1 New Net Name=DC2_S7
Change Net Name : Old Net Name=NetC6_S8_1 New Net Name=DC2_S8
Change Net Name : Old Net Name=NetC7_S1_1 New Net Name=FCAP_S1
Change Net Name : Old Net Name=NetC7_S2_1 New Net Name=FCAP_S2
Change Net Name : Old Net Name=NetC7_S3_1 New Net Name=FCAP_S3
Change Net Name : Old Net Name=NetC7_S4_1 New Net Name=FCAP_S4
Change Net Name : Old Net Name=NetC7_S5_1 New Net Name=FCAP_S5
Change Net Name : Old Net Name=NetC7_S6_1 New Net Name=FCAP_S6
Change Net Name : Old Net Name=NetC7_S7_1 New Net Name=FCAP_S7
Change Net Name : Old Net Name=NetC7_S8_1 New Net Name=FCAP_S8
Change Net Name : Old Net Name=NetC8_S1_1 New Net Name=AGND_S1
Change Net Name : Old Net Name=NetC8_S2_1 New Net Name=AGND_S2
Change Net Name : Old Net Name=NetC8_S3_1 New Net Name=AGND_S3
Change Net Name : Old Net Name=NetC8_S4_1 New Net Name=AGND_S4
Change Net Name : Old Net Name=NetC8_S5_1 New Net Name=AGND_S5
Change Net Name : Old Net Name=NetC8_S6_1 New Net Name=AGND_S6
Change Net Name : Old Net Name=NetC8_S7_1 New Net Name=AGND_S7
Change Net Name : Old Net Name=NetC8_S8_1 New Net Name=AGND_S8
Change Net Name : Old Net Name=NetC10_S1_2 New Net Name=Q1_S1
Change Net Name : Old Net Name=NetC10_S2_2 New Net Name=Q1_S2
Change Net Name : Old Net Name=NetC10_S3_2 New Net Name=Q1_S3
Change Net Name : Old Net Name=NetC10_S4_2 New Net Name=Q1_S4
Change Net Name : Old Net Name=NetC10_S5_2 New Net Name=Q1_S5
Change Net Name : Old Net Name=NetC10_S6_2 New Net Name=Q1_S6
Change Net Name : Old Net Name=NetC10_S7_2 New Net Name=Q1_S7
Change Net Name : Old Net Name=NetC10_S8_2 New Net Name=Q1_S8
Change Net Name : Old Net Name=NetC11_S1_1 New Net Name=Q2_S1
Change Net Name : Old Net Name=NetC11_S2_1 New Net Name=Q2_S2
Change Net Name : Old Net Name=NetC11_S3_1 New Net Name=Q2_S3
Change Net Name : Old Net Name=NetC11_S4_1 New Net Name=Q2_S4
Change Net Name : Old Net Name=NetC11_S5_1 New Net Name=Q2_S5
Change Net Name : Old Net Name=NetC11_S6_1 New Net Name=Q2_S6
Change Net Name : Old Net Name=NetC11_S7_1 New Net Name=Q2_S7
Change Net Name : Old Net Name=NetC11_S8_1 New Net Name=Q2_S8
Change Net Name : Old Net Name=NetR6_S1_2 New Net Name=DL2_S1
Change Net Name : Old Net Name=NetR6_S2_2 New Net Name=DL2_S2
Change Net Name : Old Net Name=NetR6_S3_2 New Net Name=DL2_S3
Change Net Name : Old Net Name=NetR6_S4_2 New Net Name=DL2_S4
Change Net Name : Old Net Name=NetR6_S5_2 New Net Name=DL2_S5
Change Net Name : Old Net Name=NetR6_S6_2 New Net Name=DL2_S6
Change Net Name : Old Net Name=NetR6_S7_2 New Net Name=DL2_S7
Change Net Name : Old Net Name=NetR6_S8_2 New Net Name=DL2_S8
Change Net Name : Old Net Name=NetR7_S1_2 New Net Name=DL3_S1
Change Net Name : Old Net Name=NetR7_S2_2 New Net Name=DL3_S2
Change Net Name : Old Net Name=NetR7_S3_2 New Net Name=DL3_S3
Change Net Name : Old Net Name=NetR7_S4_2 New Net Name=DL3_S4
Change Net Name : Old Net Name=NetR7_S5_2 New Net Name=DL3_S5
Change Net Name : Old Net Name=NetR7_S6_2 New Net Name=DL3_S6
Change Net Name : Old Net Name=NetR7_S7_2 New Net Name=DL3_S7
Change Net Name : Old Net Name=NetR7_S8_2 New Net Name=DL3_S8
Change Net Name : Old Net Name=NetR8_S1_2 New Net Name=ANT1_S1
Change Net Name : Old Net Name=NetR8_S2_2 New Net Name=ANT1_S2
Change Net Name : Old Net Name=NetR8_S3_2 New Net Name=ANT1_S3
Change Net Name : Old Net Name=NetR8_S4_2 New Net Name=ANT1_S4
Change Net Name : Old Net Name=NetR8_S5_2 New Net Name=ANT1_S5
Change Net Name : Old Net Name=NetR8_S6_2 New Net Name=ANT1_S6
Change Net Name : Old Net Name=NetR8_S7_2 New Net Name=ANT1_S7
Change Net Name : Old Net Name=NetR8_S8_2 New Net Name=ANT1_S8
Added Room: Name=S1
Added Room: Name=S2
Added Room: Name=S3
Added Room: Name=S4
Added Room: Name=S5
Added Room: Name=S7
Added Room: Name=S8
