Added Pin To Net: NetName=P3V3 Pin=C1_S6-1
Added Pin To Net: NetName=GND Pin=C1_S6-2
Added Pin To Net: NetName=P3V3 Pin=C1_S7-1
Added Pin To Net: NetName=GND Pin=C1_S7-2
Added Pin To Net: NetName=P3V3 Pin=C1_S8-1
Added Pin To Net: NetName=GND Pin=C1_S8-2
Added Pin To Net: NetName=GND Pin=C2_S6-1
Added Pin To Net: NetName=P3V3 Pin=C2_S6-2
Added Pin To Net: NetName=GND Pin=C2_S7-1
Added Pin To Net: NetName=P3V3 Pin=C2_S7-2
Added Pin To Net: NetName=GND Pin=C2_S8-1
Added Pin To Net: NetName=P3V3 Pin=C2_S8-2
Added Pin To Net: NetName=GND Pin=C3_S6-1
Added Pin To Net: NetName=DEMOD_IN_S6 Pin=C3_S6-2
Added Pin To Net: NetName=GND Pin=C3_S7-1
Added Pin To Net: NetName=DEMOD_IN_S7 Pin=C3_S7-2
Added Pin To Net: NetName=GND Pin=C3_S8-1
Added Pin To Net: NetName=DEMOD_IN_S8 Pin=C3_S8-2
Added Pin To Net: NetName=DEMOD_IN_S6 Pin=C4_S6-1
Added Pin To Net: NetName=NetC4_S6_2 Pin=C4_S6-2
Added Pin To Net: NetName=DEMOD_IN_S7 Pin=C4_S7-1
Added Pin To Net: NetName=NetC4_S7_2 Pin=C4_S7-2
Added Pin To Net: NetName=DEMOD_IN_S8 Pin=C4_S8-1
Added Pin To Net: NetName=NetC4_S8_2 Pin=C4_S8-2
Added Pin To Net: NetName=NetC4_S6_2 Pin=C5_S6-1
Added Pin To Net: NetName=ANT2_S6 Pin=C5_S6-2
Added Pin To Net: NetName=NetC4_S7_2 Pin=C5_S7-1
Added Pin To Net: NetName=ANT2_S7 Pin=C5_S7-2
Added Pin To Net: NetName=NetC4_S8_2 Pin=C5_S8-1
Added Pin To Net: NetName=ANT2_S8 Pin=C5_S8-2
Added Pin To Net: NetName=DC2_S6 Pin=C6_S6-1
Added Pin To Net: NetName=GND Pin=C6_S6-2
Added Pin To Net: NetName=DC2_S7 Pin=C6_S7-1
Added Pin To Net: NetName=GND Pin=C6_S7-2
Added Pin To Net: NetName=DC2_S8 Pin=C6_S8-1
Added Pin To Net: NetName=GND Pin=C6_S8-2
Added Pin To Net: NetName=FCAP_S6 Pin=C7_S6-1
Added Pin To Net: NetName=GND Pin=C7_S6-2
Added Pin To Net: NetName=FCAP_S7 Pin=C7_S7-1
Added Pin To Net: NetName=GND Pin=C7_S7-2
Added Pin To Net: NetName=FCAP_S8 Pin=C7_S8-1
Added Pin To Net: NetName=GND Pin=C7_S8-2
Added Pin To Net: NetName=AGND_S6 Pin=C8_S6-1
Added Pin To Net: NetName=GND Pin=C8_S6-2
Added Pin To Net: NetName=AGND_S7 Pin=C8_S7-1
Added Pin To Net: NetName=GND Pin=C8_S7-2
Added Pin To Net: NetName=AGND_S8 Pin=C8_S8-1
Added Pin To Net: NetName=GND Pin=C8_S8-2
Added Pin To Net: NetName=NetC9_S6_1 Pin=C9_S6-1
Added Pin To Net: NetName=NetC9_S6_2 Pin=C9_S6-2
Added Pin To Net: NetName=NetC9_S7_1 Pin=C9_S7-1
Added Pin To Net: NetName=NetC9_S7_2 Pin=C9_S7-2
Added Pin To Net: NetName=NetC9_S8_1 Pin=C9_S8-1
Added Pin To Net: NetName=NetC9_S8_2 Pin=C9_S8-2
Added Pin To Net: NetName=GND Pin=C10_S6-1
Added Pin To Net: NetName=Q1_S6 Pin=C10_S6-2
Added Pin To Net: NetName=GND Pin=C10_S7-1
Added Pin To Net: NetName=Q1_S7 Pin=C10_S7-2
Added Pin To Net: NetName=GND Pin=C10_S8-1
Added Pin To Net: NetName=Q1_S8 Pin=C10_S8-2
Added Pin To Net: NetName=Q2_S6 Pin=C11_S6-1
Added Pin To Net: NetName=GND Pin=C11_S6-2
Added Pin To Net: NetName=Q2_S7 Pin=C11_S7-1
Added Pin To Net: NetName=GND Pin=C11_S7-2
Added Pin To Net: NetName=Q2_S8 Pin=C11_S8-1
Added Pin To Net: NetName=GND Pin=C11_S8-2
Added Pin To Net: NetName=P3V3 Pin=DL1_S6-A
Added Pin To Net: NetName=NetDL1_S6_K Pin=DL1_S6-K
Added Pin To Net: NetName=P3V3 Pin=DL1_S7-A
Added Pin To Net: NetName=NetDL1_S7_K Pin=DL1_S7-K
Added Pin To Net: NetName=P3V3 Pin=DL1_S8-A
Added Pin To Net: NetName=NetDL1_S8_K Pin=DL1_S8-K
Added Pin To Net: NetName=NetDL2_S6_A Pin=DL2_S6-A
Added Pin To Net: NetName=GND Pin=DL2_S6-K
Added Pin To Net: NetName=NetDL2_S7_A Pin=DL2_S7-A
Added Pin To Net: NetName=GND Pin=DL2_S7-K
Added Pin To Net: NetName=NetDL2_S8_A Pin=DL2_S8-A
Added Pin To Net: NetName=GND Pin=DL2_S8-K
Added Pin To Net: NetName=NetDL3_S6_A Pin=DL3_S6-A
Added Pin To Net: NetName=GND Pin=DL3_S6-K
Added Pin To Net: NetName=NetDL3_S7_A Pin=DL3_S7-A
Added Pin To Net: NetName=GND Pin=DL3_S7-K
Added Pin To Net: NetName=NetDL3_S8_A Pin=DL3_S8-A
Added Pin To Net: NetName=GND Pin=DL3_S8-K
Added Pin To Net: NetName=RESET_S6 Pin=IC1_S6-1
Added Pin To Net: NetName=NetIC1_S1_2 Pin=IC1_S6-2
Added Pin To Net: NetName=SCK_S6 Pin=IC1_S6-3
Added Pin To Net: NetName=RESET_S6 Pin=IC1_S6-4
Added Pin To Net: NetName=MISO_S6 Pin=IC1_S6-5
Added Pin To Net: NetName=NetIC1_S6_6 Pin=IC1_S6-6
Added Pin To Net: NetName=GND Pin=IC1_S6-7
Added Pin To Net: NetName=MOSI_S6 Pin=IC1_S6-8
Added Pin To Net: NetName=NetIC1_S1_9 Pin=IC1_S6-9
Added Pin To Net: NetName=RESET_S6 Pin=IC1_S6-10
Added Pin To Net: NetName=GND Pin=IC1_S6-12
Added Pin To Net: NetName=RESET_S6 Pin=IC1_S6-13
Added Pin To Net: NetName=P3V3 Pin=IC1_S6-14
Added Pin To Net: NetName=RESET_S7 Pin=IC1_S7-1
Added Pin To Net: NetName=NetIC1_S1_2 Pin=IC1_S7-2
Added Pin To Net: NetName=SCK_S7 Pin=IC1_S7-3
Added Pin To Net: NetName=RESET_S7 Pin=IC1_S7-4
Added Pin To Net: NetName=MISO_S7 Pin=IC1_S7-5
Added Pin To Net: NetName=NetIC1_S7_6 Pin=IC1_S7-6
Added Pin To Net: NetName=GND Pin=IC1_S7-7
Added Pin To Net: NetName=MOSI_S7 Pin=IC1_S7-8
Added Pin To Net: NetName=NetIC1_S1_9 Pin=IC1_S7-9
Added Pin To Net: NetName=RESET_S7 Pin=IC1_S7-10
Added Pin To Net: NetName=GND Pin=IC1_S7-12
Added Pin To Net: NetName=RESET_S7 Pin=IC1_S7-13
Added Pin To Net: NetName=P3V3 Pin=IC1_S7-14
Added Pin To Net: NetName=RESET_S8 Pin=IC1_S8-1
Added Pin To Net: NetName=NetIC1_S1_2 Pin=IC1_S8-2
Added Pin To Net: NetName=SCK_S8 Pin=IC1_S8-3
Added Pin To Net: NetName=RESET_S8 Pin=IC1_S8-4
Added Pin To Net: NetName=MISO_S8 Pin=IC1_S8-5
Added Pin To Net: NetName=NetIC1_S8_6 Pin=IC1_S8-6
Added Pin To Net: NetName=GND Pin=IC1_S8-7
Added Pin To Net: NetName=MOSI_S8 Pin=IC1_S8-8
Added Pin To Net: NetName=NetIC1_S1_9 Pin=IC1_S8-9
Added Pin To Net: NetName=RESET_S8 Pin=IC1_S8-10
Added Pin To Net: NetName=GND Pin=IC1_S8-12
Added Pin To Net: NetName=RESET_S8 Pin=IC1_S8-13
Added Pin To Net: NetName=P3V3 Pin=IC1_S8-14
Added Pin To Net: NetName=MOSI_S6 Pin=J_Prog1_S6-1
Added Pin To Net: NetName=P3V3 Pin=J_Prog1_S6-2
Added Pin To Net: NetName=SCK_S6 Pin=J_Prog1_S6-3
Added Pin To Net: NetName=MISO_S6 Pin=J_Prog1_S6-4
Added Pin To Net: NetName=RESET_S6 Pin=J_Prog1_S6-5
Added Pin To Net: NetName=GND Pin=J_Prog1_S6-6
Added Pin To Net: NetName=MOSI_S7 Pin=J_Prog1_S7-1
Added Pin To Net: NetName=P3V3 Pin=J_Prog1_S7-2
Added Pin To Net: NetName=SCK_S7 Pin=J_Prog1_S7-3
Added Pin To Net: NetName=MISO_S7 Pin=J_Prog1_S7-4
Added Pin To Net: NetName=RESET_S7 Pin=J_Prog1_S7-5
Added Pin To Net: NetName=GND Pin=J_Prog1_S7-6
Added Pin To Net: NetName=MOSI_S8 Pin=J_Prog1_S8-1
Added Pin To Net: NetName=P3V3 Pin=J_Prog1_S8-2
Added Pin To Net: NetName=SCK_S8 Pin=J_Prog1_S8-3
Added Pin To Net: NetName=MISO_S8 Pin=J_Prog1_S8-4
Added Pin To Net: NetName=RESET_S8 Pin=J_Prog1_S8-5
Added Pin To Net: NetName=GND Pin=J_Prog1_S8-6
Added Pin To Net: NetName=P3V3 Pin=P1_S6-1
Added Pin To Net: NetName=NetP1_S6_2 Pin=P1_S6-2
Added Pin To Net: NetName=P3V3 Pin=P1_S7-1
Added Pin To Net: NetName=NetP1_S7_2 Pin=P1_S7-2
Added Pin To Net: NetName=P3V3 Pin=P1_S8-1
Added Pin To Net: NetName=NetP1_S8_2 Pin=P1_S8-2
Added Pin To Net: NetName=Q1_S6 Pin=Q1_S6-1
Added Pin To Net: NetName=Q2_S6 Pin=Q1_S6-2
Added Pin To Net: NetName=Q1_S7 Pin=Q1_S7-1
Added Pin To Net: NetName=Q2_S7 Pin=Q1_S7-2
Added Pin To Net: NetName=Q1_S8 Pin=Q1_S8-1
Added Pin To Net: NetName=Q2_S8 Pin=Q1_S8-2
Added Pin To Net: NetName=NetR1_S1_1 Pin=R1_S6-1
Added Pin To Net: NetName=NetIC1_S6_6 Pin=R1_S6-2
Added Pin To Net: NetName=NetR1_S1_1 Pin=R1_S7-1
Added Pin To Net: NetName=NetIC1_S7_6 Pin=R1_S7-2
Added Pin To Net: NetName=NetR1_S1_1 Pin=R1_S8-1
Added Pin To Net: NetName=NetIC1_S8_6 Pin=R1_S8-2
Added Pin To Net: NetName=SS_BUS6 Pin=R4_S6-1
Added Pin To Net: NetName=NetDL1_S6_K Pin=R4_S6-2
Added Pin To Net: NetName=SS_BUS7 Pin=R4_S7-1
Added Pin To Net: NetName=NetDL1_S7_K Pin=R4_S7-2
Added Pin To Net: NetName=SS_BUS8 Pin=R4_S8-1
Added Pin To Net: NetName=NetDL1_S8_K Pin=R4_S8-2
Added Pin To Net: NetName=RESET_S6 Pin=R5_S6-1
Added Pin To Net: NetName=P3V3 Pin=R5_S6-2
Added Pin To Net: NetName=RESET_S7 Pin=R5_S7-1
Added Pin To Net: NetName=P3V3 Pin=R5_S7-2
Added Pin To Net: NetName=RESET_S8 Pin=R5_S8-1
Added Pin To Net: NetName=P3V3 Pin=R5_S8-2
Added Pin To Net: NetName=NetDL2_S6_A Pin=R6_S6-1
Added Pin To Net: NetName=DL2_S6 Pin=R6_S6-2
Added Pin To Net: NetName=NetDL2_S7_A Pin=R6_S7-1
Added Pin To Net: NetName=DL2_S7 Pin=R6_S7-2
Added Pin To Net: NetName=NetDL2_S8_A Pin=R6_S8-1
Added Pin To Net: NetName=DL2_S8 Pin=R6_S8-2
Added Pin To Net: NetName=NetDL3_S6_A Pin=R7_S6-1
Added Pin To Net: NetName=DL3_S6 Pin=R7_S6-2
Added Pin To Net: NetName=NetDL3_S7_A Pin=R7_S7-1
Added Pin To Net: NetName=DL3_S7 Pin=R7_S7-2
Added Pin To Net: NetName=NetDL3_S8_A Pin=R7_S8-1
Added Pin To Net: NetName=DL3_S8 Pin=R7_S8-2
Added Pin To Net: NetName=NetJ1_S6_1 Pin=R8_S6-1
Added Pin To Net: NetName=ANT1_S6 Pin=R8_S6-2
Added Pin To Net: NetName=NetJ1_S7_1 Pin=R8_S7-1
Added Pin To Net: NetName=ANT1_S7 Pin=R8_S7-2
Added Pin To Net: NetName=NetJ1_S8_1 Pin=R8_S8-1
Added Pin To Net: NetName=ANT1_S8 Pin=R8_S8-2
Added Pin To Net: NetName=NetP1_S6_2 Pin=U1_S6-1
Added Pin To Net: NetName=Q1_S6 Pin=U1_S6-2
Added Pin To Net: NetName=Q2_S6 Pin=U1_S6-3
Added Pin To Net: NetName=RESET_S6 Pin=U1_S6-4
Added Pin To Net: NetName=NetU1_S6_5 Pin=U1_S6-5
Added Pin To Net: NetName=SS_BUS6 Pin=U1_S6-6
Added Pin To Net: NetName=MOSI_S6 Pin=U1_S6-7
Added Pin To Net: NetName=MISO_S6 Pin=U1_S6-8
Added Pin To Net: NetName=SCK_S6 Pin=U1_S6-9
Added Pin To Net: NetName=SHD_S6 Pin=U1_S6-10
Added Pin To Net: NetName=DL3_S6 Pin=U1_S6-11
Added Pin To Net: NetName=DL2_S6 Pin=U1_S6-12
Added Pin To Net: NetName=GND Pin=U1_S6-14
Added Pin To Net: NetName=NetP1_S7_2 Pin=U1_S7-1
Added Pin To Net: NetName=Q1_S7 Pin=U1_S7-2
Added Pin To Net: NetName=Q2_S7 Pin=U1_S7-3
Added Pin To Net: NetName=RESET_S7 Pin=U1_S7-4
Added Pin To Net: NetName=NetU1_S7_5 Pin=U1_S7-5
Added Pin To Net: NetName=SS_BUS7 Pin=U1_S7-6
Added Pin To Net: NetName=MOSI_S7 Pin=U1_S7-7
Added Pin To Net: NetName=MISO_S7 Pin=U1_S7-8
Added Pin To Net: NetName=SCK_S7 Pin=U1_S7-9
Added Pin To Net: NetName=SHD_S7 Pin=U1_S7-10
Added Pin To Net: NetName=DL3_S7 Pin=U1_S7-11
Added Pin To Net: NetName=DL2_S7 Pin=U1_S7-12
Added Pin To Net: NetName=GND Pin=U1_S7-14
Added Pin To Net: NetName=NetP1_S8_2 Pin=U1_S8-1
Added Pin To Net: NetName=Q1_S8 Pin=U1_S8-2
Added Pin To Net: NetName=Q2_S8 Pin=U1_S8-3
Added Pin To Net: NetName=RESET_S8 Pin=U1_S8-4
Added Pin To Net: NetName=NetU1_S8_5 Pin=U1_S8-5
Added Pin To Net: NetName=SS_BUS8 Pin=U1_S8-6
Added Pin To Net: NetName=MOSI_S8 Pin=U1_S8-7
Added Pin To Net: NetName=MISO_S8 Pin=U1_S8-8
Added Pin To Net: NetName=SCK_S8 Pin=U1_S8-9
Added Pin To Net: NetName=SHD_S8 Pin=U1_S8-10
Added Pin To Net: NetName=DL3_S8 Pin=U1_S8-11
Added Pin To Net: NetName=DL2_S8 Pin=U1_S8-12
Added Pin To Net: NetName=GND Pin=U1_S8-14
Added Pin To Net: NetName=GND Pin=U2_S6-1
Added Pin To Net: NetName=ANT1_S6 Pin=U2_S6-3
Added Pin To Net: NetName=P5V0 Pin=U2_S6-4
Added Pin To Net: NetName=GND Pin=U2_S6-5
Added Pin To Net: NetName=ANT2_S6 Pin=U2_S6-6
Added Pin To Net: NetName=P5V0 Pin=U2_S6-7
Added Pin To Net: NetName=DEMOD_IN_S6 Pin=U2_S6-8
Added Pin To Net: NetName=NetC9_S6_1 Pin=U2_S6-9
Added Pin To Net: NetName=NetC9_S6_2 Pin=U2_S6-10
Added Pin To Net: NetName=AGND_S6 Pin=U2_S6-11
Added Pin To Net: NetName=GND Pin=U2_S6-12
Added Pin To Net: NetName=NetU1_S6_5 Pin=U2_S6-13
Added Pin To Net: NetName=SHD_S6 Pin=U2_S6-14
Added Pin To Net: NetName=FCAP_S6 Pin=U2_S6-15
Added Pin To Net: NetName=DC2_S6 Pin=U2_S6-16
Added Pin To Net: NetName=GND Pin=U2_S7-1
Added Pin To Net: NetName=ANT1_S7 Pin=U2_S7-3
Added Pin To Net: NetName=P5V0 Pin=U2_S7-4
Added Pin To Net: NetName=GND Pin=U2_S7-5
Added Pin To Net: NetName=ANT2_S7 Pin=U2_S7-6
Added Pin To Net: NetName=P5V0 Pin=U2_S7-7
Added Pin To Net: NetName=DEMOD_IN_S7 Pin=U2_S7-8
Added Pin To Net: NetName=NetC9_S7_1 Pin=U2_S7-9
Added Pin To Net: NetName=NetC9_S7_2 Pin=U2_S7-10
Added Pin To Net: NetName=AGND_S7 Pin=U2_S7-11
Added Pin To Net: NetName=GND Pin=U2_S7-12
Added Pin To Net: NetName=NetU1_S7_5 Pin=U2_S7-13
Added Pin To Net: NetName=SHD_S7 Pin=U2_S7-14
Added Pin To Net: NetName=FCAP_S7 Pin=U2_S7-15
Added Pin To Net: NetName=DC2_S7 Pin=U2_S7-16
Added Pin To Net: NetName=GND Pin=U2_S8-1
Added Pin To Net: NetName=ANT1_S8 Pin=U2_S8-3
Added Pin To Net: NetName=P5V0 Pin=U2_S8-4
Added Pin To Net: NetName=GND Pin=U2_S8-5
Added Pin To Net: NetName=ANT2_S8 Pin=U2_S8-6
Added Pin To Net: NetName=P5V0 Pin=U2_S8-7
Added Pin To Net: NetName=DEMOD_IN_S8 Pin=U2_S8-8
Added Pin To Net: NetName=NetC9_S8_1 Pin=U2_S8-9
Added Pin To Net: NetName=NetC9_S8_2 Pin=U2_S8-10
Added Pin To Net: NetName=AGND_S8 Pin=U2_S8-11
Added Pin To Net: NetName=GND Pin=U2_S8-12
Added Pin To Net: NetName=NetU1_S8_5 Pin=U2_S8-13
Added Pin To Net: NetName=SHD_S8 Pin=U2_S8-14
Added Pin To Net: NetName=FCAP_S8 Pin=U2_S8-15
Added Pin To Net: NetName=DC2_S8 Pin=U2_S8-16
Added Member To Class: ClassName=S6 Member=Component C1_S6 (C1) 22uF
Added Member To Class: ClassName=S7 Member=Component C1_S7 (C1) 22uF
Added Member To Class: ClassName=S8 Member=Component C1_S8 (C1) 22uF
Added Member To Class: ClassName=S6 Member=Component C2_S6 (C2) 100nF
Added Member To Class: ClassName=S7 Member=Component C2_S7 (C2) 100nF
Added Member To Class: ClassName=S8 Member=Component C2_S8 (C2) 100nF
Added Member To Class: ClassName=S6 Member=Component C3_S6 (C3) 1nF
Added Member To Class: ClassName=S7 Member=Component C3_S7 (C3) 1nF
Added Member To Class: ClassName=S8 Member=Component C3_S8 (C3) 1nF
Added Member To Class: ClassName=S6 Member=Component C4_S6 (C4) 100pF
Added Member To Class: ClassName=S7 Member=Component C4_S7 (C4) 100pF
Added Member To Class: ClassName=S8 Member=Component C4_S8 (C4) 100pF
Added Member To Class: ClassName=S6 Member=Component C5_S6 (C5) 10nF
Added Member To Class: ClassName=S7 Member=Component C5_S7 (C5) 10nF
Added Member To Class: ClassName=S8 Member=Component C5_S8 (C5) 10nF
Added Member To Class: ClassName=S6 Member=Component C6_S6 (C6) 10nF
Added Member To Class: ClassName=S7 Member=Component C6_S7 (C6) 10nF
Added Member To Class: ClassName=S8 Member=Component C6_S8 (C6) 10nF
Added Member To Class: ClassName=S6 Member=Component C7_S6 (C7) 10nF
Added Member To Class: ClassName=S7 Member=Component C7_S7 (C7) 10nF
Added Member To Class: ClassName=S8 Member=Component C7_S8 (C7) 10nF
Added Member To Class: ClassName=S6 Member=Component C8_S6 (C8) 100nF
Added Member To Class: ClassName=S7 Member=Component C8_S7 (C8) 100nF
Added Member To Class: ClassName=S8 Member=Component C8_S8 (C8) 100nF
Added Member To Class: ClassName=S6 Member=Component C9_S6 (C9) 100nF
Added Member To Class: ClassName=S7 Member=Component C9_S7 (C9) 100nF
Added Member To Class: ClassName=S8 Member=Component C9_S8 (C9) 100nF
Added Member To Class: ClassName=S6 Member=Component C10_S6 (C10) 22nF
Added Member To Class: ClassName=S7 Member=Component C10_S7 (C10) 22nF
Added Member To Class: ClassName=S8 Member=Component C10_S8 (C10) 22nF
Added Member To Class: ClassName=S6 Member=Component C11_S6 (C11) 22nF
Added Member To Class: ClassName=S7 Member=Component C11_S7 (C11) 22nF
Added Member To Class: ClassName=S8 Member=Component C11_S8 (C11) 22nF
Added Member To Class: ClassName=S6 Member=Component DL1_S6 (DL1) 
Added Member To Class: ClassName=S7 Member=Component DL1_S7 (DL1) 
Added Member To Class: ClassName=S8 Member=Component DL1_S8 (DL1) 
Added Member To Class: ClassName=S6 Member=Component DL2_S6 (DL2) 
Added Member To Class: ClassName=S7 Member=Component DL2_S7 (DL2) 
Added Member To Class: ClassName=S8 Member=Component DL2_S8 (DL2) 
Added Member To Class: ClassName=S6 Member=Component DL3_S6 (DL3) 
Added Member To Class: ClassName=S7 Member=Component DL3_S7 (DL3) 
Added Member To Class: ClassName=S8 Member=Component DL3_S8 (DL3) 
Added Member To Class: ClassName=S6 Member=Component IC1_S6 (IC1) 74LVC126A
Added Member To Class: ClassName=S7 Member=Component IC1_S7 (IC1) 74LVC126A
Added Member To Class: ClassName=S8 Member=Component IC1_S8 (IC1) 74LVC126A
Added Member To Class: ClassName=S6 Member=Component J_Prog1_S6 (J_Prog1) 
Added Member To Class: ClassName=S7 Member=Component J_Prog1_S7 (J_Prog1) 
Added Member To Class: ClassName=S8 Member=Component J_Prog1_S8 (J_Prog1) 
Added Member To Class: ClassName=S6 Member=Component P1_S6 (P1) 
Added Member To Class: ClassName=S7 Member=Component P1_S7 (P1) 
Added Member To Class: ClassName=S8 Member=Component P1_S8 (P1) 
Added Member To Class: ClassName=S6 Member=Component Q1_S6 (Q1) 8MHz
Added Member To Class: ClassName=S7 Member=Component Q1_S7 (Q1) 8MHz
Added Member To Class: ClassName=S8 Member=Component Q1_S8 (Q1) 8MHz
Added Member To Class: ClassName=S6 Member=Component R1_S6 (R1) 100
Added Member To Class: ClassName=S7 Member=Component R1_S7 (R1) 100
Added Member To Class: ClassName=S8 Member=Component R1_S8 (R1) 100
Added Member To Class: ClassName=S6 Member=Component R4_S6 (R4) 1k
Added Member To Class: ClassName=S7 Member=Component R4_S7 (R4) 1k
Added Member To Class: ClassName=S8 Member=Component R4_S8 (R4) 1k
Added Member To Class: ClassName=S6 Member=Component R5_S6 (R5) 10k
Added Member To Class: ClassName=S7 Member=Component R5_S7 (R5) 10k
Added Member To Class: ClassName=S8 Member=Component R5_S8 (R5) 10k
Added Member To Class: ClassName=S6 Member=Component R6_S6 (R6) 1k
Added Member To Class: ClassName=S7 Member=Component R6_S7 (R6) 1k
Added Member To Class: ClassName=S8 Member=Component R6_S8 (R6) 1k
Added Member To Class: ClassName=S6 Member=Component R7_S6 (R7) 1k
Added Member To Class: ClassName=S7 Member=Component R7_S7 (R7) 1k
Added Member To Class: ClassName=S8 Member=Component R7_S8 (R7) 1k
Added Member To Class: ClassName=S6 Member=Component R8_S6 (R8) 15
Added Member To Class: ClassName=S7 Member=Component R8_S7 (R8) 15
Added Member To Class: ClassName=S8 Member=Component R8_S8 (R8) 15
Added Member To Class: ClassName=S6 Member=Component U1_S6 (U1) 
Added Member To Class: ClassName=S7 Member=Component U1_S7 (U1) 
Added Member To Class: ClassName=S8 Member=Component U1_S8 (U1) 
Added Member To Class: ClassName=S6 Member=Component U2_S6 (U2) EM4095
Added Member To Class: ClassName=S7 Member=Component U2_S7 (U2) EM4095
Added Member To Class: ClassName=S8 Member=Component U2_S8 (U2) EM4095
