Change Component Designator: OldDesignator=CAGND_RFID1 NewDesignator=C8_RFID1
Change Component Designator: OldDesignator=CAGND_RFID2 NewDesignator=C8_RFID2
Change Component Designator: OldDesignator=CAGND_RFID3 NewDesignator=C8_RFID3
Change Component Designator: OldDesignator=CAGND_RFID4 NewDesignator=C8_RFID4
Change Component Designator: OldDesignator=CAGND_RFID5 NewDesignator=C8_RFID5
Change Component Designator: OldDesignator=CAGND_RFID6 NewDesignator=C8_RFID6
Change Component Designator: OldDesignator=CAGND_RFID7 NewDesignator=C8_RFID7
Change Component Designator: OldDesignator=CAGND_RFID8 NewDesignator=C8_RFID8
Change Component Designator: OldDesignator=CDC_RFID1 NewDesignator=C6_RFID1
Change Component Designator: OldDesignator=CDC_RFID2 NewDesignator=C6_RFID2
Change Component Designator: OldDesignator=CDC_RFID3 NewDesignator=C6_RFID3
Change Component Designator: OldDesignator=CDC_RFID4 NewDesignator=C6_RFID4
Change Component Designator: OldDesignator=CDC_RFID5 NewDesignator=C6_RFID5
Change Component Designator: OldDesignator=CDC_RFID6 NewDesignator=C6_RFID6
Change Component Designator: OldDesignator=CDC_RFID7 NewDesignator=C6_RFID7
Change Component Designator: OldDesignator=CDC_RFID8 NewDesignator=C6_RFID8
Change Component Designator: OldDesignator=CDEC_RFID1 NewDesignator=C9_RFID1
Change Component Designator: OldDesignator=CDEC_RFID2 NewDesignator=C9_RFID2
Change Component Designator: OldDesignator=CDEC_RFID3 NewDesignator=C9_RFID3
Change Component Designator: OldDesignator=CDEC_RFID4 NewDesignator=C9_RFID4
Change Component Designator: OldDesignator=CDEC_RFID5 NewDesignator=C9_RFID5
Change Component Designator: OldDesignator=CDEC_RFID6 NewDesignator=C9_RFID6
Change Component Designator: OldDesignator=CDEC_RFID7 NewDesignator=C9_RFID7
Change Component Designator: OldDesignator=CDEC_RFID8 NewDesignator=C9_RFID8
Change Component Designator: OldDesignator=CDV1_RFID1 NewDesignator=C4_RFID1
Change Component Designator: OldDesignator=CDV1_RFID2 NewDesignator=C4_RFID2
Change Component Designator: OldDesignator=CDV1_RFID3 NewDesignator=C4_RFID3
Change Component Designator: OldDesignator=CDV1_RFID4 NewDesignator=C4_RFID4
Change Component Designator: OldDesignator=CDV1_RFID5 NewDesignator=C4_RFID5
Change Component Designator: OldDesignator=CDV1_RFID6 NewDesignator=C4_RFID6
Change Component Designator: OldDesignator=CDV1_RFID7 NewDesignator=C4_RFID7
Change Component Designator: OldDesignator=CDV1_RFID8 NewDesignator=C4_RFID8
Change Component Designator: OldDesignator=CDV2_RFID1 NewDesignator=C3_RFID1
Change Component Designator: OldDesignator=CDV2_RFID2 NewDesignator=C3_RFID2
Change Component Designator: OldDesignator=CDV2_RFID3 NewDesignator=C3_RFID3
Change Component Designator: OldDesignator=CDV2_RFID4 NewDesignator=C3_RFID4
Change Component Designator: OldDesignator=CDV2_RFID5 NewDesignator=C3_RFID5
Change Component Designator: OldDesignator=CDV2_RFID6 NewDesignator=C3_RFID6
Change Component Designator: OldDesignator=CDV2_RFID7 NewDesignator=C3_RFID7
Change Component Designator: OldDesignator=CDV2_RFID8 NewDesignator=C3_RFID8
Change Component Designator: OldDesignator=CFCAP_RFID1 NewDesignator=C7_RFID1
Change Component Designator: OldDesignator=CFCAP_RFID2 NewDesignator=C7_RFID2
Change Component Designator: OldDesignator=CFCAP_RFID3 NewDesignator=C7_RFID3
Change Component Designator: OldDesignator=CFCAP_RFID4 NewDesignator=C7_RFID4
Change Component Designator: OldDesignator=CFCAP_RFID5 NewDesignator=C7_RFID5
Change Component Designator: OldDesignator=CFCAP_RFID6 NewDesignator=C7_RFID6
Change Component Designator: OldDesignator=CFCAP_RFID7 NewDesignator=C7_RFID7
Change Component Designator: OldDesignator=CFCAP_RFID8 NewDesignator=C7_RFID8
Change Component Designator: OldDesignator=CRES_RFID1 NewDesignator=C5_RFID1
Change Component Designator: OldDesignator=CRES_RFID2 NewDesignator=C5_RFID2
Change Component Designator: OldDesignator=CRES_RFID3 NewDesignator=C5_RFID3
Change Component Designator: OldDesignator=CRES_RFID4 NewDesignator=C5_RFID4
Change Component Designator: OldDesignator=CRES_RFID5 NewDesignator=C5_RFID5
Change Component Designator: OldDesignator=CRES_RFID6 NewDesignator=C5_RFID6
Change Component Designator: OldDesignator=CRES_RFID7 NewDesignator=C5_RFID7
Change Component Designator: OldDesignator=CRES_RFID8 NewDesignator=C5_RFID8
Change Net Name : Old Net Name=NetCAGND_RFID1_1 New Net Name=NetC8_RFID1_1
Change Net Name : Old Net Name=NetCAGND_RFID2_1 New Net Name=NetC8_RFID2_1
Change Net Name : Old Net Name=NetCAGND_RFID3_1 New Net Name=NetC8_RFID3_1
Change Net Name : Old Net Name=NetCAGND_RFID4_1 New Net Name=NetC8_RFID4_1
Change Net Name : Old Net Name=NetCAGND_RFID5_1 New Net Name=NetC8_RFID5_1
Change Net Name : Old Net Name=NetCAGND_RFID6_1 New Net Name=NetC8_RFID6_1
Change Net Name : Old Net Name=NetCAGND_RFID7_1 New Net Name=NetC8_RFID7_1
Change Net Name : Old Net Name=NetCAGND_RFID8_1 New Net Name=NetC8_RFID8_1
Change Net Name : Old Net Name=NetCDC_RFID1_1 New Net Name=NetC6_RFID1_1
Change Net Name : Old Net Name=NetCDC_RFID2_1 New Net Name=NetC6_RFID2_1
Change Net Name : Old Net Name=NetCDC_RFID3_1 New Net Name=NetC6_RFID3_1
Change Net Name : Old Net Name=NetCDC_RFID4_1 New Net Name=NetC6_RFID4_1
Change Net Name : Old Net Name=NetCDC_RFID5_1 New Net Name=NetC6_RFID5_1
Change Net Name : Old Net Name=NetCDC_RFID6_1 New Net Name=NetC6_RFID6_1
Change Net Name : Old Net Name=NetCDC_RFID7_1 New Net Name=NetC6_RFID7_1
Change Net Name : Old Net Name=NetCDC_RFID8_1 New Net Name=NetC6_RFID8_1
Change Net Name : Old Net Name=NetCDEC_RFID1_1 New Net Name=NetC9_RFID1_1
Change Net Name : Old Net Name=NetCDEC_RFID1_2 New Net Name=NetC9_RFID1_2
Change Net Name : Old Net Name=NetCDEC_RFID2_1 New Net Name=NetC9_RFID2_1
Change Net Name : Old Net Name=NetCDEC_RFID2_2 New Net Name=NetC9_RFID2_2
Change Net Name : Old Net Name=NetCDEC_RFID3_1 New Net Name=NetC9_RFID3_1
Change Net Name : Old Net Name=NetCDEC_RFID3_2 New Net Name=NetC9_RFID3_2
Change Net Name : Old Net Name=NetCDEC_RFID4_1 New Net Name=NetC9_RFID4_1
Change Net Name : Old Net Name=NetCDEC_RFID4_2 New Net Name=NetC9_RFID4_2
Change Net Name : Old Net Name=NetCDEC_RFID5_1 New Net Name=NetC9_RFID5_1
Change Net Name : Old Net Name=NetCDEC_RFID5_2 New Net Name=NetC9_RFID5_2
Change Net Name : Old Net Name=NetCDEC_RFID6_1 New Net Name=NetC9_RFID6_1
Change Net Name : Old Net Name=NetCDEC_RFID6_2 New Net Name=NetC9_RFID6_2
Change Net Name : Old Net Name=NetCDEC_RFID7_1 New Net Name=NetC9_RFID7_1
Change Net Name : Old Net Name=NetCDEC_RFID7_2 New Net Name=NetC9_RFID7_2
Change Net Name : Old Net Name=NetCDEC_RFID8_1 New Net Name=NetC9_RFID8_1
Change Net Name : Old Net Name=NetCDEC_RFID8_2 New Net Name=NetC9_RFID8_2
Change Net Name : Old Net Name=NetCDV1_RFID1_1 New Net Name=NetC3_RFID1_2
Change Net Name : Old Net Name=NetCDV1_RFID1_2 New Net Name=NetC4_RFID1_2
Change Net Name : Old Net Name=NetCDV1_RFID2_1 New Net Name=NetC3_RFID2_2
Change Net Name : Old Net Name=NetCDV1_RFID2_2 New Net Name=NetC4_RFID2_2
Change Net Name : Old Net Name=NetCDV1_RFID3_1 New Net Name=NetC3_RFID3_2
Change Net Name : Old Net Name=NetCDV1_RFID3_2 New Net Name=NetC4_RFID3_2
Change Net Name : Old Net Name=NetCDV1_RFID4_1 New Net Name=NetC3_RFID4_2
Change Net Name : Old Net Name=NetCDV1_RFID4_2 New Net Name=NetC4_RFID4_2
Change Net Name : Old Net Name=NetCDV1_RFID5_1 New Net Name=NetC3_RFID5_2
Change Net Name : Old Net Name=NetCDV1_RFID5_2 New Net Name=NetC4_RFID5_2
Change Net Name : Old Net Name=NetCDV1_RFID6_1 New Net Name=NetC3_RFID6_2
Change Net Name : Old Net Name=NetCDV1_RFID6_2 New Net Name=NetC4_RFID6_2
Change Net Name : Old Net Name=NetCDV1_RFID7_1 New Net Name=NetC3_RFID7_2
Change Net Name : Old Net Name=NetCDV1_RFID7_2 New Net Name=NetC4_RFID7_2
Change Net Name : Old Net Name=NetCDV1_RFID8_1 New Net Name=NetC3_RFID8_2
Change Net Name : Old Net Name=NetCDV1_RFID8_2 New Net Name=NetC4_RFID8_2
Change Net Name : Old Net Name=NetCFCAP_RFID1_1 New Net Name=NetC7_RFID1_1
Change Net Name : Old Net Name=NetCFCAP_RFID2_1 New Net Name=NetC7_RFID2_1
Change Net Name : Old Net Name=NetCFCAP_RFID3_1 New Net Name=NetC7_RFID3_1
Change Net Name : Old Net Name=NetCFCAP_RFID4_1 New Net Name=NetC7_RFID4_1
Change Net Name : Old Net Name=NetCFCAP_RFID5_1 New Net Name=NetC7_RFID5_1
Change Net Name : Old Net Name=NetCFCAP_RFID6_1 New Net Name=NetC7_RFID6_1
Change Net Name : Old Net Name=NetCFCAP_RFID7_1 New Net Name=NetC7_RFID7_1
Change Net Name : Old Net Name=NetCFCAP_RFID8_1 New Net Name=NetC7_RFID8_1
Change Net Name : Old Net Name=NetCRES_RFID1_2 New Net Name=NetC5_RFID1_2
Change Net Name : Old Net Name=NetCRES_RFID2_2 New Net Name=NetC5_RFID2_2
Change Net Name : Old Net Name=NetCRES_RFID3_2 New Net Name=NetC5_RFID3_2
Change Net Name : Old Net Name=NetCRES_RFID4_2 New Net Name=NetC5_RFID4_2
Change Net Name : Old Net Name=NetCRES_RFID5_2 New Net Name=NetC5_RFID5_2
Change Net Name : Old Net Name=NetCRES_RFID6_2 New Net Name=NetC5_RFID6_2
Change Net Name : Old Net Name=NetCRES_RFID7_2 New Net Name=NetC5_RFID7_2
Change Net Name : Old Net Name=NetCRES_RFID8_2 New Net Name=NetC5_RFID8_2
