Change Component Designator: OldDesignator=C1_R1 NewDesignator=C1_S1
Change Component Designator: OldDesignator=C1_R2 NewDesignator=C1_S2
Change Component Designator: OldDesignator=C1_R3 NewDesignator=C1_S3
Change Component Designator: OldDesignator=C1_R4 NewDesignator=C1_S4
Change Component Designator: OldDesignator=C1_R5 NewDesignator=C1_S5
Change Component Designator: OldDesignator=C1_R6 NewDesignator=C1_S6
Change Component Designator: OldDesignator=C1_R7 NewDesignator=C1_S7
Change Component Designator: OldDesignator=C1_R8 NewDesignator=C1_S8
Change Component Designator: OldDesignator=C2_R1 NewDesignator=C2_S1
Change Component Designator: OldDesignator=C2_R2 NewDesignator=C2_S2
Change Component Designator: OldDesignator=C2_R3 NewDesignator=C2_S3
Change Component Designator: OldDesignator=C2_R4 NewDesignator=C2_S4
Change Component Designator: OldDesignator=C2_R5 NewDesignator=C2_S5
Change Component Designator: OldDesignator=C2_R6 NewDesignator=C2_S6
Change Component Designator: OldDesignator=C2_R7 NewDesignator=C2_S7
Change Component Designator: OldDesignator=C2_R8 NewDesignator=C2_S8
Change Component Designator: OldDesignator=C3_R1 NewDesignator=C3_S1
Change Component Designator: OldDesignator=C3_R2 NewDesignator=C3_S2
Change Component Designator: OldDesignator=C3_R3 NewDesignator=C3_S3
Change Component Designator: OldDesignator=C3_R4 NewDesignator=C3_S4
Change Component Designator: OldDesignator=C3_R5 NewDesignator=C3_S5
Change Component Designator: OldDesignator=C3_R6 NewDesignator=C3_S6
Change Component Designator: OldDesignator=C3_R7 NewDesignator=C3_S7
Change Component Designator: OldDesignator=C3_R8 NewDesignator=C3_S8
Change Component Designator: OldDesignator=C4_R1 NewDesignator=C4_S1
Change Component Designator: OldDesignator=C4_R2 NewDesignator=C4_S2
Change Component Designator: OldDesignator=C4_R3 NewDesignator=C4_S3
Change Component Designator: OldDesignator=C4_R4 NewDesignator=C4_S4
Change Component Designator: OldDesignator=C4_R5 NewDesignator=C4_S5
Change Component Designator: OldDesignator=C4_R6 NewDesignator=C4_S6
Change Component Designator: OldDesignator=C4_R7 NewDesignator=C4_S7
Change Component Designator: OldDesignator=C4_R8 NewDesignator=C4_S8
Change Component Designator: OldDesignator=C5_R1 NewDesignator=C5_S1
Change Component Designator: OldDesignator=C5_R2 NewDesignator=C5_S2
Change Component Designator: OldDesignator=C5_R3 NewDesignator=C5_S3
Change Component Designator: OldDesignator=C5_R4 NewDesignator=C5_S4
Change Component Designator: OldDesignator=C5_R5 NewDesignator=C5_S5
Change Component Designator: OldDesignator=C5_R6 NewDesignator=C5_S6
Change Component Designator: OldDesignator=C5_R7 NewDesignator=C5_S7
Change Component Designator: OldDesignator=C5_R8 NewDesignator=C5_S8
Change Component Designator: OldDesignator=C6_R1 NewDesignator=C6_S1
Change Component Designator: OldDesignator=C6_R2 NewDesignator=C6_S2
Change Component Designator: OldDesignator=C6_R3 NewDesignator=C6_S3
Change Component Designator: OldDesignator=C6_R4 NewDesignator=C6_S4
Change Component Designator: OldDesignator=C6_R5 NewDesignator=C6_S5
Change Component Designator: OldDesignator=C6_R6 NewDesignator=C6_S6
Change Component Designator: OldDesignator=C6_R7 NewDesignator=C6_S7
Change Component Designator: OldDesignator=C6_R8 NewDesignator=C6_S8
Change Component Designator: OldDesignator=C7_R1 NewDesignator=C7_S1
Change Component Designator: OldDesignator=C7_R2 NewDesignator=C7_S2
Change Component Designator: OldDesignator=C7_R3 NewDesignator=C7_S3
Change Component Designator: OldDesignator=C7_R4 NewDesignator=C7_S4
Change Component Designator: OldDesignator=C7_R5 NewDesignator=C7_S5
Change Component Designator: OldDesignator=C7_R6 NewDesignator=C7_S6
Change Component Designator: OldDesignator=C7_R7 NewDesignator=C7_S7
Change Component Designator: OldDesignator=C7_R8 NewDesignator=C7_S8
Change Component Designator: OldDesignator=C8_R1 NewDesignator=C8_S1
Change Component Designator: OldDesignator=C8_R2 NewDesignator=C8_S2
Change Component Designator: OldDesignator=C8_R3 NewDesignator=C8_S3
Change Component Designator: OldDesignator=C8_R4 NewDesignator=C8_S4
Change Component Designator: OldDesignator=C8_R5 NewDesignator=C8_S5
Change Component Designator: OldDesignator=C8_R6 NewDesignator=C8_S6
Change Component Designator: OldDesignator=C8_R7 NewDesignator=C8_S7
Change Component Designator: OldDesignator=C8_R8 NewDesignator=C8_S8
Change Component Designator: OldDesignator=C9_R1 NewDesignator=C9_S1
Change Component Designator: OldDesignator=C9_R2 NewDesignator=C9_S2
Change Component Designator: OldDesignator=C9_R3 NewDesignator=C9_S3
Change Component Designator: OldDesignator=C9_R4 NewDesignator=C9_S4
Change Component Designator: OldDesignator=C9_R5 NewDesignator=C9_S5
Change Component Designator: OldDesignator=C9_R6 NewDesignator=C9_S6
Change Component Designator: OldDesignator=C9_R7 NewDesignator=C9_S7
Change Component Designator: OldDesignator=C9_R8 NewDesignator=C9_S8
Change Component Designator: OldDesignator=C10_R1 NewDesignator=C10_S1
Change Component Designator: OldDesignator=C10_R2 NewDesignator=C10_S2
Change Component Designator: OldDesignator=C10_R3 NewDesignator=C10_S3
Change Component Designator: OldDesignator=C10_R4 NewDesignator=C10_S4
Change Component Designator: OldDesignator=C10_R5 NewDesignator=C10_S5
Change Component Designator: OldDesignator=C10_R6 NewDesignator=C10_S6
Change Component Designator: OldDesignator=C10_R7 NewDesignator=C10_S7
Change Component Designator: OldDesignator=C10_R8 NewDesignator=C10_S8
Change Component Designator: OldDesignator=C11_R1 NewDesignator=C11_S1
Change Component Designator: OldDesignator=C11_R2 NewDesignator=C11_S2
Change Component Designator: OldDesignator=C11_R3 NewDesignator=C11_S3
Change Component Designator: OldDesignator=C11_R4 NewDesignator=C11_S4
Change Component Designator: OldDesignator=C11_R5 NewDesignator=C11_S5
Change Component Designator: OldDesignator=C11_R6 NewDesignator=C11_S6
Change Component Designator: OldDesignator=C11_R7 NewDesignator=C11_S7
Change Component Designator: OldDesignator=C11_R8 NewDesignator=C11_S8
Change Component Designator: OldDesignator=DL1_R1 NewDesignator=DL1_S1
Change Component Designator: OldDesignator=DL1_R2 NewDesignator=DL1_S2
Change Component Designator: OldDesignator=DL1_R3 NewDesignator=DL1_S3
Change Component Designator: OldDesignator=DL1_R4 NewDesignator=DL1_S4
Change Component Designator: OldDesignator=DL1_R5 NewDesignator=DL1_S5
Change Component Designator: OldDesignator=DL1_R6 NewDesignator=DL1_S6
Change Component Designator: OldDesignator=DL1_R7 NewDesignator=DL1_S7
Change Component Designator: OldDesignator=DL1_R8 NewDesignator=DL1_S8
Change Component Designator: OldDesignator=DL2_R1 NewDesignator=DL2_S1
Change Component Designator: OldDesignator=DL2_R2 NewDesignator=DL2_S2
Change Component Designator: OldDesignator=DL2_R3 NewDesignator=DL2_S3
Change Component Designator: OldDesignator=DL2_R4 NewDesignator=DL2_S4
Change Component Designator: OldDesignator=DL2_R5 NewDesignator=DL2_S5
Change Component Designator: OldDesignator=DL2_R6 NewDesignator=DL2_S6
Change Component Designator: OldDesignator=DL2_R7 NewDesignator=DL2_S7
Change Component Designator: OldDesignator=DL2_R8 NewDesignator=DL2_S8
Change Component Designator: OldDesignator=DL3_R1 NewDesignator=DL3_S1
Change Component Designator: OldDesignator=DL3_R2 NewDesignator=DL3_S2
Change Component Designator: OldDesignator=DL3_R3 NewDesignator=DL3_S3
Change Component Designator: OldDesignator=DL3_R4 NewDesignator=DL3_S4
Change Component Designator: OldDesignator=DL3_R5 NewDesignator=DL3_S5
Change Component Designator: OldDesignator=DL3_R6 NewDesignator=DL3_S6
Change Component Designator: OldDesignator=DL3_R7 NewDesignator=DL3_S7
Change Component Designator: OldDesignator=DL3_R8 NewDesignator=DL3_S8
Change Component Designator: OldDesignator=IC1_R1 NewDesignator=IC1_S1
Change Component Designator: OldDesignator=IC1_R2 NewDesignator=IC1_S2
Change Component Designator: OldDesignator=IC1_R3 NewDesignator=IC1_S3
Change Component Designator: OldDesignator=IC1_R4 NewDesignator=IC1_S4
Change Component Designator: OldDesignator=IC1_R5 NewDesignator=IC1_S5
Change Component Designator: OldDesignator=IC1_R6 NewDesignator=IC1_S6
Change Component Designator: OldDesignator=IC1_R7 NewDesignator=IC1_S7
Change Component Designator: OldDesignator=IC1_R8 NewDesignator=IC1_S8
Change Component Designator: OldDesignator=J1_R1 NewDesignator=J1_S1
Change Component Designator: OldDesignator=J1_R2 NewDesignator=J1_S2
Change Component Designator: OldDesignator=J1_R3 NewDesignator=J1_S3
Change Component Designator: OldDesignator=J1_R4 NewDesignator=J1_S4
Change Component Designator: OldDesignator=J1_R5 NewDesignator=J1_S5
Change Component Designator: OldDesignator=J1_R6 NewDesignator=J1_S6
Change Component Designator: OldDesignator=J1_R7 NewDesignator=J1_S7
Change Component Designator: OldDesignator=J1_R8 NewDesignator=J1_S8
Change Component Designator: OldDesignator=J_Prog1_R1 NewDesignator=J_Prog1_S1
Change Component Designator: OldDesignator=J_Prog1_R2 NewDesignator=J_Prog1_S2
Change Component Designator: OldDesignator=J_Prog1_R3 NewDesignator=J_Prog1_S3
Change Component Designator: OldDesignator=J_Prog1_R4 NewDesignator=J_Prog1_S4
Change Component Designator: OldDesignator=J_Prog1_R5 NewDesignator=J_Prog1_S5
Change Component Designator: OldDesignator=J_Prog1_R6 NewDesignator=J_Prog1_S6
Change Component Designator: OldDesignator=J_Prog1_R7 NewDesignator=J_Prog1_S7
Change Component Designator: OldDesignator=J_Prog1_R8 NewDesignator=J_Prog1_S8
Change Component Designator: OldDesignator=P1_R1 NewDesignator=P1_S1
Change Component Designator: OldDesignator=P1_R2 NewDesignator=P1_S2
Change Component Designator: OldDesignator=P1_R3 NewDesignator=P1_S3
Change Component Designator: OldDesignator=P1_R4 NewDesignator=P1_S4
Change Component Designator: OldDesignator=P1_R5 NewDesignator=P1_S5
Change Component Designator: OldDesignator=P1_R6 NewDesignator=P1_S6
Change Component Designator: OldDesignator=P1_R7 NewDesignator=P1_S7
Change Component Designator: OldDesignator=P1_R8 NewDesignator=P1_S8
Change Component Designator: OldDesignator=Q1_R1 NewDesignator=Q1_S1
Change Component Designator: OldDesignator=Q1_R2 NewDesignator=Q1_S2
Change Component Designator: OldDesignator=Q1_R3 NewDesignator=Q1_S3
Change Component Designator: OldDesignator=Q1_R4 NewDesignator=Q1_S4
Change Component Designator: OldDesignator=Q1_R5 NewDesignator=Q1_S5
Change Component Designator: OldDesignator=Q1_R6 NewDesignator=Q1_S6
Change Component Designator: OldDesignator=Q1_R7 NewDesignator=Q1_S7
Change Component Designator: OldDesignator=Q1_R8 NewDesignator=Q1_S8
Change Component Designator: OldDesignator=R1_R1 NewDesignator=R1_S1
Change Component Designator: OldDesignator=R1_R2 NewDesignator=R1_S2
Change Component Designator: OldDesignator=R1_R3 NewDesignator=R1_S3
Change Component Designator: OldDesignator=R1_R4 NewDesignator=R1_S4
Change Component Designator: OldDesignator=R1_R5 NewDesignator=R1_S5
Change Component Designator: OldDesignator=R1_R6 NewDesignator=R1_S6
Change Component Designator: OldDesignator=R1_R7 NewDesignator=R1_S7
Change Component Designator: OldDesignator=R1_R8 NewDesignator=R1_S8
Change Component Designator: OldDesignator=R4_R1 NewDesignator=R4_S1
Change Component Designator: OldDesignator=R4_R2 NewDesignator=R4_S2
Change Component Designator: OldDesignator=R4_R3 NewDesignator=R4_S3
Change Component Designator: OldDesignator=R4_R4 NewDesignator=R4_S4
Change Component Designator: OldDesignator=R4_R5 NewDesignator=R4_S5
Change Component Designator: OldDesignator=R4_R6 NewDesignator=R4_S6
Change Component Designator: OldDesignator=R4_R7 NewDesignator=R4_S7
Change Component Designator: OldDesignator=R4_R8 NewDesignator=R4_S8
Change Component Designator: OldDesignator=R5_R1 NewDesignator=R5_S1
Change Component Designator: OldDesignator=R5_R2 NewDesignator=R5_S2
Change Component Designator: OldDesignator=R5_R3 NewDesignator=R5_S3
Change Component Designator: OldDesignator=R5_R4 NewDesignator=R5_S4
Change Component Designator: OldDesignator=R5_R5 NewDesignator=R5_S5
Change Component Designator: OldDesignator=R5_R6 NewDesignator=R5_S6
Change Component Designator: OldDesignator=R5_R7 NewDesignator=R5_S7
Change Component Designator: OldDesignator=R5_R8 NewDesignator=R5_S8
Change Component Designator: OldDesignator=R6_R1 NewDesignator=R6_S1
Change Component Designator: OldDesignator=R6_R2 NewDesignator=R6_S2
Change Component Designator: OldDesignator=R6_R3 NewDesignator=R6_S3
Change Component Designator: OldDesignator=R6_R4 NewDesignator=R6_S4
Change Component Designator: OldDesignator=R6_R5 NewDesignator=R6_S5
Change Component Designator: OldDesignator=R6_R6 NewDesignator=R6_S6
Change Component Designator: OldDesignator=R6_R7 NewDesignator=R6_S7
Change Component Designator: OldDesignator=R6_R8 NewDesignator=R6_S8
Change Component Designator: OldDesignator=R7_R1 NewDesignator=R7_S1
Change Component Designator: OldDesignator=R7_R2 NewDesignator=R7_S2
Change Component Designator: OldDesignator=R7_R3 NewDesignator=R7_S3
Change Component Designator: OldDesignator=R7_R4 NewDesignator=R7_S4
Change Component Designator: OldDesignator=R7_R5 NewDesignator=R7_S5
Change Component Designator: OldDesignator=R7_R6 NewDesignator=R7_S6
Change Component Designator: OldDesignator=R7_R7 NewDesignator=R7_S7
Change Component Designator: OldDesignator=R7_R8 NewDesignator=R7_S8
Change Component Designator: OldDesignator=R8_R1 NewDesignator=R8_S1
Change Component Designator: OldDesignator=R8_R2 NewDesignator=R8_S2
Change Component Designator: OldDesignator=R8_R3 NewDesignator=R8_S3
Change Component Designator: OldDesignator=R8_R4 NewDesignator=R8_S4
Change Component Designator: OldDesignator=R8_R5 NewDesignator=R8_S5
Change Component Designator: OldDesignator=R8_R6 NewDesignator=R8_S6
Change Component Designator: OldDesignator=R8_R7 NewDesignator=R8_S7
Change Component Designator: OldDesignator=R8_R8 NewDesignator=R8_S8
Change Component Designator: OldDesignator=U1_R1 NewDesignator=U1_S1
Change Component Designator: OldDesignator=U1_R2 NewDesignator=U1_S2
Change Component Designator: OldDesignator=U1_R3 NewDesignator=U1_S3
Change Component Designator: OldDesignator=U1_R4 NewDesignator=U1_S4
Change Component Designator: OldDesignator=U1_R5 NewDesignator=U1_S5
Change Component Designator: OldDesignator=U1_R6 NewDesignator=U1_S6
Change Component Designator: OldDesignator=U1_R7 NewDesignator=U1_S7
Change Component Designator: OldDesignator=U1_R8 NewDesignator=U1_S8
Change Component Designator: OldDesignator=U2_R1 NewDesignator=U2_S1
Change Component Designator: OldDesignator=U2_R2 NewDesignator=U2_S2
Change Component Designator: OldDesignator=U2_R3 NewDesignator=U2_S3
Change Component Designator: OldDesignator=U2_R4 NewDesignator=U2_S4
Change Component Designator: OldDesignator=U2_R5 NewDesignator=U2_S5
Change Component Designator: OldDesignator=U2_R6 NewDesignator=U2_S6
Change Component Designator: OldDesignator=U2_R7 NewDesignator=U2_S7
Change Component Designator: OldDesignator=U2_R8 NewDesignator=U2_S8
Change Net Name : Old Net Name=MISO_R1 New Net Name=MISO_S1
Change Net Name : Old Net Name=MISO_R2 New Net Name=MISO_S2
Change Net Name : Old Net Name=MISO_R3 New Net Name=MISO_S3
Change Net Name : Old Net Name=MISO_R4 New Net Name=MISO_S4
Change Net Name : Old Net Name=MISO_R5 New Net Name=MISO_S5
Change Net Name : Old Net Name=MISO_R6 New Net Name=MISO_S6
Change Net Name : Old Net Name=MISO_R7 New Net Name=MISO_S7
Change Net Name : Old Net Name=MISO_R8 New Net Name=MISO_S8
Change Net Name : Old Net Name=MOSI_R1 New Net Name=MOSI_S1
Change Net Name : Old Net Name=MOSI_R2 New Net Name=MOSI_S2
Change Net Name : Old Net Name=MOSI_R3 New Net Name=MOSI_S3
Change Net Name : Old Net Name=MOSI_R4 New Net Name=MOSI_S4
Change Net Name : Old Net Name=MOSI_R5 New Net Name=MOSI_S5
Change Net Name : Old Net Name=MOSI_R6 New Net Name=MOSI_S6
Change Net Name : Old Net Name=MOSI_R7 New Net Name=MOSI_S7
Change Net Name : Old Net Name=MOSI_R8 New Net Name=MOSI_S8
Change Net Name : Old Net Name=NetC3_R1_2 New Net Name=NetC3_S1_2
Change Net Name : Old Net Name=NetC3_R2_2 New Net Name=NetC3_S2_2
Change Net Name : Old Net Name=NetC3_R3_2 New Net Name=NetC3_S3_2
Change Net Name : Old Net Name=NetC3_R4_2 New Net Name=NetC3_S4_2
Change Net Name : Old Net Name=NetC3_R5_2 New Net Name=NetC3_S5_2
Change Net Name : Old Net Name=NetC3_R6_2 New Net Name=NetC3_S6_2
Change Net Name : Old Net Name=NetC3_R7_2 New Net Name=NetC3_S7_2
Change Net Name : Old Net Name=NetC3_R8_2 New Net Name=NetC3_S8_2
Change Net Name : Old Net Name=NetC4_R1_2 New Net Name=NetC4_S1_2
Change Net Name : Old Net Name=NetC4_R2_2 New Net Name=NetC4_S2_2
Change Net Name : Old Net Name=NetC4_R3_2 New Net Name=NetC4_S3_2
Change Net Name : Old Net Name=NetC4_R4_2 New Net Name=NetC4_S4_2
Change Net Name : Old Net Name=NetC4_R5_2 New Net Name=NetC4_S5_2
Change Net Name : Old Net Name=NetC4_R6_2 New Net Name=NetC4_S6_2
Change Net Name : Old Net Name=NetC4_R7_2 New Net Name=NetC4_S7_2
Change Net Name : Old Net Name=NetC4_R8_2 New Net Name=NetC4_S8_2
Change Net Name : Old Net Name=NetC5_R1_2 New Net Name=NetC5_S1_2
Change Net Name : Old Net Name=NetC5_R2_2 New Net Name=NetC5_S2_2
Change Net Name : Old Net Name=NetC5_R3_2 New Net Name=NetC5_S3_2
Change Net Name : Old Net Name=NetC5_R4_2 New Net Name=NetC5_S4_2
Change Net Name : Old Net Name=NetC5_R5_2 New Net Name=NetC5_S5_2
Change Net Name : Old Net Name=NetC5_R6_2 New Net Name=NetC5_S6_2
Change Net Name : Old Net Name=NetC5_R7_2 New Net Name=NetC5_S7_2
Change Net Name : Old Net Name=NetC5_R8_2 New Net Name=NetC5_S8_2
Change Net Name : Old Net Name=NetC6_R1_1 New Net Name=NetC6_S1_1
Change Net Name : Old Net Name=NetC6_R2_1 New Net Name=NetC6_S2_1
Change Net Name : Old Net Name=NetC6_R3_1 New Net Name=NetC6_S3_1
Change Net Name : Old Net Name=NetC6_R4_1 New Net Name=NetC6_S4_1
Change Net Name : Old Net Name=NetC6_R5_1 New Net Name=NetC6_S5_1
Change Net Name : Old Net Name=NetC6_R6_1 New Net Name=NetC6_S6_1
Change Net Name : Old Net Name=NetC6_R7_1 New Net Name=NetC6_S7_1
Change Net Name : Old Net Name=NetC6_R8_1 New Net Name=NetC6_S8_1
Change Net Name : Old Net Name=NetC7_R1_1 New Net Name=NetC7_S1_1
Change Net Name : Old Net Name=NetC7_R2_1 New Net Name=NetC7_S2_1
Change Net Name : Old Net Name=NetC7_R3_1 New Net Name=NetC7_S3_1
Change Net Name : Old Net Name=NetC7_R4_1 New Net Name=NetC7_S4_1
Change Net Name : Old Net Name=NetC7_R5_1 New Net Name=NetC7_S5_1
Change Net Name : Old Net Name=NetC7_R6_1 New Net Name=NetC7_S6_1
Change Net Name : Old Net Name=NetC7_R7_1 New Net Name=NetC7_S7_1
Change Net Name : Old Net Name=NetC7_R8_1 New Net Name=NetC7_S8_1
Change Net Name : Old Net Name=NetC8_R1_1 New Net Name=NetC8_S1_1
Change Net Name : Old Net Name=NetC8_R2_1 New Net Name=NetC8_S2_1
Change Net Name : Old Net Name=NetC8_R3_1 New Net Name=NetC8_S3_1
Change Net Name : Old Net Name=NetC8_R4_1 New Net Name=NetC8_S4_1
Change Net Name : Old Net Name=NetC8_R5_1 New Net Name=NetC8_S5_1
Change Net Name : Old Net Name=NetC8_R6_1 New Net Name=NetC8_S6_1
Change Net Name : Old Net Name=NetC8_R7_1 New Net Name=NetC8_S7_1
Change Net Name : Old Net Name=NetC8_R8_1 New Net Name=NetC8_S8_1
Change Net Name : Old Net Name=NetC9_R1_1 New Net Name=NetC9_S1_1
Change Net Name : Old Net Name=NetC9_R1_2 New Net Name=NetC9_S1_2
Change Net Name : Old Net Name=NetC9_R2_1 New Net Name=NetC9_S2_1
Change Net Name : Old Net Name=NetC9_R2_2 New Net Name=NetC9_S2_2
Change Net Name : Old Net Name=NetC9_R3_1 New Net Name=NetC9_S3_1
Change Net Name : Old Net Name=NetC9_R3_2 New Net Name=NetC9_S3_2
Change Net Name : Old Net Name=NetC9_R4_1 New Net Name=NetC9_S4_1
Change Net Name : Old Net Name=NetC9_R4_2 New Net Name=NetC9_S4_2
Change Net Name : Old Net Name=NetC9_R5_1 New Net Name=NetC9_S5_1
Change Net Name : Old Net Name=NetC9_R5_2 New Net Name=NetC9_S5_2
Change Net Name : Old Net Name=NetC9_R6_1 New Net Name=NetC9_S6_1
Change Net Name : Old Net Name=NetC9_R6_2 New Net Name=NetC9_S6_2
Change Net Name : Old Net Name=NetC9_R7_1 New Net Name=NetC9_S7_1
Change Net Name : Old Net Name=NetC9_R7_2 New Net Name=NetC9_S7_2
Change Net Name : Old Net Name=NetC9_R8_1 New Net Name=NetC9_S8_1
Change Net Name : Old Net Name=NetC9_R8_2 New Net Name=NetC9_S8_2
Change Net Name : Old Net Name=NetC10_R1_2 New Net Name=NetC10_S1_2
Change Net Name : Old Net Name=NetC10_R2_2 New Net Name=NetC10_S2_2
Change Net Name : Old Net Name=NetC10_R3_2 New Net Name=NetC10_S3_2
Change Net Name : Old Net Name=NetC10_R4_2 New Net Name=NetC10_S4_2
Change Net Name : Old Net Name=NetC10_R5_2 New Net Name=NetC10_S5_2
Change Net Name : Old Net Name=NetC10_R6_2 New Net Name=NetC10_S6_2
Change Net Name : Old Net Name=NetC10_R7_2 New Net Name=NetC10_S7_2
Change Net Name : Old Net Name=NetC10_R8_2 New Net Name=NetC10_S8_2
Change Net Name : Old Net Name=NetC11_R1_1 New Net Name=NetC11_S1_1
Change Net Name : Old Net Name=NetC11_R2_1 New Net Name=NetC11_S2_1
Change Net Name : Old Net Name=NetC11_R3_1 New Net Name=NetC11_S3_1
Change Net Name : Old Net Name=NetC11_R4_1 New Net Name=NetC11_S4_1
Change Net Name : Old Net Name=NetC11_R5_1 New Net Name=NetC11_S5_1
Change Net Name : Old Net Name=NetC11_R6_1 New Net Name=NetC11_S6_1
Change Net Name : Old Net Name=NetC11_R7_1 New Net Name=NetC11_S7_1
Change Net Name : Old Net Name=NetC11_R8_1 New Net Name=NetC11_S8_1
Change Net Name : Old Net Name=NetDL1_R1_K New Net Name=NetDL1_S1_K
Change Net Name : Old Net Name=NetDL1_R2_K New Net Name=NetDL1_S2_K
Change Net Name : Old Net Name=NetDL1_R3_K New Net Name=NetDL1_S3_K
Change Net Name : Old Net Name=NetDL1_R4_K New Net Name=NetDL1_S4_K
Change Net Name : Old Net Name=NetDL1_R5_K New Net Name=NetDL1_S5_K
Change Net Name : Old Net Name=NetDL1_R6_K New Net Name=NetDL1_S6_K
Change Net Name : Old Net Name=NetDL1_R7_K New Net Name=NetDL1_S7_K
Change Net Name : Old Net Name=NetDL1_R8_K New Net Name=NetDL1_S8_K
Change Net Name : Old Net Name=NetDL2_R1_A New Net Name=NetDL2_S1_A
Change Net Name : Old Net Name=NetDL2_R2_A New Net Name=NetDL2_S2_A
Change Net Name : Old Net Name=NetDL2_R3_A New Net Name=NetDL2_S3_A
Change Net Name : Old Net Name=NetDL2_R4_A New Net Name=NetDL2_S4_A
Change Net Name : Old Net Name=NetDL2_R5_A New Net Name=NetDL2_S5_A
Change Net Name : Old Net Name=NetDL2_R6_A New Net Name=NetDL2_S6_A
Change Net Name : Old Net Name=NetDL2_R7_A New Net Name=NetDL2_S7_A
Change Net Name : Old Net Name=NetDL2_R8_A New Net Name=NetDL2_S8_A
Change Net Name : Old Net Name=NetDL3_R1_A New Net Name=NetDL3_S1_A
Change Net Name : Old Net Name=NetDL3_R2_A New Net Name=NetDL3_S2_A
Change Net Name : Old Net Name=NetDL3_R3_A New Net Name=NetDL3_S3_A
Change Net Name : Old Net Name=NetDL3_R4_A New Net Name=NetDL3_S4_A
Change Net Name : Old Net Name=NetDL3_R5_A New Net Name=NetDL3_S5_A
Change Net Name : Old Net Name=NetDL3_R6_A New Net Name=NetDL3_S6_A
Change Net Name : Old Net Name=NetDL3_R7_A New Net Name=NetDL3_S7_A
Change Net Name : Old Net Name=NetDL3_R8_A New Net Name=NetDL3_S8_A
Change Net Name : Old Net Name=NetIC1_R1_2 New Net Name=NetIC1_S1_2
Change Net Name : Old Net Name=NetIC1_R1_6 New Net Name=NetIC1_S1_6
Change Net Name : Old Net Name=NetIC1_R1_9 New Net Name=NetIC1_S1_9
Change Net Name : Old Net Name=NetIC1_R2_6 New Net Name=NetIC1_S2_6
Change Net Name : Old Net Name=NetIC1_R3_6 New Net Name=NetIC1_S3_6
Change Net Name : Old Net Name=NetIC1_R4_6 New Net Name=NetIC1_S4_6
Change Net Name : Old Net Name=NetIC1_R5_6 New Net Name=NetIC1_S5_6
Change Net Name : Old Net Name=NetIC1_R6_6 New Net Name=NetIC1_S6_6
Change Net Name : Old Net Name=NetIC1_R7_6 New Net Name=NetIC1_S7_6
Change Net Name : Old Net Name=NetIC1_R8_6 New Net Name=NetIC1_S8_6
Change Net Name : Old Net Name=NetJ1_R1_1 New Net Name=NetJ1_S1_1
Change Net Name : Old Net Name=NetJ1_R2_1 New Net Name=NetJ1_S2_1
Change Net Name : Old Net Name=NetJ1_R3_1 New Net Name=NetJ1_S3_1
Change Net Name : Old Net Name=NetJ1_R4_1 New Net Name=NetJ1_S4_1
Change Net Name : Old Net Name=NetJ1_R5_1 New Net Name=NetJ1_S5_1
Change Net Name : Old Net Name=NetJ1_R6_1 New Net Name=NetJ1_S6_1
Change Net Name : Old Net Name=NetJ1_R7_1 New Net Name=NetJ1_S7_1
Change Net Name : Old Net Name=NetJ1_R8_1 New Net Name=NetJ1_S8_1
Change Net Name : Old Net Name=NetP1_R1_2 New Net Name=NetP1_S1_2
Change Net Name : Old Net Name=NetP1_R2_2 New Net Name=NetP1_S2_2
Change Net Name : Old Net Name=NetP1_R3_2 New Net Name=NetP1_S3_2
Change Net Name : Old Net Name=NetP1_R4_2 New Net Name=NetP1_S4_2
Change Net Name : Old Net Name=NetP1_R5_2 New Net Name=NetP1_S5_2
Change Net Name : Old Net Name=NetP1_R6_2 New Net Name=NetP1_S6_2
Change Net Name : Old Net Name=NetP1_R7_2 New Net Name=NetP1_S7_2
Change Net Name : Old Net Name=NetP1_R8_2 New Net Name=NetP1_S8_2
Change Net Name : Old Net Name=NetR1_R1_1 New Net Name=NetR1_S1_1
Change Net Name : Old Net Name=NetR6_R1_2 New Net Name=NetR6_S1_2
Change Net Name : Old Net Name=NetR6_R2_2 New Net Name=NetR6_S2_2
Change Net Name : Old Net Name=NetR6_R3_2 New Net Name=NetR6_S3_2
Change Net Name : Old Net Name=NetR6_R4_2 New Net Name=NetR6_S4_2
Change Net Name : Old Net Name=NetR6_R5_2 New Net Name=NetR6_S5_2
Change Net Name : Old Net Name=NetR6_R6_2 New Net Name=NetR6_S6_2
Change Net Name : Old Net Name=NetR6_R7_2 New Net Name=NetR6_S7_2
Change Net Name : Old Net Name=NetR6_R8_2 New Net Name=NetR6_S8_2
Change Net Name : Old Net Name=NetR7_R1_2 New Net Name=NetR7_S1_2
Change Net Name : Old Net Name=NetR7_R2_2 New Net Name=NetR7_S2_2
Change Net Name : Old Net Name=NetR7_R3_2 New Net Name=NetR7_S3_2
Change Net Name : Old Net Name=NetR7_R4_2 New Net Name=NetR7_S4_2
Change Net Name : Old Net Name=NetR7_R5_2 New Net Name=NetR7_S5_2
Change Net Name : Old Net Name=NetR7_R6_2 New Net Name=NetR7_S6_2
Change Net Name : Old Net Name=NetR7_R7_2 New Net Name=NetR7_S7_2
Change Net Name : Old Net Name=NetR7_R8_2 New Net Name=NetR7_S8_2
Change Net Name : Old Net Name=NetR8_R1_2 New Net Name=NetR8_S1_2
Change Net Name : Old Net Name=NetR8_R2_2 New Net Name=NetR8_S2_2
Change Net Name : Old Net Name=NetR8_R3_2 New Net Name=NetR8_S3_2
Change Net Name : Old Net Name=NetR8_R4_2 New Net Name=NetR8_S4_2
Change Net Name : Old Net Name=NetR8_R5_2 New Net Name=NetR8_S5_2
Change Net Name : Old Net Name=NetR8_R6_2 New Net Name=NetR8_S6_2
Change Net Name : Old Net Name=NetR8_R7_2 New Net Name=NetR8_S7_2
Change Net Name : Old Net Name=NetR8_R8_2 New Net Name=NetR8_S8_2
Change Net Name : Old Net Name=NetU1_R1_5 New Net Name=NetU1_S1_5
Change Net Name : Old Net Name=NetU1_R2_5 New Net Name=NetU1_S2_5
Change Net Name : Old Net Name=NetU1_R3_5 New Net Name=NetU1_S3_5
Change Net Name : Old Net Name=NetU1_R4_5 New Net Name=NetU1_S4_5
Change Net Name : Old Net Name=NetU1_R5_5 New Net Name=NetU1_S5_5
Change Net Name : Old Net Name=NetU1_R6_5 New Net Name=NetU1_S6_5
Change Net Name : Old Net Name=NetU1_R7_5 New Net Name=NetU1_S7_5
Change Net Name : Old Net Name=NetU1_R8_5 New Net Name=NetU1_S8_5
Change Net Name : Old Net Name=RESET_R1 New Net Name=RESET_S1
Change Net Name : Old Net Name=RESET_R2 New Net Name=RESET_S2
Change Net Name : Old Net Name=RESET_R3 New Net Name=RESET_S3
Change Net Name : Old Net Name=RESET_R4 New Net Name=RESET_S4
Change Net Name : Old Net Name=RESET_R5 New Net Name=RESET_S5
Change Net Name : Old Net Name=RESET_R6 New Net Name=RESET_S6
Change Net Name : Old Net Name=RESET_R7 New Net Name=RESET_S7
Change Net Name : Old Net Name=RESET_R8 New Net Name=RESET_S8
Change Net Name : Old Net Name=SCK_R1 New Net Name=SCK_S1
Change Net Name : Old Net Name=SCK_R2 New Net Name=SCK_S2
Change Net Name : Old Net Name=SCK_R3 New Net Name=SCK_S3
Change Net Name : Old Net Name=SCK_R4 New Net Name=SCK_S4
Change Net Name : Old Net Name=SCK_R5 New Net Name=SCK_S5
Change Net Name : Old Net Name=SCK_R6 New Net Name=SCK_S6
Change Net Name : Old Net Name=SCK_R7 New Net Name=SCK_S7
Change Net Name : Old Net Name=SCK_R8 New Net Name=SCK_S8
Change Net Name : Old Net Name=SHD_R1 New Net Name=SHD_S1
Change Net Name : Old Net Name=SHD_R2 New Net Name=SHD_S2
Change Net Name : Old Net Name=SHD_R3 New Net Name=SHD_S3
Change Net Name : Old Net Name=SHD_R4 New Net Name=SHD_S4
Change Net Name : Old Net Name=SHD_R5 New Net Name=SHD_S5
Change Net Name : Old Net Name=SHD_R6 New Net Name=SHD_S6
Change Net Name : Old Net Name=SHD_R7 New Net Name=SHD_S7
Change Net Name : Old Net Name=SHD_R8 New Net Name=SHD_S8
Change Class Name : Old Net Name=R1 New Net Name=S1
Change Class Name : Old Net Name=R2 New Net Name=S2
Change Class Name : Old Net Name=R3 New Net Name=S3
Change Class Name : Old Net Name=R4 New Net Name=S4
Change Class Name : Old Net Name=R5 New Net Name=S5
Change Class Name : Old Net Name=R6 New Net Name=S6
Change Class Name : Old Net Name=R7 New Net Name=S7
Change Class Name : Old Net Name=R8 New Net Name=S8
Change Room Name: Old Name=R6 New Name=S6
Change Room Scope: Old Scope=InComponentClass('R6') New Scope=InComponentClass('S6')
Added Room: Name=S1
Added Room: Name=S2
Added Room: Name=S3
Added Room: Name=S4
Added Room: Name=S5
Added Room: Name=S7
Added Room: Name=S8
