Removed Pin From Net: NetName=GND Pin=C3_RFID1-1
Removed Pin From Net: NetName=GND Pin=C3_RFID2-1
Removed Pin From Net: NetName=GND Pin=C3_RFID3-1
Removed Pin From Net: NetName=GND Pin=C3_RFID4-1
Removed Pin From Net: NetName=GND Pin=C3_RFID5-1
Removed Pin From Net: NetName=GND Pin=C3_RFID6-1
Removed Pin From Net: NetName=GND Pin=C3_RFID7-1
Removed Pin From Net: NetName=GND Pin=C3_RFID8-1
Removed Pin From Net: NetName=SS_BUS1 Pin=R6_RFID1-2
Removed Pin From Net: NetName=SS_BUS2 Pin=R6_RFID2-2
Removed Pin From Net: NetName=SS_BUS3 Pin=R6_RFID3-2
Removed Pin From Net: NetName=SS_BUS4 Pin=R6_RFID4-2
Removed Pin From Net: NetName=SS_BUS5 Pin=R6_RFID5-2
Removed Pin From Net: NetName=SS_BUS6 Pin=R6_RFID6-2
Removed Pin From Net: NetName=SS_BUS7 Pin=R6_RFID7-2
Removed Pin From Net: NetName=SS_BUS8 Pin=R6_RFID8-2
Removed Pin From Net: NetName=RESET_RFID1 Pin=T1_RFID1-1
Removed Pin From Net: NetName=MOSI_RFID1 Pin=T1_RFID1-3
Removed Pin From Net: NetName=RESET_RFID2 Pin=T1_RFID2-1
Removed Pin From Net: NetName=MOSI_RFID2 Pin=T1_RFID2-3
Removed Pin From Net: NetName=RESET_RFID3 Pin=T1_RFID3-1
Removed Pin From Net: NetName=MOSI_RFID3 Pin=T1_RFID3-3
Removed Pin From Net: NetName=RESET_RFID4 Pin=T1_RFID4-1
Removed Pin From Net: NetName=MOSI_RFID4 Pin=T1_RFID4-3
Removed Pin From Net: NetName=RESET_RFID5 Pin=T1_RFID5-1
Removed Pin From Net: NetName=MOSI_RFID5 Pin=T1_RFID5-3
Removed Pin From Net: NetName=RESET_RFID6 Pin=T1_RFID6-1
Removed Pin From Net: NetName=MOSI_RFID6 Pin=T1_RFID6-3
Removed Pin From Net: NetName=RESET_RFID7 Pin=T1_RFID7-1
Removed Pin From Net: NetName=MOSI_RFID7 Pin=T1_RFID7-3
Removed Pin From Net: NetName=RESET_RFID8 Pin=T1_RFID8-1
Removed Pin From Net: NetName=MOSI_RFID8 Pin=T1_RFID8-3
Removed Pin From Net: NetName=RESET_RFID1 Pin=T2_RFID1-1
Removed Pin From Net: NetName=MISO_RFID1 Pin=T2_RFID1-3
Removed Pin From Net: NetName=RESET_RFID2 Pin=T2_RFID2-1
Removed Pin From Net: NetName=MISO_RFID2 Pin=T2_RFID2-3
Removed Pin From Net: NetName=RESET_RFID3 Pin=T2_RFID3-1
Removed Pin From Net: NetName=MISO_RFID3 Pin=T2_RFID3-3
Removed Pin From Net: NetName=RESET_RFID4 Pin=T2_RFID4-1
Removed Pin From Net: NetName=MISO_RFID4 Pin=T2_RFID4-3
Removed Pin From Net: NetName=RESET_RFID5 Pin=T2_RFID5-1
Removed Pin From Net: NetName=MISO_RFID5 Pin=T2_RFID5-3
Removed Pin From Net: NetName=RESET_RFID6 Pin=T2_RFID6-1
Removed Pin From Net: NetName=MISO_RFID6 Pin=T2_RFID6-3
Removed Pin From Net: NetName=RESET_RFID7 Pin=T2_RFID7-1
Removed Pin From Net: NetName=MISO_RFID7 Pin=T2_RFID7-3
Removed Pin From Net: NetName=RESET_RFID8 Pin=T2_RFID8-1
Removed Pin From Net: NetName=MISO_RFID8 Pin=T2_RFID8-3
Removed Pin From Net: NetName=RESET_RFID1 Pin=T3_RFID1-1
Removed Pin From Net: NetName=SCK_RFID1 Pin=T3_RFID1-3
Removed Pin From Net: NetName=RESET_RFID2 Pin=T3_RFID2-1
Removed Pin From Net: NetName=SCK_RFID2 Pin=T3_RFID2-3
Removed Pin From Net: NetName=RESET_RFID3 Pin=T3_RFID3-1
Removed Pin From Net: NetName=SCK_RFID3 Pin=T3_RFID3-3
Removed Pin From Net: NetName=RESET_RFID4 Pin=T3_RFID4-1
Removed Pin From Net: NetName=SCK_RFID4 Pin=T3_RFID4-3
Removed Pin From Net: NetName=RESET_RFID5 Pin=T3_RFID5-1
Removed Pin From Net: NetName=SCK_RFID5 Pin=T3_RFID5-3
Removed Pin From Net: NetName=RESET_RFID6 Pin=T3_RFID6-1
Removed Pin From Net: NetName=SCK_RFID6 Pin=T3_RFID6-3
Removed Pin From Net: NetName=RESET_RFID7 Pin=T3_RFID7-1
Removed Pin From Net: NetName=SCK_RFID7 Pin=T3_RFID7-3
Removed Pin From Net: NetName=RESET_RFID8 Pin=T3_RFID8-1
Removed Pin From Net: NetName=SCK_RFID8 Pin=T3_RFID8-3
Removed Pin From Net: NetName=NetR1_RFID1_1 Pin=U1-3
Removed Pin From Net: NetName=SS_BUS1 Pin=U1-20
Removed Pin From Net: NetName=SS_BUS2 Pin=U1-21
Removed Pin From Net: NetName=SS_BUS3 Pin=U1-22
Removed Pin From Net: NetName=SS_BUS4 Pin=U1-23
Removed Pin From Net: NetName=SS_BUS5 Pin=U1-24
Removed Pin From Net: NetName=SS_BUS6 Pin=U1-25
Removed Pin From Net: NetName=SS_BUS7 Pin=U1-26
Removed Pin From Net: NetName=SS_BUS8 Pin=U1-27
Removed Pin From Net: NetName=SS_BUS1 Pin=U1_RFID1-12
Removed Pin From Net: NetName=SS_BUS2 Pin=U1_RFID2-12
Removed Pin From Net: NetName=SS_BUS3 Pin=U1_RFID3-12
Removed Pin From Net: NetName=SS_BUS4 Pin=U1_RFID4-12
Removed Pin From Net: NetName=SS_BUS5 Pin=U1_RFID5-12
Removed Pin From Net: NetName=SS_BUS6 Pin=U1_RFID6-12
Removed Pin From Net: NetName=SS_BUS7 Pin=U1_RFID7-12
Removed Pin From Net: NetName=SS_BUS8 Pin=U1_RFID8-12
Removed Member From Class: ClassName=RFID1 Member=C3_RFID1
Removed Member From Class: ClassName=RFID2 Member=C3_RFID2
Removed Member From Class: ClassName=RFID3 Member=C3_RFID3
Removed Member From Class: ClassName=RFID4 Member=C3_RFID4
Removed Member From Class: ClassName=RFID5 Member=C3_RFID5
Removed Member From Class: ClassName=RFID6 Member=C3_RFID6
Removed Member From Class: ClassName=RFID7 Member=C3_RFID7
Removed Member From Class: ClassName=RFID8 Member=C3_RFID8
Removed Member From Class: ClassName=Sheet2 Member=P3
Removed Member From Class: ClassName=RFID1 Member=R2_RFID1
Removed Member From Class: ClassName=RFID2 Member=R2_RFID2
Removed Member From Class: ClassName=RFID3 Member=R2_RFID3
Removed Member From Class: ClassName=RFID4 Member=R2_RFID4
Removed Member From Class: ClassName=RFID5 Member=R2_RFID5
Removed Member From Class: ClassName=RFID6 Member=R2_RFID6
Removed Member From Class: ClassName=RFID7 Member=R2_RFID7
Removed Member From Class: ClassName=RFID8 Member=R2_RFID8
Removed Member From Class: ClassName=RFID1 Member=R3_RFID1
Removed Member From Class: ClassName=RFID2 Member=R3_RFID2
Removed Member From Class: ClassName=RFID3 Member=R3_RFID3
Removed Member From Class: ClassName=RFID4 Member=R3_RFID4
Removed Member From Class: ClassName=RFID5 Member=R3_RFID5
Removed Member From Class: ClassName=RFID6 Member=R3_RFID6
Removed Member From Class: ClassName=RFID7 Member=R3_RFID7
Removed Member From Class: ClassName=RFID8 Member=R3_RFID8
Removed Member From Class: ClassName=RFID1 Member=T1_RFID1
Removed Member From Class: ClassName=RFID2 Member=T1_RFID2
Removed Member From Class: ClassName=RFID3 Member=T1_RFID3
Removed Member From Class: ClassName=RFID4 Member=T1_RFID4
Removed Member From Class: ClassName=RFID5 Member=T1_RFID5
Removed Member From Class: ClassName=RFID6 Member=T1_RFID6
Removed Member From Class: ClassName=RFID7 Member=T1_RFID7
Removed Member From Class: ClassName=RFID8 Member=T1_RFID8
Removed Member From Class: ClassName=RFID1 Member=T2_RFID1
Removed Member From Class: ClassName=RFID2 Member=T2_RFID2
Removed Member From Class: ClassName=RFID3 Member=T2_RFID3
Removed Member From Class: ClassName=RFID4 Member=T2_RFID4
Removed Member From Class: ClassName=RFID5 Member=T2_RFID5
Removed Member From Class: ClassName=RFID6 Member=T2_RFID6
Removed Member From Class: ClassName=RFID7 Member=T2_RFID7
Removed Member From Class: ClassName=RFID8 Member=T2_RFID8
Removed Member From Class: ClassName=RFID1 Member=T3_RFID1
Removed Member From Class: ClassName=RFID2 Member=T3_RFID2
Removed Member From Class: ClassName=RFID3 Member=T3_RFID3
Removed Member From Class: ClassName=RFID4 Member=T3_RFID4
Removed Member From Class: ClassName=RFID5 Member=T3_RFID5
Removed Member From Class: ClassName=RFID6 Member=T3_RFID6
Removed Member From Class: ClassName=RFID7 Member=T3_RFID7
Removed Member From Class: ClassName=RFID8 Member=T3_RFID8
Change Component Footprint: Designator=L1 Old Footprint=0402-A New Footprint=IND_MURATA_LQH32
Change Component Comment : Designator=L1 Old Comment= New Comment=10uH
Change Component Comment : Designator=U1 Old Comment=ATxmega16A4-AU New Comment=ATxmega16A4U-AU
Change Component Comment : Designator=J_PD Old Comment=Header 3X2 New Comment=
Change Component Comment : Designator=J_Prog1_RFID1 Old Comment=Header 3X2 New Comment=
Change Component Comment : Designator=J_Prog1_RFID2 Old Comment=Header 3X2 New Comment=
Change Component Comment : Designator=J_Prog1_RFID3 Old Comment=Header 3X2 New Comment=
Change Component Comment : Designator=J_Prog1_RFID4 Old Comment=Header 3X2 New Comment=
Change Component Comment : Designator=J_Prog1_RFID5 Old Comment=Header 3X2 New Comment=
Change Component Comment : Designator=J_Prog1_RFID6 Old Comment=Header 3X2 New Comment=
Change Component Comment : Designator=J_Prog1_RFID7 Old Comment=Header 3X2 New Comment=
Change Component Comment : Designator=J_Prog1_RFID8 Old Comment=Header 3X2 New Comment=
Change Component Designator: OldDesignator=IC? NewDesignator=IC1
Change component parameters: Designator = "L1"; Footprint = "IND_MURATA_LQH32"; UniqueID = "\VHQCBXQP"
Change component parameters. Clean all parameters for all variants
Change component parameters (AddParameter): Name = "Author"; Value = "CERN DEM JLC"; VariantName = "[No Variations]"
Change component parameters (AddParameter): Name = "ComponentHeight"; Value = "2.2mm"; VariantName = "[No Variations]"
Change component parameters (AddParameter): Name = "Component Type"; Value = "Standard"; VariantName = "[No Variations]"
Change component parameters (AddParameter): Name = "CreateDate"; Value = "2009-04-06"; VariantName = "[No Variations]"
Change component parameters (AddParameter): Name = "HelpURL"; Value = "\\cern.ch\dfs\Applications\Altium\Datasheets\IND_MURATA_LQH32.pdf"; VariantName = "[No Variations]"
Change component parameters (AddParameter): Name = "LatestRevisionDate"; Value = "2012-08-20"; VariantName = "[No Variations]"
Change component parameters (AddParameter): Name = "Manufacturer"; Value = "MURATA"; VariantName = "[No Variations]"
Change component parameters (AddParameter): Name = "Manufacturer Part Number"; Value = "LQH32CN100K33L"; VariantName = "[No Variations]"
Change component parameters (AddParameter): Name = "Mounted"; Value = "Yes"; VariantName = "[No Variations]"
Change component parameters (AddParameter): Name = "Part Description"; Value = "Chip Inductor (Chip Coil) for Choke Wire Wound Type"; VariantName = "[No Variations]"
Change component parameters (AddParameter): Name = "Part Number"; Value = "IND_10UH_10%_MURATA_LQH32CN100K33L"; VariantName = "[No Variations]"
Change component parameters (AddParameter): Name = "Pin Count"; Value = "2"; VariantName = "[No Variations]"
Change component parameters (AddParameter): Name = "Power"; Value = "450mA"; VariantName = "[No Variations]"
Change component parameters (AddParameter): Name = "Resistance"; Value = "0.3R"; VariantName = "[No Variations]"
Change component parameters (AddParameter): Name = "Sense"; Value = "No"; VariantName = "[No Variations]"
Change component parameters (AddParameter): Name = "SMD"; Value = "Yes"; VariantName = "[No Variations]"
Change component parameters (AddParameter): Name = "Socket"; Value = "No"; VariantName = "[No Variations]"
Change component parameters (AddParameter): Name = "Status"; Value = "None"; VariantName = "[No Variations]"
Change component parameters (AddParameter): Name = "Tolerance"; Value = "±10%"; VariantName = "[No Variations]"
Change component parameters (AddParameter): Name = "Value"; Value = "10uH"; VariantName = "[No Variations]"
Added Component: Designator=IC1_RFID1(SOIC127P600X175-14N)
Add component. Clean all parameters for all variants
Add component (AddParameter): Name = "Author"; Value = "CERN DEM JLC"; VariantName = "[No Variations]"
Add component (AddParameter): Name = "Bonding"; Value = "No"; VariantName = "[No Variations]"
Add component (AddParameter): Name = "Case"; Value = "SOIC14"; VariantName = "[No Variations]"
Add component (AddParameter): Name = "ComponentHeight"; Value = "1.75mm"; VariantName = "[No Variations]"
Add component (AddParameter): Name = "Component Type"; Value = "Standard"; VariantName = "[No Variations]"
Add component (AddParameter): Name = "CreateDate"; Value = "2011-06-30"; VariantName = "[No Variations]"
Add component (AddParameter): Name = "Device"; Value = "SN74HC125D"; VariantName = "[No Variations]"
Add component (AddParameter): Name = "HelpURL"; Value = "\\cern.ch\dfs\Applications\Altium\Datasheets\SN74HC125D.pdf"; VariantName = "[No Variations]"
Add component (AddParameter): Name = "LatestRevisionDate"; Value = "2011-06-30"; VariantName = "[No Variations]"
Add component (AddParameter): Name = "Manufacturer"; Value = "TEXAS INSTRUMENTS"; VariantName = "[No Variations]"
Add component (AddParameter): Name = "Manufacturer Part Number"; Value = "SN74HC125D"; VariantName = "[No Variations]"
Add component (AddParameter): Name = "Mounted"; Value = "Yes"; VariantName = "[No Variations]"
Add component (AddParameter): Name = "PackageDescription"; Value = "SOIC 14, Pitch 1.27mm - Body 4x8.75mm, IPC Medium Density"; VariantName = "[No Variations]"
Add component (AddParameter): Name = "Part Description"; Value = "Quadruple Bus Buffer with 3-State Outputs"; VariantName = "[No Variations]"
Add component (AddParameter): Name = "Part Number"; Value = "SN74HC125D"; VariantName = "[No Variations]"
Add component (AddParameter): Name = "Pin Count"; Value = "14"; VariantName = "[No Variations]"
Add component (AddParameter): Name = "PressFit"; Value = "No"; VariantName = "[No Variations]"
Add component (AddParameter): Name = "Sense"; Value = "No"; VariantName = "[No Variations]"
Add component (AddParameter): Name = "SMD"; Value = "Yes"; VariantName = "[No Variations]"
Add component (AddParameter): Name = "Socket"; Value = "No"; VariantName = "[No Variations]"
Added Component: Designator=IC1_RFID2(SOIC127P600X175-14N)
Add component. Clean all parameters for all variants
Add component (AddParameter): Name = "Author"; Value = "CERN DEM JLC"; VariantName = "[No Variations]"
Add component (AddParameter): Name = "Bonding"; Value = "No"; VariantName = "[No Variations]"
Add component (AddParameter): Name = "Case"; Value = "SOIC14"; VariantName = "[No Variations]"
Add component (AddParameter): Name = "ComponentHeight"; Value = "1.75mm"; VariantName = "[No Variations]"
Add component (AddParameter): Name = "Component Type"; Value = "Standard"; VariantName = "[No Variations]"
Add component (AddParameter): Name = "CreateDate"; Value = "2011-06-30"; VariantName = "[No Variations]"
Add component (AddParameter): Name = "Device"; Value = "SN74HC125D"; VariantName = "[No Variations]"
Add component (AddParameter): Name = "HelpURL"; Value = "\\cern.ch\dfs\Applications\Altium\Datasheets\SN74HC125D.pdf"; VariantName = "[No Variations]"
Add component (AddParameter): Name = "LatestRevisionDate"; Value = "2011-06-30"; VariantName = "[No Variations]"
Add component (AddParameter): Name = "Manufacturer"; Value = "TEXAS INSTRUMENTS"; VariantName = "[No Variations]"
Add component (AddParameter): Name = "Manufacturer Part Number"; Value = "SN74HC125D"; VariantName = "[No Variations]"
Add component (AddParameter): Name = "Mounted"; Value = "Yes"; VariantName = "[No Variations]"
Add component (AddParameter): Name = "PackageDescription"; Value = "SOIC 14, Pitch 1.27mm - Body 4x8.75mm, IPC Medium Density"; VariantName = "[No Variations]"
Add component (AddParameter): Name = "Part Description"; Value = "Quadruple Bus Buffer with 3-State Outputs"; VariantName = "[No Variations]"
Add component (AddParameter): Name = "Part Number"; Value = "SN74HC125D"; VariantName = "[No Variations]"
Add component (AddParameter): Name = "Pin Count"; Value = "14"; VariantName = "[No Variations]"
Add component (AddParameter): Name = "PressFit"; Value = "No"; VariantName = "[No Variations]"
Add component (AddParameter): Name = "Sense"; Value = "No"; VariantName = "[No Variations]"
Add component (AddParameter): Name = "SMD"; Value = "Yes"; VariantName = "[No Variations]"
Add component (AddParameter): Name = "Socket"; Value = "No"; VariantName = "[No Variations]"
Added Component: Designator=IC1_RFID3(SOIC127P600X175-14N)
Add component. Clean all parameters for all variants
Add component (AddParameter): Name = "Author"; Value = "CERN DEM JLC"; VariantName = "[No Variations]"
Add component (AddParameter): Name = "Bonding"; Value = "No"; VariantName = "[No Variations]"
Add component (AddParameter): Name = "Case"; Value = "SOIC14"; VariantName = "[No Variations]"
Add component (AddParameter): Name = "ComponentHeight"; Value = "1.75mm"; VariantName = "[No Variations]"
Add component (AddParameter): Name = "Component Type"; Value = "Standard"; VariantName = "[No Variations]"
Add component (AddParameter): Name = "CreateDate"; Value = "2011-06-30"; VariantName = "[No Variations]"
Add component (AddParameter): Name = "Device"; Value = "SN74HC125D"; VariantName = "[No Variations]"
Add component (AddParameter): Name = "HelpURL"; Value = "\\cern.ch\dfs\Applications\Altium\Datasheets\SN74HC125D.pdf"; VariantName = "[No Variations]"
Add component (AddParameter): Name = "LatestRevisionDate"; Value = "2011-06-30"; VariantName = "[No Variations]"
Add component (AddParameter): Name = "Manufacturer"; Value = "TEXAS INSTRUMENTS"; VariantName = "[No Variations]"
Add component (AddParameter): Name = "Manufacturer Part Number"; Value = "SN74HC125D"; VariantName = "[No Variations]"
Add component (AddParameter): Name = "Mounted"; Value = "Yes"; VariantName = "[No Variations]"
Add component (AddParameter): Name = "PackageDescription"; Value = "SOIC 14, Pitch 1.27mm - Body 4x8.75mm, IPC Medium Density"; VariantName = "[No Variations]"
Add component (AddParameter): Name = "Part Description"; Value = "Quadruple Bus Buffer with 3-State Outputs"; VariantName = "[No Variations]"
Add component (AddParameter): Name = "Part Number"; Value = "SN74HC125D"; VariantName = "[No Variations]"
Add component (AddParameter): Name = "Pin Count"; Value = "14"; VariantName = "[No Variations]"
Add component (AddParameter): Name = "PressFit"; Value = "No"; VariantName = "[No Variations]"
Add component (AddParameter): Name = "Sense"; Value = "No"; VariantName = "[No Variations]"
Add component (AddParameter): Name = "SMD"; Value = "Yes"; VariantName = "[No Variations]"
Add component (AddParameter): Name = "Socket"; Value = "No"; VariantName = "[No Variations]"
Added Component: Designator=IC1_RFID4(SOIC127P600X175-14N)
Add component. Clean all parameters for all variants
Add component (AddParameter): Name = "Author"; Value = "CERN DEM JLC"; VariantName = "[No Variations]"
Add component (AddParameter): Name = "Bonding"; Value = "No"; VariantName = "[No Variations]"
Add component (AddParameter): Name = "Case"; Value = "SOIC14"; VariantName = "[No Variations]"
Add component (AddParameter): Name = "ComponentHeight"; Value = "1.75mm"; VariantName = "[No Variations]"
Add component (AddParameter): Name = "Component Type"; Value = "Standard"; VariantName = "[No Variations]"
Add component (AddParameter): Name = "CreateDate"; Value = "2011-06-30"; VariantName = "[No Variations]"
Add component (AddParameter): Name = "Device"; Value = "SN74HC125D"; VariantName = "[No Variations]"
Add component (AddParameter): Name = "HelpURL"; Value = "\\cern.ch\dfs\Applications\Altium\Datasheets\SN74HC125D.pdf"; VariantName = "[No Variations]"
Add component (AddParameter): Name = "LatestRevisionDate"; Value = "2011-06-30"; VariantName = "[No Variations]"
Add component (AddParameter): Name = "Manufacturer"; Value = "TEXAS INSTRUMENTS"; VariantName = "[No Variations]"
Add component (AddParameter): Name = "Manufacturer Part Number"; Value = "SN74HC125D"; VariantName = "[No Variations]"
Add component (AddParameter): Name = "Mounted"; Value = "Yes"; VariantName = "[No Variations]"
Add component (AddParameter): Name = "PackageDescription"; Value = "SOIC 14, Pitch 1.27mm - Body 4x8.75mm, IPC Medium Density"; VariantName = "[No Variations]"
Add component (AddParameter): Name = "Part Description"; Value = "Quadruple Bus Buffer with 3-State Outputs"; VariantName = "[No Variations]"
Add component (AddParameter): Name = "Part Number"; Value = "SN74HC125D"; VariantName = "[No Variations]"
Add component (AddParameter): Name = "Pin Count"; Value = "14"; VariantName = "[No Variations]"
Add component (AddParameter): Name = "PressFit"; Value = "No"; VariantName = "[No Variations]"
Add component (AddParameter): Name = "Sense"; Value = "No"; VariantName = "[No Variations]"
Add component (AddParameter): Name = "SMD"; Value = "Yes"; VariantName = "[No Variations]"
Add component (AddParameter): Name = "Socket"; Value = "No"; VariantName = "[No Variations]"
Added Component: Designator=IC1_RFID5(SOIC127P600X175-14N)
Add component. Clean all parameters for all variants
Add component (AddParameter): Name = "Author"; Value = "CERN DEM JLC"; VariantName = "[No Variations]"
Add component (AddParameter): Name = "Bonding"; Value = "No"; VariantName = "[No Variations]"
Add component (AddParameter): Name = "Case"; Value = "SOIC14"; VariantName = "[No Variations]"
Add component (AddParameter): Name = "ComponentHeight"; Value = "1.75mm"; VariantName = "[No Variations]"
Add component (AddParameter): Name = "Component Type"; Value = "Standard"; VariantName = "[No Variations]"
Add component (AddParameter): Name = "CreateDate"; Value = "2011-06-30"; VariantName = "[No Variations]"
Add component (AddParameter): Name = "Device"; Value = "SN74HC125D"; VariantName = "[No Variations]"
Add component (AddParameter): Name = "HelpURL"; Value = "\\cern.ch\dfs\Applications\Altium\Datasheets\SN74HC125D.pdf"; VariantName = "[No Variations]"
Add component (AddParameter): Name = "LatestRevisionDate"; Value = "2011-06-30"; VariantName = "[No Variations]"
Add component (AddParameter): Name = "Manufacturer"; Value = "TEXAS INSTRUMENTS"; VariantName = "[No Variations]"
Add component (AddParameter): Name = "Manufacturer Part Number"; Value = "SN74HC125D"; VariantName = "[No Variations]"
Add component (AddParameter): Name = "Mounted"; Value = "Yes"; VariantName = "[No Variations]"
Add component (AddParameter): Name = "PackageDescription"; Value = "SOIC 14, Pitch 1.27mm - Body 4x8.75mm, IPC Medium Density"; VariantName = "[No Variations]"
Add component (AddParameter): Name = "Part Description"; Value = "Quadruple Bus Buffer with 3-State Outputs"; VariantName = "[No Variations]"
Add component (AddParameter): Name = "Part Number"; Value = "SN74HC125D"; VariantName = "[No Variations]"
Add component (AddParameter): Name = "Pin Count"; Value = "14"; VariantName = "[No Variations]"
Add component (AddParameter): Name = "PressFit"; Value = "No"; VariantName = "[No Variations]"
Add component (AddParameter): Name = "Sense"; Value = "No"; VariantName = "[No Variations]"
Add component (AddParameter): Name = "SMD"; Value = "Yes"; VariantName = "[No Variations]"
Add component (AddParameter): Name = "Socket"; Value = "No"; VariantName = "[No Variations]"
Added Component: Designator=IC1_RFID6(SOIC127P600X175-14N)
Add component. Clean all parameters for all variants
Add component (AddParameter): Name = "Author"; Value = "CERN DEM JLC"; VariantName = "[No Variations]"
Add component (AddParameter): Name = "Bonding"; Value = "No"; VariantName = "[No Variations]"
Add component (AddParameter): Name = "Case"; Value = "SOIC14"; VariantName = "[No Variations]"
Add component (AddParameter): Name = "ComponentHeight"; Value = "1.75mm"; VariantName = "[No Variations]"
Add component (AddParameter): Name = "Component Type"; Value = "Standard"; VariantName = "[No Variations]"
Add component (AddParameter): Name = "CreateDate"; Value = "2011-06-30"; VariantName = "[No Variations]"
Add component (AddParameter): Name = "Device"; Value = "SN74HC125D"; VariantName = "[No Variations]"
Add component (AddParameter): Name = "HelpURL"; Value = "\\cern.ch\dfs\Applications\Altium\Datasheets\SN74HC125D.pdf"; VariantName = "[No Variations]"
Add component (AddParameter): Name = "LatestRevisionDate"; Value = "2011-06-30"; VariantName = "[No Variations]"
Add component (AddParameter): Name = "Manufacturer"; Value = "TEXAS INSTRUMENTS"; VariantName = "[No Variations]"
Add component (AddParameter): Name = "Manufacturer Part Number"; Value = "SN74HC125D"; VariantName = "[No Variations]"
Add component (AddParameter): Name = "Mounted"; Value = "Yes"; VariantName = "[No Variations]"
Add component (AddParameter): Name = "PackageDescription"; Value = "SOIC 14, Pitch 1.27mm - Body 4x8.75mm, IPC Medium Density"; VariantName = "[No Variations]"
Add component (AddParameter): Name = "Part Description"; Value = "Quadruple Bus Buffer with 3-State Outputs"; VariantName = "[No Variations]"
Add component (AddParameter): Name = "Part Number"; Value = "SN74HC125D"; VariantName = "[No Variations]"
Add component (AddParameter): Name = "Pin Count"; Value = "14"; VariantName = "[No Variations]"
Add component (AddParameter): Name = "PressFit"; Value = "No"; VariantName = "[No Variations]"
Add component (AddParameter): Name = "Sense"; Value = "No"; VariantName = "[No Variations]"
Add component (AddParameter): Name = "SMD"; Value = "Yes"; VariantName = "[No Variations]"
Add component (AddParameter): Name = "Socket"; Value = "No"; VariantName = "[No Variations]"
Added Component: Designator=IC1_RFID7(SOIC127P600X175-14N)
Add component. Clean all parameters for all variants
Add component (AddParameter): Name = "Author"; Value = "CERN DEM JLC"; VariantName = "[No Variations]"
Add component (AddParameter): Name = "Bonding"; Value = "No"; VariantName = "[No Variations]"
Add component (AddParameter): Name = "Case"; Value = "SOIC14"; VariantName = "[No Variations]"
Add component (AddParameter): Name = "ComponentHeight"; Value = "1.75mm"; VariantName = "[No Variations]"
Add component (AddParameter): Name = "Component Type"; Value = "Standard"; VariantName = "[No Variations]"
Add component (AddParameter): Name = "CreateDate"; Value = "2011-06-30"; VariantName = "[No Variations]"
Add component (AddParameter): Name = "Device"; Value = "SN74HC125D"; VariantName = "[No Variations]"
Add component (AddParameter): Name = "HelpURL"; Value = "\\cern.ch\dfs\Applications\Altium\Datasheets\SN74HC125D.pdf"; VariantName = "[No Variations]"
Add component (AddParameter): Name = "LatestRevisionDate"; Value = "2011-06-30"; VariantName = "[No Variations]"
Add component (AddParameter): Name = "Manufacturer"; Value = "TEXAS INSTRUMENTS"; VariantName = "[No Variations]"
Add component (AddParameter): Name = "Manufacturer Part Number"; Value = "SN74HC125D"; VariantName = "[No Variations]"
Add component (AddParameter): Name = "Mounted"; Value = "Yes"; VariantName = "[No Variations]"
Add component (AddParameter): Name = "PackageDescription"; Value = "SOIC 14, Pitch 1.27mm - Body 4x8.75mm, IPC Medium Density"; VariantName = "[No Variations]"
Add component (AddParameter): Name = "Part Description"; Value = "Quadruple Bus Buffer with 3-State Outputs"; VariantName = "[No Variations]"
Add component (AddParameter): Name = "Part Number"; Value = "SN74HC125D"; VariantName = "[No Variations]"
Add component (AddParameter): Name = "Pin Count"; Value = "14"; VariantName = "[No Variations]"
Add component (AddParameter): Name = "PressFit"; Value = "No"; VariantName = "[No Variations]"
Add component (AddParameter): Name = "Sense"; Value = "No"; VariantName = "[No Variations]"
Add component (AddParameter): Name = "SMD"; Value = "Yes"; VariantName = "[No Variations]"
Add component (AddParameter): Name = "Socket"; Value = "No"; VariantName = "[No Variations]"
Added Component: Designator=IC1_RFID8(SOIC127P600X175-14N)
Add component. Clean all parameters for all variants
Add component (AddParameter): Name = "Author"; Value = "CERN DEM JLC"; VariantName = "[No Variations]"
Add component (AddParameter): Name = "Bonding"; Value = "No"; VariantName = "[No Variations]"
Add component (AddParameter): Name = "Case"; Value = "SOIC14"; VariantName = "[No Variations]"
Add component (AddParameter): Name = "ComponentHeight"; Value = "1.75mm"; VariantName = "[No Variations]"
Add component (AddParameter): Name = "Component Type"; Value = "Standard"; VariantName = "[No Variations]"
Add component (AddParameter): Name = "CreateDate"; Value = "2011-06-30"; VariantName = "[No Variations]"
Add component (AddParameter): Name = "Device"; Value = "SN74HC125D"; VariantName = "[No Variations]"
Add component (AddParameter): Name = "HelpURL"; Value = "\\cern.ch\dfs\Applications\Altium\Datasheets\SN74HC125D.pdf"; VariantName = "[No Variations]"
Add component (AddParameter): Name = "LatestRevisionDate"; Value = "2011-06-30"; VariantName = "[No Variations]"
Add component (AddParameter): Name = "Manufacturer"; Value = "TEXAS INSTRUMENTS"; VariantName = "[No Variations]"
Add component (AddParameter): Name = "Manufacturer Part Number"; Value = "SN74HC125D"; VariantName = "[No Variations]"
Add component (AddParameter): Name = "Mounted"; Value = "Yes"; VariantName = "[No Variations]"
Add component (AddParameter): Name = "PackageDescription"; Value = "SOIC 14, Pitch 1.27mm - Body 4x8.75mm, IPC Medium Density"; VariantName = "[No Variations]"
Add component (AddParameter): Name = "Part Description"; Value = "Quadruple Bus Buffer with 3-State Outputs"; VariantName = "[No Variations]"
Add component (AddParameter): Name = "Part Number"; Value = "SN74HC125D"; VariantName = "[No Variations]"
Add component (AddParameter): Name = "Pin Count"; Value = "14"; VariantName = "[No Variations]"
Add component (AddParameter): Name = "PressFit"; Value = "No"; VariantName = "[No Variations]"
Add component (AddParameter): Name = "Sense"; Value = "No"; VariantName = "[No Variations]"
Add component (AddParameter): Name = "SMD"; Value = "Yes"; VariantName = "[No Variations]"
Add component (AddParameter): Name = "Socket"; Value = "No"; VariantName = "[No Variations]"
Added Component: Designator=OSC1(OSC_IQD_CFPS-32)
Add component. Clean all parameters for all variants
Add component (AddParameter): Name = "Author"; Value = "CERN DEM JLC"; VariantName = "[No Variations]"
Add component (AddParameter): Name = "Bonding"; Value = "No"; VariantName = "[No Variations]"
Add component (AddParameter): Name = "ComponentHeight"; Value = "1.4mm"; VariantName = "[No Variations]"
Add component (AddParameter): Name = "Component Type"; Value = "Standard"; VariantName = "[No Variations]"
Add component (AddParameter): Name = "CreateDate"; Value = "2010-12-13"; VariantName = "[No Variations]"
Add component (AddParameter): Name = "HelpURL"; Value = "\\cern.ch\dfs\Applications\Altium\Datasheets\OSC_IQD_LFSPXO025916.pdf"; VariantName = "[No Variations]"
Add component (AddParameter): Name = "LatestRevisionDate"; Value = "2016-11-03"; VariantName = "[No Variations]"
Add component (AddParameter): Name = "Manufacturer"; Value = "IQD FREQUENCY PRODUCTS"; VariantName = "[No Variations]"
Add component (AddParameter): Name = "Manufacturer Part Number"; Value = "LFSPXO025916"; VariantName = "[No Variations]"
Add component (AddParameter): Name = "Mounted"; Value = "Yes"; VariantName = "[No Variations]"
Add component (AddParameter): Name = "PackageDescription"; Value = "Oscillator, Side Concave; 5.08mm Pitch; 4 Pins, 5.00mm L X 7.00mm W X 1.40mm H, CFPS-32 Series"; VariantName = "[No Variations]"
Add component (AddParameter): Name = "Part Description"; Value = "2.5V, ±50ppm, 15pF, -40 to 85°C, CMOS Surface Mount Clock Oscillator (CFPS-32 Series)"; VariantName = "[No Variations]"
Add component (AddParameter): Name = "Part Number"; Value = "OSC_32MHZ_IQD_LFSPXO025916"; VariantName = "[No Variations]"
Add component (AddParameter): Name = "Pin Count"; Value = "4"; VariantName = "[No Variations]"
Add component (AddParameter): Name = "PressFit"; Value = "No"; VariantName = "[No Variations]"
Add component (AddParameter): Name = "Sense"; Value = "No"; VariantName = "[No Variations]"
Add component (AddParameter): Name = "SMD"; Value = "Yes"; VariantName = "[No Variations]"
Add component (AddParameter): Name = "Socket"; Value = "No"; VariantName = "[No Variations]"
Add component (AddParameter): Name = "Value"; Value = "32MHz"; VariantName = "[No Variations]"
Added Component: Designator=Q1_RFID1(XTAL_TXC_7A)
Add component. Clean all parameters for all variants
Add component (AddParameter): Name = "Author"; Value = "CERN DEM JLC"; VariantName = "[No Variations]"
Add component (AddParameter): Name = "Bonding"; Value = "No"; VariantName = "[No Variations]"
Add component (AddParameter): Name = "ComponentHeight"; Value = "1.2mm"; VariantName = "[No Variations]"
Add component (AddParameter): Name = "Component Type"; Value = "Standard"; VariantName = "[No Variations]"
Add component (AddParameter): Name = "CreateDate"; Value = "2014-10-09"; VariantName = "[No Variations]"
Add component (AddParameter): Name = "HelpURL"; Value = "\\cern.ch\dfs\Applications\Altium\Datasheets\XTAL_TXC_7A.pdf"; VariantName = "[No Variations]"
Add component (AddParameter): Name = "LatestRevisionDate"; Value = "2014-11-12"; VariantName = "[No Variations]"
Add component (AddParameter): Name = "Manufacturer"; Value = "TXC CORPORATION"; VariantName = "[No Variations]"
Add component (AddParameter): Name = "Manufacturer Part Number"; Value = "7A-8.000MAAE-T"; VariantName = "[No Variations]"
Add component (AddParameter): Name = "Mounted"; Value = "Yes"; VariantName = "[No Variations]"
Add component (AddParameter): Name = "PackageDescription"; Value = "2 Pins, 3.2x5mm, SMD Glass Seam Sealing Crystal, 7A Serie"; VariantName = "[No Variations]"
Add component (AddParameter): Name = "Part Description"; Value = "Tolerance: ±30ppm, Stability: ±30ppm, -20°C to +70°C, 12pF, SMD Glass Seam Sealing Crystal, 7A Series"; VariantName = "[No Variations]"
Add component (AddParameter): Name = "Part Number"; Value = "XTAL_8MHZ_TXC_7A-8.000MAAE-T"; VariantName = "[No Variations]"
Add component (AddParameter): Name = "Pin Count"; Value = "2"; VariantName = "[No Variations]"
Add component (AddParameter): Name = "PressFit"; Value = "No"; VariantName = "[No Variations]"
Add component (AddParameter): Name = "Sense"; Value = "No"; VariantName = "[No Variations]"
Add component (AddParameter): Name = "SMD"; Value = "Yes"; VariantName = "[No Variations]"
Add component (AddParameter): Name = "Socket"; Value = "No"; VariantName = "[No Variations]"
Add component (AddParameter): Name = "Value"; Value = "8MHz"; VariantName = "[No Variations]"
Added Component: Designator=Q1_RFID2(XTAL_TXC_7A)
Add component. Clean all parameters for all variants
Add component (AddParameter): Name = "Author"; Value = "CERN DEM JLC"; VariantName = "[No Variations]"
Add component (AddParameter): Name = "Bonding"; Value = "No"; VariantName = "[No Variations]"
Add component (AddParameter): Name = "ComponentHeight"; Value = "1.2mm"; VariantName = "[No Variations]"
Add component (AddParameter): Name = "Component Type"; Value = "Standard"; VariantName = "[No Variations]"
Add component (AddParameter): Name = "CreateDate"; Value = "2014-10-09"; VariantName = "[No Variations]"
Add component (AddParameter): Name = "HelpURL"; Value = "\\cern.ch\dfs\Applications\Altium\Datasheets\XTAL_TXC_7A.pdf"; VariantName = "[No Variations]"
Add component (AddParameter): Name = "LatestRevisionDate"; Value = "2014-11-12"; VariantName = "[No Variations]"
Add component (AddParameter): Name = "Manufacturer"; Value = "TXC CORPORATION"; VariantName = "[No Variations]"
Add component (AddParameter): Name = "Manufacturer Part Number"; Value = "7A-8.000MAAE-T"; VariantName = "[No Variations]"
Add component (AddParameter): Name = "Mounted"; Value = "Yes"; VariantName = "[No Variations]"
Add component (AddParameter): Name = "PackageDescription"; Value = "2 Pins, 3.2x5mm, SMD Glass Seam Sealing Crystal, 7A Serie"; VariantName = "[No Variations]"
Add component (AddParameter): Name = "Part Description"; Value = "Tolerance: ±30ppm, Stability: ±30ppm, -20°C to +70°C, 12pF, SMD Glass Seam Sealing Crystal, 7A Series"; VariantName = "[No Variations]"
Add component (AddParameter): Name = "Part Number"; Value = "XTAL_8MHZ_TXC_7A-8.000MAAE-T"; VariantName = "[No Variations]"
Add component (AddParameter): Name = "Pin Count"; Value = "2"; VariantName = "[No Variations]"
Add component (AddParameter): Name = "PressFit"; Value = "No"; VariantName = "[No Variations]"
Add component (AddParameter): Name = "Sense"; Value = "No"; VariantName = "[No Variations]"
Add component (AddParameter): Name = "SMD"; Value = "Yes"; VariantName = "[No Variations]"
Add component (AddParameter): Name = "Socket"; Value = "No"; VariantName = "[No Variations]"
Add component (AddParameter): Name = "Value"; Value = "8MHz"; VariantName = "[No Variations]"
Added Component: Designator=Q1_RFID3(XTAL_TXC_7A)
Add component. Clean all parameters for all variants
Add component (AddParameter): Name = "Author"; Value = "CERN DEM JLC"; VariantName = "[No Variations]"
Add component (AddParameter): Name = "Bonding"; Value = "No"; VariantName = "[No Variations]"
Add component (AddParameter): Name = "ComponentHeight"; Value = "1.2mm"; VariantName = "[No Variations]"
Add component (AddParameter): Name = "Component Type"; Value = "Standard"; VariantName = "[No Variations]"
Add component (AddParameter): Name = "CreateDate"; Value = "2014-10-09"; VariantName = "[No Variations]"
Add component (AddParameter): Name = "HelpURL"; Value = "\\cern.ch\dfs\Applications\Altium\Datasheets\XTAL_TXC_7A.pdf"; VariantName = "[No Variations]"
Add component (AddParameter): Name = "LatestRevisionDate"; Value = "2014-11-12"; VariantName = "[No Variations]"
Add component (AddParameter): Name = "Manufacturer"; Value = "TXC CORPORATION"; VariantName = "[No Variations]"
Add component (AddParameter): Name = "Manufacturer Part Number"; Value = "7A-8.000MAAE-T"; VariantName = "[No Variations]"
Add component (AddParameter): Name = "Mounted"; Value = "Yes"; VariantName = "[No Variations]"
Add component (AddParameter): Name = "PackageDescription"; Value = "2 Pins, 3.2x5mm, SMD Glass Seam Sealing Crystal, 7A Serie"; VariantName = "[No Variations]"
Add component (AddParameter): Name = "Part Description"; Value = "Tolerance: ±30ppm, Stability: ±30ppm, -20°C to +70°C, 12pF, SMD Glass Seam Sealing Crystal, 7A Series"; VariantName = "[No Variations]"
Add component (AddParameter): Name = "Part Number"; Value = "XTAL_8MHZ_TXC_7A-8.000MAAE-T"; VariantName = "[No Variations]"
Add component (AddParameter): Name = "Pin Count"; Value = "2"; VariantName = "[No Variations]"
Add component (AddParameter): Name = "PressFit"; Value = "No"; VariantName = "[No Variations]"
Add component (AddParameter): Name = "Sense"; Value = "No"; VariantName = "[No Variations]"
Add component (AddParameter): Name = "SMD"; Value = "Yes"; VariantName = "[No Variations]"
Add component (AddParameter): Name = "Socket"; Value = "No"; VariantName = "[No Variations]"
Add component (AddParameter): Name = "Value"; Value = "8MHz"; VariantName = "[No Variations]"
Added Component: Designator=Q1_RFID4(XTAL_TXC_7A)
Add component. Clean all parameters for all variants
Add component (AddParameter): Name = "Author"; Value = "CERN DEM JLC"; VariantName = "[No Variations]"
Add component (AddParameter): Name = "Bonding"; Value = "No"; VariantName = "[No Variations]"
Add component (AddParameter): Name = "ComponentHeight"; Value = "1.2mm"; VariantName = "[No Variations]"
Add component (AddParameter): Name = "Component Type"; Value = "Standard"; VariantName = "[No Variations]"
Add component (AddParameter): Name = "CreateDate"; Value = "2014-10-09"; VariantName = "[No Variations]"
Add component (AddParameter): Name = "HelpURL"; Value = "\\cern.ch\dfs\Applications\Altium\Datasheets\XTAL_TXC_7A.pdf"; VariantName = "[No Variations]"
Add component (AddParameter): Name = "LatestRevisionDate"; Value = "2014-11-12"; VariantName = "[No Variations]"
Add component (AddParameter): Name = "Manufacturer"; Value = "TXC CORPORATION"; VariantName = "[No Variations]"
Add component (AddParameter): Name = "Manufacturer Part Number"; Value = "7A-8.000MAAE-T"; VariantName = "[No Variations]"
Add component (AddParameter): Name = "Mounted"; Value = "Yes"; VariantName = "[No Variations]"
Add component (AddParameter): Name = "PackageDescription"; Value = "2 Pins, 3.2x5mm, SMD Glass Seam Sealing Crystal, 7A Serie"; VariantName = "[No Variations]"
Add component (AddParameter): Name = "Part Description"; Value = "Tolerance: ±30ppm, Stability: ±30ppm, -20°C to +70°C, 12pF, SMD Glass Seam Sealing Crystal, 7A Series"; VariantName = "[No Variations]"
Add component (AddParameter): Name = "Part Number"; Value = "XTAL_8MHZ_TXC_7A-8.000MAAE-T"; VariantName = "[No Variations]"
Add component (AddParameter): Name = "Pin Count"; Value = "2"; VariantName = "[No Variations]"
Add component (AddParameter): Name = "PressFit"; Value = "No"; VariantName = "[No Variations]"
Add component (AddParameter): Name = "Sense"; Value = "No"; VariantName = "[No Variations]"
Add component (AddParameter): Name = "SMD"; Value = "Yes"; VariantName = "[No Variations]"
Add component (AddParameter): Name = "Socket"; Value = "No"; VariantName = "[No Variations]"
Add component (AddParameter): Name = "Value"; Value = "8MHz"; VariantName = "[No Variations]"
Added Component: Designator=Q1_RFID5(XTAL_TXC_7A)
Add component. Clean all parameters for all variants
Add component (AddParameter): Name = "Author"; Value = "CERN DEM JLC"; VariantName = "[No Variations]"
Add component (AddParameter): Name = "Bonding"; Value = "No"; VariantName = "[No Variations]"
Add component (AddParameter): Name = "ComponentHeight"; Value = "1.2mm"; VariantName = "[No Variations]"
Add component (AddParameter): Name = "Component Type"; Value = "Standard"; VariantName = "[No Variations]"
Add component (AddParameter): Name = "CreateDate"; Value = "2014-10-09"; VariantName = "[No Variations]"
Add component (AddParameter): Name = "HelpURL"; Value = "\\cern.ch\dfs\Applications\Altium\Datasheets\XTAL_TXC_7A.pdf"; VariantName = "[No Variations]"
Add component (AddParameter): Name = "LatestRevisionDate"; Value = "2014-11-12"; VariantName = "[No Variations]"
Add component (AddParameter): Name = "Manufacturer"; Value = "TXC CORPORATION"; VariantName = "[No Variations]"
Add component (AddParameter): Name = "Manufacturer Part Number"; Value = "7A-8.000MAAE-T"; VariantName = "[No Variations]"
Add component (AddParameter): Name = "Mounted"; Value = "Yes"; VariantName = "[No Variations]"
Add component (AddParameter): Name = "PackageDescription"; Value = "2 Pins, 3.2x5mm, SMD Glass Seam Sealing Crystal, 7A Serie"; VariantName = "[No Variations]"
Add component (AddParameter): Name = "Part Description"; Value = "Tolerance: ±30ppm, Stability: ±30ppm, -20°C to +70°C, 12pF, SMD Glass Seam Sealing Crystal, 7A Series"; VariantName = "[No Variations]"
Add component (AddParameter): Name = "Part Number"; Value = "XTAL_8MHZ_TXC_7A-8.000MAAE-T"; VariantName = "[No Variations]"
Add component (AddParameter): Name = "Pin Count"; Value = "2"; VariantName = "[No Variations]"
Add component (AddParameter): Name = "PressFit"; Value = "No"; VariantName = "[No Variations]"
Add component (AddParameter): Name = "Sense"; Value = "No"; VariantName = "[No Variations]"
Add component (AddParameter): Name = "SMD"; Value = "Yes"; VariantName = "[No Variations]"
Add component (AddParameter): Name = "Socket"; Value = "No"; VariantName = "[No Variations]"
Add component (AddParameter): Name = "Value"; Value = "8MHz"; VariantName = "[No Variations]"
Added Component: Designator=Q1_RFID6(XTAL_TXC_7A)
Add component. Clean all parameters for all variants
Add component (AddParameter): Name = "Author"; Value = "CERN DEM JLC"; VariantName = "[No Variations]"
Add component (AddParameter): Name = "Bonding"; Value = "No"; VariantName = "[No Variations]"
Add component (AddParameter): Name = "ComponentHeight"; Value = "1.2mm"; VariantName = "[No Variations]"
Add component (AddParameter): Name = "Component Type"; Value = "Standard"; VariantName = "[No Variations]"
Add component (AddParameter): Name = "CreateDate"; Value = "2014-10-09"; VariantName = "[No Variations]"
Add component (AddParameter): Name = "HelpURL"; Value = "\\cern.ch\dfs\Applications\Altium\Datasheets\XTAL_TXC_7A.pdf"; VariantName = "[No Variations]"
Add component (AddParameter): Name = "LatestRevisionDate"; Value = "2014-11-12"; VariantName = "[No Variations]"
Add component (AddParameter): Name = "Manufacturer"; Value = "TXC CORPORATION"; VariantName = "[No Variations]"
Add component (AddParameter): Name = "Manufacturer Part Number"; Value = "7A-8.000MAAE-T"; VariantName = "[No Variations]"
Add component (AddParameter): Name = "Mounted"; Value = "Yes"; VariantName = "[No Variations]"
Add component (AddParameter): Name = "PackageDescription"; Value = "2 Pins, 3.2x5mm, SMD Glass Seam Sealing Crystal, 7A Serie"; VariantName = "[No Variations]"
Add component (AddParameter): Name = "Part Description"; Value = "Tolerance: ±30ppm, Stability: ±30ppm, -20°C to +70°C, 12pF, SMD Glass Seam Sealing Crystal, 7A Series"; VariantName = "[No Variations]"
Add component (AddParameter): Name = "Part Number"; Value = "XTAL_8MHZ_TXC_7A-8.000MAAE-T"; VariantName = "[No Variations]"
Add component (AddParameter): Name = "Pin Count"; Value = "2"; VariantName = "[No Variations]"
Add component (AddParameter): Name = "PressFit"; Value = "No"; VariantName = "[No Variations]"
Add component (AddParameter): Name = "Sense"; Value = "No"; VariantName = "[No Variations]"
Add component (AddParameter): Name = "SMD"; Value = "Yes"; VariantName = "[No Variations]"
Add component (AddParameter): Name = "Socket"; Value = "No"; VariantName = "[No Variations]"
Add component (AddParameter): Name = "Value"; Value = "8MHz"; VariantName = "[No Variations]"
Added Component: Designator=Q1_RFID7(XTAL_TXC_7A)
Add component. Clean all parameters for all variants
Add component (AddParameter): Name = "Author"; Value = "CERN DEM JLC"; VariantName = "[No Variations]"
Add component (AddParameter): Name = "Bonding"; Value = "No"; VariantName = "[No Variations]"
Add component (AddParameter): Name = "ComponentHeight"; Value = "1.2mm"; VariantName = "[No Variations]"
Add component (AddParameter): Name = "Component Type"; Value = "Standard"; VariantName = "[No Variations]"
Add component (AddParameter): Name = "CreateDate"; Value = "2014-10-09"; VariantName = "[No Variations]"
Add component (AddParameter): Name = "HelpURL"; Value = "\\cern.ch\dfs\Applications\Altium\Datasheets\XTAL_TXC_7A.pdf"; VariantName = "[No Variations]"
Add component (AddParameter): Name = "LatestRevisionDate"; Value = "2014-11-12"; VariantName = "[No Variations]"
Add component (AddParameter): Name = "Manufacturer"; Value = "TXC CORPORATION"; VariantName = "[No Variations]"
Add component (AddParameter): Name = "Manufacturer Part Number"; Value = "7A-8.000MAAE-T"; VariantName = "[No Variations]"
Add component (AddParameter): Name = "Mounted"; Value = "Yes"; VariantName = "[No Variations]"
Add component (AddParameter): Name = "PackageDescription"; Value = "2 Pins, 3.2x5mm, SMD Glass Seam Sealing Crystal, 7A Serie"; VariantName = "[No Variations]"
Add component (AddParameter): Name = "Part Description"; Value = "Tolerance: ±30ppm, Stability: ±30ppm, -20°C to +70°C, 12pF, SMD Glass Seam Sealing Crystal, 7A Series"; VariantName = "[No Variations]"
Add component (AddParameter): Name = "Part Number"; Value = "XTAL_8MHZ_TXC_7A-8.000MAAE-T"; VariantName = "[No Variations]"
Add component (AddParameter): Name = "Pin Count"; Value = "2"; VariantName = "[No Variations]"
Add component (AddParameter): Name = "PressFit"; Value = "No"; VariantName = "[No Variations]"
Add component (AddParameter): Name = "Sense"; Value = "No"; VariantName = "[No Variations]"
Add component (AddParameter): Name = "SMD"; Value = "Yes"; VariantName = "[No Variations]"
Add component (AddParameter): Name = "Socket"; Value = "No"; VariantName = "[No Variations]"
Add component (AddParameter): Name = "Value"; Value = "8MHz"; VariantName = "[No Variations]"
Added Component: Designator=Q1_RFID8(XTAL_TXC_7A)
Add component. Clean all parameters for all variants
Add component (AddParameter): Name = "Author"; Value = "CERN DEM JLC"; VariantName = "[No Variations]"
Add component (AddParameter): Name = "Bonding"; Value = "No"; VariantName = "[No Variations]"
Add component (AddParameter): Name = "ComponentHeight"; Value = "1.2mm"; VariantName = "[No Variations]"
Add component (AddParameter): Name = "Component Type"; Value = "Standard"; VariantName = "[No Variations]"
Add component (AddParameter): Name = "CreateDate"; Value = "2014-10-09"; VariantName = "[No Variations]"
Add component (AddParameter): Name = "HelpURL"; Value = "\\cern.ch\dfs\Applications\Altium\Datasheets\XTAL_TXC_7A.pdf"; VariantName = "[No Variations]"
Add component (AddParameter): Name = "LatestRevisionDate"; Value = "2014-11-12"; VariantName = "[No Variations]"
Add component (AddParameter): Name = "Manufacturer"; Value = "TXC CORPORATION"; VariantName = "[No Variations]"
Add component (AddParameter): Name = "Manufacturer Part Number"; Value = "7A-8.000MAAE-T"; VariantName = "[No Variations]"
Add component (AddParameter): Name = "Mounted"; Value = "Yes"; VariantName = "[No Variations]"
Add component (AddParameter): Name = "PackageDescription"; Value = "2 Pins, 3.2x5mm, SMD Glass Seam Sealing Crystal, 7A Serie"; VariantName = "[No Variations]"
Add component (AddParameter): Name = "Part Description"; Value = "Tolerance: ±30ppm, Stability: ±30ppm, -20°C to +70°C, 12pF, SMD Glass Seam Sealing Crystal, 7A Series"; VariantName = "[No Variations]"
Add component (AddParameter): Name = "Part Number"; Value = "XTAL_8MHZ_TXC_7A-8.000MAAE-T"; VariantName = "[No Variations]"
Add component (AddParameter): Name = "Pin Count"; Value = "2"; VariantName = "[No Variations]"
Add component (AddParameter): Name = "PressFit"; Value = "No"; VariantName = "[No Variations]"
Add component (AddParameter): Name = "Sense"; Value = "No"; VariantName = "[No Variations]"
Add component (AddParameter): Name = "SMD"; Value = "Yes"; VariantName = "[No Variations]"
Add component (AddParameter): Name = "Socket"; Value = "No"; VariantName = "[No Variations]"
Add component (AddParameter): Name = "Value"; Value = "8MHz"; VariantName = "[No Variations]"
Added Component: Designator=R1_C1(RESC2012X60N)
Add component. Clean all parameters for all variants
Add component (AddParameter): Name = "Author"; Value = "CERN DEM JLC"; VariantName = "[No Variations]"
Add component (AddParameter): Name = "Case"; Value = "0805"; VariantName = "[No Variations]"
Add component (AddParameter): Name = "Component Type"; Value = "Standard"; VariantName = "[No Variations]"
Add component (AddParameter): Name = "CreateDate"; Value = "2007-12-03"; VariantName = "[No Variations]"
Add component (AddParameter): Name = "HelpURL"; Value = "\\cern.ch\dfs\Applications\Altium\Datasheets\R0805_NIC_NRC.pdf"; VariantName = "[No Variations]"
Add component (AddParameter): Name = "LatestRevisionDate"; Value = "2008-03-13"; VariantName = "[No Variations]"
Add component (AddParameter): Name = "Manufacturer"; Value = "GENERIC"; VariantName = "[No Variations]"
Add component (AddParameter): Name = "Manufacturer1 ComponentHeight"; Value = "0.6mm"; VariantName = "[No Variations]"
Add component (AddParameter): Name = "Manufacturer1 Example"; Value = "NIC COMPONENT"; VariantName = "[No Variations]"
Add component (AddParameter): Name = "Manufacturer1 Part Number"; Value = "NRC10F4701TRF"; VariantName = "[No Variations]"
Add component (AddParameter): Name = "Manufacturer Part Number"; Value = "R0805_4K7_1%_0.125W_100PPM"; VariantName = "[No Variations]"
Add component (AddParameter): Name = "Mounted"; Value = "Yes"; VariantName = "[No Variations]"
Add component (AddParameter): Name = "Part Description"; Value = "General Purpose Thick Film Chip Resistor"; VariantName = "[No Variations]"
Add component (AddParameter): Name = "Part Number"; Value = "R0805_4K7_1%_0.125W_100PPM"; VariantName = "[No Variations]"
Add component (AddParameter): Name = "Pin Count"; Value = "2"; VariantName = "[No Variations]"
Add component (AddParameter): Name = "Power"; Value = "0.125W"; VariantName = "[No Variations]"
Add component (AddParameter): Name = "PressFit"; Value = "No"; VariantName = "[No Variations]"
Add component (AddParameter): Name = "Sense"; Value = "No"; VariantName = "[No Variations]"
Add component (AddParameter): Name = "SMD"; Value = "Yes"; VariantName = "[No Variations]"
Add component (AddParameter): Name = "Socket"; Value = "No"; VariantName = "[No Variations]"
Add component (AddParameter): Name = "Status"; Value = "Preferred"; VariantName = "[No Variations]"
Add component (AddParameter): Name = "TC"; Value = "±100ppm/°C"; VariantName = "[No Variations]"
Add component (AddParameter): Name = "Tolerance"; Value = "±1%"; VariantName = "[No Variations]"
Add component (AddParameter): Name = "Value"; Value = "4k7"; VariantName = "[No Variations]"
Added Component: Designator=R1_C2(RESC2012X60N)
Add component. Clean all parameters for all variants
Add component (AddParameter): Name = "Author"; Value = "CERN DEM JLC"; VariantName = "[No Variations]"
Add component (AddParameter): Name = "Case"; Value = "0805"; VariantName = "[No Variations]"
Add component (AddParameter): Name = "Component Type"; Value = "Standard"; VariantName = "[No Variations]"
Add component (AddParameter): Name = "CreateDate"; Value = "2007-12-03"; VariantName = "[No Variations]"
Add component (AddParameter): Name = "HelpURL"; Value = "\\cern.ch\dfs\Applications\Altium\Datasheets\R0805_NIC_NRC.pdf"; VariantName = "[No Variations]"
Add component (AddParameter): Name = "LatestRevisionDate"; Value = "2008-03-13"; VariantName = "[No Variations]"
Add component (AddParameter): Name = "Manufacturer"; Value = "GENERIC"; VariantName = "[No Variations]"
Add component (AddParameter): Name = "Manufacturer1 ComponentHeight"; Value = "0.6mm"; VariantName = "[No Variations]"
Add component (AddParameter): Name = "Manufacturer1 Example"; Value = "NIC COMPONENT"; VariantName = "[No Variations]"
Add component (AddParameter): Name = "Manufacturer1 Part Number"; Value = "NRC10F4701TRF"; VariantName = "[No Variations]"
Add component (AddParameter): Name = "Manufacturer Part Number"; Value = "R0805_4K7_1%_0.125W_100PPM"; VariantName = "[No Variations]"
Add component (AddParameter): Name = "Mounted"; Value = "Yes"; VariantName = "[No Variations]"
Add component (AddParameter): Name = "Part Description"; Value = "General Purpose Thick Film Chip Resistor"; VariantName = "[No Variations]"
Add component (AddParameter): Name = "Part Number"; Value = "R0805_4K7_1%_0.125W_100PPM"; VariantName = "[No Variations]"
Add component (AddParameter): Name = "Pin Count"; Value = "2"; VariantName = "[No Variations]"
Add component (AddParameter): Name = "Power"; Value = "0.125W"; VariantName = "[No Variations]"
Add component (AddParameter): Name = "PressFit"; Value = "No"; VariantName = "[No Variations]"
Add component (AddParameter): Name = "Sense"; Value = "No"; VariantName = "[No Variations]"
Add component (AddParameter): Name = "SMD"; Value = "Yes"; VariantName = "[No Variations]"
Add component (AddParameter): Name = "Socket"; Value = "No"; VariantName = "[No Variations]"
Add component (AddParameter): Name = "Status"; Value = "Preferred"; VariantName = "[No Variations]"
Add component (AddParameter): Name = "TC"; Value = "±100ppm/°C"; VariantName = "[No Variations]"
Add component (AddParameter): Name = "Tolerance"; Value = "±1%"; VariantName = "[No Variations]"
Add component (AddParameter): Name = "Value"; Value = "4k7"; VariantName = "[No Variations]"
Added Component: Designator=R2_C1(RESC2012X60N)
Add component. Clean all parameters for all variants
Add component (AddParameter): Name = "Author"; Value = "CERN DEM JLC"; VariantName = "[No Variations]"
Add component (AddParameter): Name = "Case"; Value = "0805"; VariantName = "[No Variations]"
Add component (AddParameter): Name = "Component Type"; Value = "Standard"; VariantName = "[No Variations]"
Add component (AddParameter): Name = "CreateDate"; Value = "2007-12-03"; VariantName = "[No Variations]"
Add component (AddParameter): Name = "HelpURL"; Value = "\\cern.ch\dfs\Applications\Altium\Datasheets\R0805_NIC_NRC.pdf"; VariantName = "[No Variations]"
Add component (AddParameter): Name = "LatestRevisionDate"; Value = "2008-03-13"; VariantName = "[No Variations]"
Add component (AddParameter): Name = "Manufacturer"; Value = "GENERIC"; VariantName = "[No Variations]"
Add component (AddParameter): Name = "Manufacturer1 ComponentHeight"; Value = "0.6mm"; VariantName = "[No Variations]"
Add component (AddParameter): Name = "Manufacturer1 Example"; Value = "NIC COMPONENT"; VariantName = "[No Variations]"
Add component (AddParameter): Name = "Manufacturer1 Part Number"; Value = "NRC10F4701TRF"; VariantName = "[No Variations]"
Add component (AddParameter): Name = "Manufacturer Part Number"; Value = "R0805_4K7_1%_0.125W_100PPM"; VariantName = "[No Variations]"
Add component (AddParameter): Name = "Mounted"; Value = "Yes"; VariantName = "[No Variations]"
Add component (AddParameter): Name = "Part Description"; Value = "General Purpose Thick Film Chip Resistor"; VariantName = "[No Variations]"
Add component (AddParameter): Name = "Part Number"; Value = "R0805_4K7_1%_0.125W_100PPM"; VariantName = "[No Variations]"
Add component (AddParameter): Name = "Pin Count"; Value = "2"; VariantName = "[No Variations]"
Add component (AddParameter): Name = "Power"; Value = "0.125W"; VariantName = "[No Variations]"
Add component (AddParameter): Name = "PressFit"; Value = "No"; VariantName = "[No Variations]"
Add component (AddParameter): Name = "Sense"; Value = "No"; VariantName = "[No Variations]"
Add component (AddParameter): Name = "SMD"; Value = "Yes"; VariantName = "[No Variations]"
Add component (AddParameter): Name = "Socket"; Value = "No"; VariantName = "[No Variations]"
Add component (AddParameter): Name = "Status"; Value = "Preferred"; VariantName = "[No Variations]"
Add component (AddParameter): Name = "TC"; Value = "±100ppm/°C"; VariantName = "[No Variations]"
Add component (AddParameter): Name = "Tolerance"; Value = "±1%"; VariantName = "[No Variations]"
Add component (AddParameter): Name = "Value"; Value = "4k7"; VariantName = "[No Variations]"
Added Component: Designator=R2_C2(RESC2012X60N)
Add component. Clean all parameters for all variants
Add component (AddParameter): Name = "Author"; Value = "CERN DEM JLC"; VariantName = "[No Variations]"
Add component (AddParameter): Name = "Case"; Value = "0805"; VariantName = "[No Variations]"
Add component (AddParameter): Name = "Component Type"; Value = "Standard"; VariantName = "[No Variations]"
Add component (AddParameter): Name = "CreateDate"; Value = "2007-12-03"; VariantName = "[No Variations]"
Add component (AddParameter): Name = "HelpURL"; Value = "\\cern.ch\dfs\Applications\Altium\Datasheets\R0805_NIC_NRC.pdf"; VariantName = "[No Variations]"
Add component (AddParameter): Name = "LatestRevisionDate"; Value = "2008-03-13"; VariantName = "[No Variations]"
Add component (AddParameter): Name = "Manufacturer"; Value = "GENERIC"; VariantName = "[No Variations]"
Add component (AddParameter): Name = "Manufacturer1 ComponentHeight"; Value = "0.6mm"; VariantName = "[No Variations]"
Add component (AddParameter): Name = "Manufacturer1 Example"; Value = "NIC COMPONENT"; VariantName = "[No Variations]"
Add component (AddParameter): Name = "Manufacturer1 Part Number"; Value = "NRC10F4701TRF"; VariantName = "[No Variations]"
Add component (AddParameter): Name = "Manufacturer Part Number"; Value = "R0805_4K7_1%_0.125W_100PPM"; VariantName = "[No Variations]"
Add component (AddParameter): Name = "Mounted"; Value = "Yes"; VariantName = "[No Variations]"
Add component (AddParameter): Name = "Part Description"; Value = "General Purpose Thick Film Chip Resistor"; VariantName = "[No Variations]"
Add component (AddParameter): Name = "Part Number"; Value = "R0805_4K7_1%_0.125W_100PPM"; VariantName = "[No Variations]"
Add component (AddParameter): Name = "Pin Count"; Value = "2"; VariantName = "[No Variations]"
Add component (AddParameter): Name = "Power"; Value = "0.125W"; VariantName = "[No Variations]"
Add component (AddParameter): Name = "PressFit"; Value = "No"; VariantName = "[No Variations]"
Add component (AddParameter): Name = "Sense"; Value = "No"; VariantName = "[No Variations]"
Add component (AddParameter): Name = "SMD"; Value = "Yes"; VariantName = "[No Variations]"
Add component (AddParameter): Name = "Socket"; Value = "No"; VariantName = "[No Variations]"
Add component (AddParameter): Name = "Status"; Value = "Preferred"; VariantName = "[No Variations]"
Add component (AddParameter): Name = "TC"; Value = "±100ppm/°C"; VariantName = "[No Variations]"
Add component (AddParameter): Name = "Tolerance"; Value = "±1%"; VariantName = "[No Variations]"
Add component (AddParameter): Name = "Value"; Value = "4k7"; VariantName = "[No Variations]"
Added Component: Designator=T1_C1(SOT95P240X110-3N)
Add component. Clean all parameters for all variants
Add component (AddParameter): Name = "Author"; Value = "CERN DEM JLC"; VariantName = "[No Variations]"
Add component (AddParameter): Name = "Bonding"; Value = "No"; VariantName = "[No Variations]"
Add component (AddParameter): Name = "Case"; Value = "SOT23-3"; VariantName = "[No Variations]"
Add component (AddParameter): Name = "ComponentHeight"; Value = "1.11mm"; VariantName = "[No Variations]"
Add component (AddParameter): Name = "Component Type"; Value = "Standard"; VariantName = "[No Variations]"
Add component (AddParameter): Name = "CreateDate"; Value = "2009-03-23"; VariantName = "[No Variations]"
Add component (AddParameter): Name = "Device"; Value = "BSS138LT1G"; VariantName = "[No Variations]"
Add component (AddParameter): Name = "HelpURL"; Value = "\\cern.ch\dfs\Applications\Altium\Datasheets\BSS138LT1G.pdf"; VariantName = "[No Variations]"
Add component (AddParameter): Name = "LatestRevisionDate"; Value = "2009-03-23"; VariantName = "[No Variations]"
Add component (AddParameter): Name = "Manufacturer"; Value = "ON SEMICONDUCTOR"; VariantName = "[No Variations]"
Add component (AddParameter): Name = "Manufacturer Part Number"; Value = "BSS138LT1G"; VariantName = "[No Variations]"
Add component (AddParameter): Name = "Mounted"; Value = "Yes"; VariantName = "[No Variations]"
Add component (AddParameter): Name = "PackageDescription"; Value = "SOT23 3-Leads, Pitch 0.95mm - Body 1.4x3mm, IPC Medium Density"; VariantName = "[No Variations]"
Add component (AddParameter): Name = "Part Description"; Value = "50V 200mA N-Channel Enhancement Mode Field-Effect Transistor"; VariantName = "[No Variations]"
Add component (AddParameter): Name = "Part Number"; Value = "BSS138LT1G"; VariantName = "[No Variations]"
Add component (AddParameter): Name = "Pin Count"; Value = "3"; VariantName = "[No Variations]"
Add component (AddParameter): Name = "PressFit"; Value = "No"; VariantName = "[No Variations]"
Add component (AddParameter): Name = "Sense"; Value = "No"; VariantName = "[No Variations]"
Add component (AddParameter): Name = "SMD"; Value = "Yes"; VariantName = "[No Variations]"
Add component (AddParameter): Name = "Socket"; Value = "No"; VariantName = "[No Variations]"
Added Component: Designator=T1_C2(SOT95P240X110-3N)
Add component. Clean all parameters for all variants
Add component (AddParameter): Name = "Author"; Value = "CERN DEM JLC"; VariantName = "[No Variations]"
Add component (AddParameter): Name = "Bonding"; Value = "No"; VariantName = "[No Variations]"
Add component (AddParameter): Name = "Case"; Value = "SOT23-3"; VariantName = "[No Variations]"
Add component (AddParameter): Name = "ComponentHeight"; Value = "1.11mm"; VariantName = "[No Variations]"
Add component (AddParameter): Name = "Component Type"; Value = "Standard"; VariantName = "[No Variations]"
Add component (AddParameter): Name = "CreateDate"; Value = "2009-03-23"; VariantName = "[No Variations]"
Add component (AddParameter): Name = "Device"; Value = "BSS138LT1G"; VariantName = "[No Variations]"
Add component (AddParameter): Name = "HelpURL"; Value = "\\cern.ch\dfs\Applications\Altium\Datasheets\BSS138LT1G.pdf"; VariantName = "[No Variations]"
Add component (AddParameter): Name = "LatestRevisionDate"; Value = "2009-03-23"; VariantName = "[No Variations]"
Add component (AddParameter): Name = "Manufacturer"; Value = "ON SEMICONDUCTOR"; VariantName = "[No Variations]"
Add component (AddParameter): Name = "Manufacturer Part Number"; Value = "BSS138LT1G"; VariantName = "[No Variations]"
Add component (AddParameter): Name = "Mounted"; Value = "Yes"; VariantName = "[No Variations]"
Add component (AddParameter): Name = "PackageDescription"; Value = "SOT23 3-Leads, Pitch 0.95mm - Body 1.4x3mm, IPC Medium Density"; VariantName = "[No Variations]"
Add component (AddParameter): Name = "Part Description"; Value = "50V 200mA N-Channel Enhancement Mode Field-Effect Transistor"; VariantName = "[No Variations]"
Add component (AddParameter): Name = "Part Number"; Value = "BSS138LT1G"; VariantName = "[No Variations]"
Add component (AddParameter): Name = "Pin Count"; Value = "3"; VariantName = "[No Variations]"
Add component (AddParameter): Name = "PressFit"; Value = "No"; VariantName = "[No Variations]"
Add component (AddParameter): Name = "Sense"; Value = "No"; VariantName = "[No Variations]"
Add component (AddParameter): Name = "SMD"; Value = "Yes"; VariantName = "[No Variations]"
Add component (AddParameter): Name = "Socket"; Value = "No"; VariantName = "[No Variations]"
Added Pin To Net: NetName=+3V3 Pin=DL1_RFID1-A
Added Pin To Net: NetName=+3V3 Pin=DL1_RFID2-A
Added Pin To Net: NetName=+3V3 Pin=DL1_RFID3-A
Added Pin To Net: NetName=+3V3 Pin=DL1_RFID4-A
Added Pin To Net: NetName=+3V3 Pin=DL1_RFID5-A
Added Pin To Net: NetName=+3V3 Pin=DL1_RFID6-A
Added Pin To Net: NetName=+3V3 Pin=DL1_RFID7-A
Added Pin To Net: NetName=+3V3 Pin=DL1_RFID8-A
Added Pin To Net: NetName=RESET_RFID1 Pin=IC1_RFID1-1
Added Pin To Net: NetName=SCK_RFID1 Pin=IC1_RFID1-3
Added Pin To Net: NetName=RESET_RFID1 Pin=IC1_RFID1-4
Added Pin To Net: NetName=MISO_RFID1 Pin=IC1_RFID1-5
Added Pin To Net: NetName=GND Pin=IC1_RFID1-7
Added Pin To Net: NetName=MOSI_RFID1 Pin=IC1_RFID1-8
Added Pin To Net: NetName=RESET_RFID1 Pin=IC1_RFID1-10
Added Pin To Net: NetName=GND Pin=IC1_RFID1-12
Added Pin To Net: NetName=RESET_RFID1 Pin=IC1_RFID1-13
Added Pin To Net: NetName=+3V3 Pin=IC1_RFID1-14
Added Pin To Net: NetName=RESET_RFID2 Pin=IC1_RFID2-1
Added Pin To Net: NetName=SCK_RFID2 Pin=IC1_RFID2-3
Added Pin To Net: NetName=RESET_RFID2 Pin=IC1_RFID2-4
Added Pin To Net: NetName=MISO_RFID2 Pin=IC1_RFID2-5
Added Pin To Net: NetName=GND Pin=IC1_RFID2-7
Added Pin To Net: NetName=MOSI_RFID2 Pin=IC1_RFID2-8
Added Pin To Net: NetName=RESET_RFID2 Pin=IC1_RFID2-10
Added Pin To Net: NetName=GND Pin=IC1_RFID2-12
Added Pin To Net: NetName=RESET_RFID2 Pin=IC1_RFID2-13
Added Pin To Net: NetName=+3V3 Pin=IC1_RFID2-14
Added Pin To Net: NetName=RESET_RFID3 Pin=IC1_RFID3-1
Added Pin To Net: NetName=SCK_RFID3 Pin=IC1_RFID3-3
Added Pin To Net: NetName=RESET_RFID3 Pin=IC1_RFID3-4
Added Pin To Net: NetName=MISO_RFID3 Pin=IC1_RFID3-5
Added Pin To Net: NetName=GND Pin=IC1_RFID3-7
Added Pin To Net: NetName=MOSI_RFID3 Pin=IC1_RFID3-8
Added Pin To Net: NetName=RESET_RFID3 Pin=IC1_RFID3-10
Added Pin To Net: NetName=GND Pin=IC1_RFID3-12
Added Pin To Net: NetName=RESET_RFID3 Pin=IC1_RFID3-13
Added Pin To Net: NetName=+3V3 Pin=IC1_RFID3-14
Added Pin To Net: NetName=RESET_RFID4 Pin=IC1_RFID4-1
Added Pin To Net: NetName=SCK_RFID4 Pin=IC1_RFID4-3
Added Pin To Net: NetName=RESET_RFID4 Pin=IC1_RFID4-4
Added Pin To Net: NetName=MISO_RFID4 Pin=IC1_RFID4-5
Added Pin To Net: NetName=GND Pin=IC1_RFID4-7
Added Pin To Net: NetName=MOSI_RFID4 Pin=IC1_RFID4-8
Added Pin To Net: NetName=RESET_RFID4 Pin=IC1_RFID4-10
Added Pin To Net: NetName=GND Pin=IC1_RFID4-12
Added Pin To Net: NetName=RESET_RFID4 Pin=IC1_RFID4-13
Added Pin To Net: NetName=+3V3 Pin=IC1_RFID4-14
Added Pin To Net: NetName=RESET_RFID5 Pin=IC1_RFID5-1
Added Pin To Net: NetName=SCK_RFID5 Pin=IC1_RFID5-3
Added Pin To Net: NetName=RESET_RFID5 Pin=IC1_RFID5-4
Added Pin To Net: NetName=MISO_RFID5 Pin=IC1_RFID5-5
Added Pin To Net: NetName=GND Pin=IC1_RFID5-7
Added Pin To Net: NetName=MOSI_RFID5 Pin=IC1_RFID5-8
Added Pin To Net: NetName=RESET_RFID5 Pin=IC1_RFID5-10
Added Pin To Net: NetName=GND Pin=IC1_RFID5-12
Added Pin To Net: NetName=RESET_RFID5 Pin=IC1_RFID5-13
Added Pin To Net: NetName=+3V3 Pin=IC1_RFID5-14
Added Pin To Net: NetName=RESET_RFID6 Pin=IC1_RFID6-1
Added Pin To Net: NetName=SCK_RFID6 Pin=IC1_RFID6-3
Added Pin To Net: NetName=RESET_RFID6 Pin=IC1_RFID6-4
Added Pin To Net: NetName=MISO_RFID6 Pin=IC1_RFID6-5
Added Pin To Net: NetName=GND Pin=IC1_RFID6-7
Added Pin To Net: NetName=MOSI_RFID6 Pin=IC1_RFID6-8
Added Pin To Net: NetName=RESET_RFID6 Pin=IC1_RFID6-10
Added Pin To Net: NetName=GND Pin=IC1_RFID6-12
Added Pin To Net: NetName=RESET_RFID6 Pin=IC1_RFID6-13
Added Pin To Net: NetName=+3V3 Pin=IC1_RFID6-14
Added Pin To Net: NetName=RESET_RFID7 Pin=IC1_RFID7-1
Added Pin To Net: NetName=SCK_RFID7 Pin=IC1_RFID7-3
Added Pin To Net: NetName=RESET_RFID7 Pin=IC1_RFID7-4
Added Pin To Net: NetName=MISO_RFID7 Pin=IC1_RFID7-5
Added Pin To Net: NetName=GND Pin=IC1_RFID7-7
Added Pin To Net: NetName=MOSI_RFID7 Pin=IC1_RFID7-8
Added Pin To Net: NetName=RESET_RFID7 Pin=IC1_RFID7-10
Added Pin To Net: NetName=GND Pin=IC1_RFID7-12
Added Pin To Net: NetName=RESET_RFID7 Pin=IC1_RFID7-13
Added Pin To Net: NetName=+3V3 Pin=IC1_RFID7-14
Added Pin To Net: NetName=RESET_RFID8 Pin=IC1_RFID8-1
Added Pin To Net: NetName=SCK_RFID8 Pin=IC1_RFID8-3
Added Pin To Net: NetName=RESET_RFID8 Pin=IC1_RFID8-4
Added Pin To Net: NetName=MISO_RFID8 Pin=IC1_RFID8-5
Added Pin To Net: NetName=GND Pin=IC1_RFID8-7
Added Pin To Net: NetName=MOSI_RFID8 Pin=IC1_RFID8-8
Added Pin To Net: NetName=RESET_RFID8 Pin=IC1_RFID8-10
Added Pin To Net: NetName=GND Pin=IC1_RFID8-12
Added Pin To Net: NetName=RESET_RFID8 Pin=IC1_RFID8-13
Added Pin To Net: NetName=+3V3 Pin=IC1_RFID8-14
Added Pin To Net: NetName=GND Pin=OSC1-2
Added Pin To Net: NetName=+3V3 Pin=OSC1-4
Added Pin To Net: NetName=GND Pin=Q1_RFID1-1
Added Pin To Net: NetName=GND Pin=Q1_RFID1-2
Added Pin To Net: NetName=GND Pin=Q1_RFID2-1
Added Pin To Net: NetName=GND Pin=Q1_RFID2-2
Added Pin To Net: NetName=GND Pin=Q1_RFID3-1
Added Pin To Net: NetName=GND Pin=Q1_RFID3-2
Added Pin To Net: NetName=GND Pin=Q1_RFID4-1
Added Pin To Net: NetName=GND Pin=Q1_RFID4-2
Added Pin To Net: NetName=GND Pin=Q1_RFID5-1
Added Pin To Net: NetName=GND Pin=Q1_RFID5-2
Added Pin To Net: NetName=GND Pin=Q1_RFID6-1
Added Pin To Net: NetName=GND Pin=Q1_RFID6-2
Added Pin To Net: NetName=GND Pin=Q1_RFID7-1
Added Pin To Net: NetName=GND Pin=Q1_RFID7-2
Added Pin To Net: NetName=GND Pin=Q1_RFID8-1
Added Pin To Net: NetName=GND Pin=Q1_RFID8-2
Added Pin To Net: NetName=SS_BUS6 Pin=U1-1
Added Pin To Net: NetName=SS_BUS7 Pin=U1-2
Added Pin To Net: NetName=SS_BUS8 Pin=U1-3
Added Pin To Net: NetName=NetR1_RFID1_1 Pin=U1-16
Added Pin To Net: NetName=SS_BUS1 Pin=U1-40
Added Pin To Net: NetName=SS_BUS2 Pin=U1-41
Added Pin To Net: NetName=SS_BUS3 Pin=U1-42
Added Pin To Net: NetName=SS_BUS4 Pin=U1-43
Added Pin To Net: NetName=SS_BUS5 Pin=U1-44
Added Pin To Net: NetName=GND Pin=U1_RFID1-2
Added Pin To Net: NetName=GND Pin=U1_RFID1-3
Added Pin To Net: NetName=GND Pin=U1_RFID2-2
Added Pin To Net: NetName=GND Pin=U1_RFID2-3
Added Pin To Net: NetName=GND Pin=U1_RFID3-2
Added Pin To Net: NetName=GND Pin=U1_RFID3-3
Added Pin To Net: NetName=GND Pin=U1_RFID4-2
Added Pin To Net: NetName=GND Pin=U1_RFID4-3
Added Pin To Net: NetName=GND Pin=U1_RFID5-2
Added Pin To Net: NetName=GND Pin=U1_RFID5-3
Added Pin To Net: NetName=GND Pin=U1_RFID6-2
Added Pin To Net: NetName=GND Pin=U1_RFID6-3
Added Pin To Net: NetName=GND Pin=U1_RFID7-2
Added Pin To Net: NetName=GND Pin=U1_RFID7-3
Added Pin To Net: NetName=GND Pin=U1_RFID8-2
Added Pin To Net: NetName=GND Pin=U1_RFID8-3
Change Net Name : Old Net Name=+3V3 New Net Name=P3V3
Change Net Name : Old Net Name=+5V New Net Name=P5V0
Change Net Name : Old Net Name=NetU1_RFID1_10 New Net Name=SHD_RFID1
Change Net Name : Old Net Name=NetU1_RFID2_10 New Net Name=SHD_RFID2
Change Net Name : Old Net Name=NetU1_RFID3_10 New Net Name=SHD_RFID3
Change Net Name : Old Net Name=NetU1_RFID4_10 New Net Name=SHD_RFID4
Change Net Name : Old Net Name=NetU1_RFID5_10 New Net Name=SHD_RFID5
Change Net Name : Old Net Name=NetU1_RFID6_10 New Net Name=SHD_RFID6
Change Net Name : Old Net Name=NetU1_RFID7_10 New Net Name=SHD_RFID7
Change Net Name : Old Net Name=NetU1_RFID8_10 New Net Name=SHD_RFID8
Added Pin To Net: NetName=+3V3 Pin=R1_C1-2
Added Pin To Net: NetName=+3V3 Pin=R1_C2-2
Added Pin To Net: NetName=+3V3 Pin=T1_C1-1
Added Pin To Net: NetName=+3V3 Pin=T1_C2-1
Added Net: Name=+3V3
Added Pin To Net: NetName=+5V Pin=R2_C1-2
Added Pin To Net: NetName=+5V Pin=R2_C2-2
Added Net: Name=+5V
Added Pin To Net: NetName=NetIC1_RFID1_2 Pin=IC1_RFID1-2
Added Pin To Net: NetName=NetIC1_RFID1_2 Pin=IC1_RFID2-2
Added Pin To Net: NetName=NetIC1_RFID1_2 Pin=IC1_RFID3-2
Added Pin To Net: NetName=NetIC1_RFID1_2 Pin=IC1_RFID4-2
Added Pin To Net: NetName=NetIC1_RFID1_2 Pin=IC1_RFID5-2
Added Pin To Net: NetName=NetIC1_RFID1_2 Pin=IC1_RFID6-2
Added Pin To Net: NetName=NetIC1_RFID1_2 Pin=IC1_RFID7-2
Added Pin To Net: NetName=NetIC1_RFID1_2 Pin=IC1_RFID8-2
Added Pin To Net: NetName=NetIC1_RFID1_2 Pin=U1-17
Added Net: Name=NetIC1_RFID1_2
Added Pin To Net: NetName=NetIC1_RFID1_6 Pin=IC1_RFID1-6
Added Pin To Net: NetName=NetIC1_RFID1_6 Pin=R1_RFID1-2
Added Net: Name=NetIC1_RFID1_6
Added Pin To Net: NetName=NetIC1_RFID1_9 Pin=IC1_RFID1-9
Added Pin To Net: NetName=NetIC1_RFID1_9 Pin=IC1_RFID2-9
Added Pin To Net: NetName=NetIC1_RFID1_9 Pin=IC1_RFID3-9
Added Pin To Net: NetName=NetIC1_RFID1_9 Pin=IC1_RFID4-9
Added Pin To Net: NetName=NetIC1_RFID1_9 Pin=IC1_RFID5-9
Added Pin To Net: NetName=NetIC1_RFID1_9 Pin=IC1_RFID6-9
Added Pin To Net: NetName=NetIC1_RFID1_9 Pin=IC1_RFID7-9
Added Pin To Net: NetName=NetIC1_RFID1_9 Pin=IC1_RFID8-9
Added Pin To Net: NetName=NetIC1_RFID1_9 Pin=U1-15
Added Net: Name=NetIC1_RFID1_9
Added Pin To Net: NetName=NetIC1_RFID2_6 Pin=IC1_RFID2-6
Added Pin To Net: NetName=NetIC1_RFID2_6 Pin=R1_RFID2-2
Added Net: Name=NetIC1_RFID2_6
Added Pin To Net: NetName=NetIC1_RFID3_6 Pin=IC1_RFID3-6
Added Pin To Net: NetName=NetIC1_RFID3_6 Pin=R1_RFID3-2
Added Net: Name=NetIC1_RFID3_6
Added Pin To Net: NetName=NetIC1_RFID4_6 Pin=IC1_RFID4-6
Added Pin To Net: NetName=NetIC1_RFID4_6 Pin=R1_RFID4-2
Added Net: Name=NetIC1_RFID4_6
Added Pin To Net: NetName=NetIC1_RFID5_6 Pin=IC1_RFID5-6
Added Pin To Net: NetName=NetIC1_RFID5_6 Pin=R1_RFID5-2
Added Net: Name=NetIC1_RFID5_6
Added Pin To Net: NetName=NetIC1_RFID6_6 Pin=IC1_RFID6-6
Added Pin To Net: NetName=NetIC1_RFID6_6 Pin=R1_RFID6-2
Added Net: Name=NetIC1_RFID6_6
Added Pin To Net: NetName=NetIC1_RFID7_6 Pin=IC1_RFID7-6
Added Pin To Net: NetName=NetIC1_RFID7_6 Pin=R1_RFID7-2
Added Net: Name=NetIC1_RFID7_6
Added Pin To Net: NetName=NetIC1_RFID8_6 Pin=IC1_RFID8-6
Added Pin To Net: NetName=NetIC1_RFID8_6 Pin=R1_RFID8-2
Added Net: Name=NetIC1_RFID8_6
Added Pin To Net: NetName=NetJ1_2 Pin=J1-2
Added Pin To Net: NetName=NetJ1_2 Pin=R2_C2-1
Added Pin To Net: NetName=NetJ1_2 Pin=T1_C2-3
Added Net: Name=NetJ1_2
Added Pin To Net: NetName=NetJ1_3 Pin=J1-3
Added Pin To Net: NetName=NetJ1_3 Pin=R2_C1-1
Added Pin To Net: NetName=NetJ1_3 Pin=T1_C1-3
Added Net: Name=NetJ1_3
Added Pin To Net: NetName=NetOSC1_1 Pin=OSC1-1
Added Pin To Net: NetName=NetOSC1_1 Pin=U1-37
Added Net: Name=NetOSC1_1
Added Pin To Net: NetName=NetOSC1_3 Pin=OSC1-3
Added Pin To Net: NetName=NetOSC1_3 Pin=U1-36
Added Net: Name=NetOSC1_3
Added Pin To Net: NetName=NetR1_C1_1 Pin=R1_C1-1
Added Pin To Net: NetName=NetR1_C1_1 Pin=T1_C1-2
Added Pin To Net: NetName=NetR1_C1_1 Pin=U1-27
Added Net: Name=NetR1_C1_1
Added Pin To Net: NetName=NetR1_C2_1 Pin=R1_C2-1
Added Pin To Net: NetName=NetR1_C2_1 Pin=T1_C2-2
Added Pin To Net: NetName=NetR1_C2_1 Pin=U1-26
Added Net: Name=NetR1_C2_1
Added Pin To Net: NetName=NetR6_RFID1_2 Pin=R6_RFID1-2
Added Pin To Net: NetName=NetR6_RFID1_2 Pin=U1_RFID1-12
Added Net: Name=NetR6_RFID1_2
Added Pin To Net: NetName=NetR6_RFID2_2 Pin=R6_RFID2-2
Added Pin To Net: NetName=NetR6_RFID2_2 Pin=U1_RFID2-12
Added Net: Name=NetR6_RFID2_2
Added Pin To Net: NetName=NetR6_RFID3_2 Pin=R6_RFID3-2
Added Pin To Net: NetName=NetR6_RFID3_2 Pin=U1_RFID3-12
Added Net: Name=NetR6_RFID3_2
Added Pin To Net: NetName=NetR6_RFID4_2 Pin=R6_RFID4-2
Added Pin To Net: NetName=NetR6_RFID4_2 Pin=U1_RFID4-12
Added Net: Name=NetR6_RFID4_2
Added Pin To Net: NetName=NetR6_RFID5_2 Pin=R6_RFID5-2
Added Pin To Net: NetName=NetR6_RFID5_2 Pin=U1_RFID5-12
Added Net: Name=NetR6_RFID5_2
Added Pin To Net: NetName=NetR6_RFID6_2 Pin=R6_RFID6-2
Added Pin To Net: NetName=NetR6_RFID6_2 Pin=U1_RFID6-12
Added Net: Name=NetR6_RFID6_2
Added Pin To Net: NetName=NetR6_RFID7_2 Pin=R6_RFID7-2
Added Pin To Net: NetName=NetR6_RFID7_2 Pin=U1_RFID7-12
Added Net: Name=NetR6_RFID7_2
Added Pin To Net: NetName=NetR6_RFID8_2 Pin=R6_RFID8-2
Added Pin To Net: NetName=NetR6_RFID8_2 Pin=U1_RFID8-12
Added Net: Name=NetR6_RFID8_2
Added Class: Name=C1
Added Class: Name=C2
Added Class: Name=Converter
Added Member To Class: ClassName=RFID1 Member=Component IC1_RFID1 (IC1) 74LVC126A
Added Member To Class: ClassName=RFID2 Member=Component IC1_RFID2 (IC1) 74LVC126A
Added Member To Class: ClassName=RFID3 Member=Component IC1_RFID3 (IC1) 74LVC126A
Added Member To Class: ClassName=RFID4 Member=Component IC1_RFID4 (IC1) 74LVC126A
Added Member To Class: ClassName=RFID5 Member=Component IC1_RFID5 (IC1) 74LVC126A
Added Member To Class: ClassName=RFID6 Member=Component IC1_RFID6 (IC1) 74LVC126A
Added Member To Class: ClassName=RFID7 Member=Component IC1_RFID7 (IC1) 74LVC126A
Added Member To Class: ClassName=RFID8 Member=Component IC1_RFID8 (IC1) 74LVC126A
Added Member To Class: ClassName=Sheet2 Member=Component OSC1 32MHz
Added Member To Class: ClassName=RFID1 Member=Component Q1_RFID1 (Q1) 8MHz
Added Member To Class: ClassName=RFID2 Member=Component Q1_RFID2 (Q1) 8MHz
Added Member To Class: ClassName=RFID3 Member=Component Q1_RFID3 (Q1) 8MHz
Added Member To Class: ClassName=RFID4 Member=Component Q1_RFID4 (Q1) 8MHz
Added Member To Class: ClassName=RFID5 Member=Component Q1_RFID5 (Q1) 8MHz
Added Member To Class: ClassName=RFID6 Member=Component Q1_RFID6 (Q1) 8MHz
Added Member To Class: ClassName=RFID7 Member=Component Q1_RFID7 (Q1) 8MHz
Added Member To Class: ClassName=RFID8 Member=Component Q1_RFID8 (Q1) 8MHz
Added Room: Name=C1
Added Room: Name=C2
