Removed Pin From Net: NetName=ANT2_S1 Pin=C5_S1-2
Removed Pin From Net: NetName=ANT2_S1 Pin=C5_S2-2
Removed Pin From Net: NetName=ANT2_S1 Pin=C5_S3-2
Removed Pin From Net: NetName=ANT2_S1 Pin=C5_S4-2
Removed Pin From Net: NetName=ANT2_S1 Pin=C5_S5-2
Removed Pin From Net: NetName=ANT2_S1 Pin=C5_S6-2
Removed Pin From Net: NetName=ANT2_S1 Pin=C5_S7-2
Removed Pin From Net: NetName=ANT2_S1 Pin=C5_S8-2
Removed Pin From Net: NetName=ANT2_S1 Pin=U2_S1-6
Removed Pin From Net: NetName=ANT2_S1 Pin=U2_S2-6
Removed Pin From Net: NetName=ANT2_S1 Pin=U2_S3-6
Removed Pin From Net: NetName=ANT2_S1 Pin=U2_S4-6
Removed Pin From Net: NetName=ANT2_S1 Pin=U2_S5-6
Removed Pin From Net: NetName=ANT2_S1 Pin=U2_S6-6
Removed Pin From Net: NetName=ANT2_S1 Pin=U2_S7-6
Removed Pin From Net: NetName=ANT2_S1 Pin=U2_S8-6
Change Net Name : Old Net Name=ANT2_S1 New Net Name=DVSS_S1
Added Pin To Net: NetName=ANT2_S1 Pin=C5_S1-2
Added Pin To Net: NetName=ANT2_S1 Pin=U2_S1-6
Added Net: Name=ANT2_S1
Added Pin To Net: NetName=ANT2_S2 Pin=C5_S2-2
Added Pin To Net: NetName=ANT2_S2 Pin=U2_S2-6
Added Net: Name=ANT2_S2
Added Pin To Net: NetName=ANT2_S3 Pin=C5_S3-2
Added Pin To Net: NetName=ANT2_S3 Pin=U2_S3-6
Added Net: Name=ANT2_S3
Added Pin To Net: NetName=ANT2_S4 Pin=C5_S4-2
Added Pin To Net: NetName=ANT2_S4 Pin=U2_S4-6
Added Net: Name=ANT2_S4
Added Pin To Net: NetName=ANT2_S5 Pin=C5_S5-2
Added Pin To Net: NetName=ANT2_S5 Pin=U2_S5-6
Added Net: Name=ANT2_S5
Added Pin To Net: NetName=ANT2_S6 Pin=C5_S6-2
Added Pin To Net: NetName=ANT2_S6 Pin=U2_S6-6
Added Net: Name=ANT2_S6
Added Pin To Net: NetName=ANT2_S7 Pin=C5_S7-2
Added Pin To Net: NetName=ANT2_S7 Pin=U2_S7-6
Added Net: Name=ANT2_S7
Added Pin To Net: NetName=ANT2_S8 Pin=C5_S8-2
Added Pin To Net: NetName=ANT2_S8 Pin=U2_S8-6
Added Net: Name=ANT2_S8
